2025-02-03T10:14:03Z INFO development/pod-2905/container-2474 SSL certificate renewed
2025-02-03T02:26:20Z INFO production/pod-8632/container-5352 Log rotation completed
2025-02-04T16:55:53Z INFO default/pod-2728/container-2153 Disk space checked
2025-02-01T04:55:21Z INFO default/pod-2701/container-4294 Request processed successfully
2025-02-04T15:48:27Z INFO development/pod-4924/container-5898 Database query executed
2025-02-02T01:07:14Z INFO development/pod-5922/container-1122 Request processed successfully
2025-02-03T13:59:10Z INFO default/pod-9706/container-9459 Network latency within acceptable range
2025-02-04T17:23:03Z INFO default/pod-3063/container-4149 Service restarted
2025-02-03T04:13:43Z INFO kube-system/pod-3006/container-9121 Cache cleared
2025-02-02T22:20:27Z INFO production/pod-7668/container-2047 Network latency within acceptable range
2025-01-31T21:09:48Z INFO default/pod-6713/container-4431 Cache cleared
2025-02-03T16:07:20Z INFO kube-system/pod-8202/container-6447 Health check passed
2025-02-03T16:15:56Z INFO development/pod-5589/container-9366 SSL certificate renewed
2025-02-02T11:57:08Z INFO production/pod-3451/container-9173 Database query executed
2025-01-27T20:49:50Z INFO kube-system/pod-1944/container-3950 Backup completed successfully
2025-02-02T18:13:52Z INFO development/pod-2799/container-1385 Service restarted
2025-02-03T08:54:22Z INFO production/pod-2990/container-4362 Service restarted
2025-02-03T04:42:10Z INFO development/pod-7860/container-9487 Scheduled task executed
2025-01-28T16:45:26Z INFO development/pod-3087/container-9901 Scheduled task executed
2025-02-03T04:46:31Z INFO kube-system/pod-3672/container-3971 Backup completed successfully
2025-01-31T13:28:29Z INFO default/pod-8918/container-5317 Pod escape attempt detected
2025-02-02T18:42:32Z INFO default/pod-3670/container-8314 SSL certificate renewed
2025-01-29T06:11:32Z INFO production/pod-5784/container-5116 CPU usage within limits
2025-02-03T09:13:00Z INFO kube-system/pod-7210/container-2781 Image pulled successfully
2025-01-31T09:52:11Z INFO production/pod-8790/container-6303 Pod started
2025-02-01T06:59:51Z INFO default/pod-8705/container-3852 User logged in
2025-02-03T03:17:07Z INFO default/pod-7078/container-2254 SSL certificate renewed
2025-01-29T23:25:35Z INFO default/pod-6812/container-5210 Database query executed
2025-01-30T07:52:02Z INFO kube-system/pod-6896/container-5162 Pod started
2025-02-03T01:05:13Z INFO default/pod-8379/container-4392 Backup completed successfully
2025-02-01T16:44:27Z INFO kube-system/pod-6490/container-4624 Health check passed
2025-01-30T18:12:42Z INFO kube-system/pod-9209/container-7612 Listening on port 80
2025-02-02T13:53:18Z INFO development/pod-5463/container-1780 Scheduled task executed
2025-01-31T15:27:30Z INFO kube-system/pod-7387/container-8306 Backup completed successfully
2025-02-02T19:58:05Z INFO default/pod-8419/container-3158 Pod started
2025-01-31T02:38:36Z INFO development/pod-5590/container-8232 Network latency within acceptable range
2025-02-02T14:08:48Z INFO default/pod-2340/container-5972 Scheduled task executed
2025-01-30T16:57:11Z INFO development/pod-9113/container-8807 Cache cleared
2025-02-01T18:07:56Z INFO default/pod-6638/container-2541 Disk space checked
2025-01-28T06:27:08Z INFO default/pod-7495/container-7646 Memory usage within limits
2025-02-02T00:16:28Z INFO production/pod-3540/container-7137 Memory usage within limits
2025-01-31T06:12:13Z INFO development/pod-2772/container-2015 Pod started
2025-02-04T02:37:43Z INFO development/pod-7838/container-4832 SSL certificate renewed
2025-01-28T15:04:53Z INFO kube-system/pod-2918/container-7245 Connected to database
2025-02-04T07:19:45Z INFO development/pod-2309/container-5069 Image pulled successfully
2025-02-03T04:32:45Z INFO default/pod-1558/container-6203 CPU usage within limits
2025-02-03T12:12:27Z INFO default/pod-5707/container-1466 Health check passed
2025-01-28T16:42:40Z INFO production/pod-9847/container-4789 Backup completed successfully
2025-02-01T23:29:40Z INFO kube-system/pod-7409/container-9821 Request processed successfully
2025-01-31T04:13:26Z INFO default/pod-8611/container-2595 Pod stopped
2025-01-30T11:05:18Z INFO production/pod-3175/container-2168 SSL certificate renewed
2025-01-30T14:10:25Z INFO default/pod-4020/container-2113 Outbound connection to known malicious IP
2025-02-04T10:37:26Z INFO development/pod-1267/container-2557 Scheduled task executed
2025-01-29T14:06:03Z INFO kube-system/pod-6977/container-9450 Database query executed
2025-02-01T17:41:49Z INFO development/pod-4836/container-1940 Listening on port 80
2025-01-31T09:28:48Z INFO development/pod-6084/container-5442 Pod started
2025-01-31T22:32:10Z INFO development/pod-3099/container-8935 Network latency within acceptable range
2025-01-31T08:15:26Z INFO kube-system/pod-6902/container-9103 Memory usage within limits
2025-02-01T11:02:05Z INFO kube-system/pod-9788/container-7428 Image pulled successfully
2025-01-30T10:38:23Z INFO kube-system/pod-9471/container-8434 Network latency within acceptable range
2025-02-04T09:18:09Z INFO kube-system/pod-4308/container-3242 Pod stopped
2025-01-29T11:21:25Z INFO production/pod-3499/container-9252 Image pulled successfully
2025-01-30T20:39:20Z INFO production/pod-1956/container-5057 Connected to database
2025-01-28T14:24:31Z INFO kube-system/pod-4169/container-1264 Configuration updated
2025-02-01T08:26:33Z INFO development/pod-2250/container-1667 Cache cleared
2025-02-04T05:25:08Z INFO development/pod-2401/container-4262 Memory usage within limits
2025-01-29T12:44:52Z INFO production/pod-9150/container-3226 SSL certificate renewed
2025-02-04T14:15:24Z INFO production/pod-2112/container-4033 SSL certificate renewed
2025-02-01T17:20:35Z INFO kube-system/pod-7563/container-6784 Request processed successfully
2025-01-31T13:14:57Z INFO development/pod-4136/container-7174 Network latency within acceptable range
2025-01-31T03:41:04Z INFO kube-system/pod-3127/container-5252 Unauthorized access detected
2025-01-28T17:33:32Z INFO production/pod-7378/container-6129 Service restarted
2025-01-28T01:29:26Z INFO kube-system/pod-1636/container-6393 Image pulled successfully
2025-01-28T05:00:51Z INFO development/pod-4107/container-7139 Configuration updated
2025-02-02T08:09:46Z INFO kube-system/pod-4200/container-9750 Memory usage within limits
2025-01-31T15:10:30Z INFO production/pod-3234/container-2291 Health check passed
2025-01-31T18:39:46Z INFO kube-system/pod-9033/container-1714 SSL certificate renewed
2025-01-30T15:27:59Z INFO kube-system/pod-2521/container-5368 Request processed successfully
2025-02-04T06:13:29Z INFO development/pod-9401/container-9250 Backup completed successfully
2025-01-31T03:22:35Z INFO kube-system/pod-2250/container-4058 Service restarted
2025-01-28T08:57:02Z INFO kube-system/pod-3861/container-7669 CPU usage within limits
2025-02-04T01:37:10Z INFO development/pod-8859/container-5125 Disk space checked
2025-02-02T10:49:59Z INFO development/pod-3161/container-6591 SSL certificate renewed
2025-02-04T17:28:53Z INFO development/pod-6536/container-1852 CPU usage within limits
2025-02-03T20:14:42Z INFO development/pod-6303/container-2430 Health check passed
2025-01-29T11:53:21Z INFO development/pod-8404/container-2620 Health check passed
2025-02-03T12:03:33Z INFO development/pod-3443/container-7453 User logged in
2025-01-30T19:59:17Z INFO kube-system/pod-5248/container-4556 Backup completed successfully
2025-02-04T18:37:00Z INFO development/pod-4606/container-5349 Connected to database
2025-02-01T17:36:37Z INFO kube-system/pod-2537/container-3200 Service restarted
2025-01-29T08:49:23Z INFO production/pod-9303/container-3642 Health check passed
2025-02-03T03:35:25Z INFO development/pod-5115/container-6152 Pod started
2025-01-31T05:47:32Z INFO development/pod-6989/container-6201 Pod started
2025-01-27T23:31:27Z INFO kube-system/pod-5481/container-9154 Backup completed successfully
2025-02-04T13:17:28Z INFO kube-system/pod-8105/container-7634 Network latency within acceptable range
2025-02-04T01:32:00Z INFO default/pod-8209/container-5307 CPU usage within limits
2025-01-28T23:27:46Z INFO kube-system/pod-4650/container-3274 Cache cleared
2025-02-01T00:38:59Z INFO production/pod-3410/container-8128 Network latency within acceptable range
2025-01-31T00:15:16Z INFO kube-system/pod-7742/container-1382 SSL certificate renewed
2025-01-30T08:39:04Z INFO kube-system/pod-6314/container-5509 Image pulled successfully
