Jun 18 15:19:27 myhostname systemd: Started Daily apt download activities.
Nov 25 23:33:52 myhostname kernel: usb 1-1: Manufacturer: Example Manufacturer
Jan 31 10:27:22 myhostname sshd: Accepted password for user from 192.168.1.100 port 22 ssh2
Jul 18 04:48:06 myhostname sshd: Accepted password for user from 192.168.1.100 port 22 ssh2
Jan  8 01:10:55 myhostname kernel: usb 1-1: New USB device strings: Mfr=1, Product=2, SerialNumber=479846
May 14 01:17:17 myhostname systemd: Starting Daily apt download activities...
Apr 22 06:01:00 myhostname CRON: (root) CMD (   cd / && run-parts --report /etc/cron.hourly)
Nov 30 18:13:40 myhostname kernel: usb 1-1: New high-speed USB device number 5 using xhci_hcd
May 19 02:19:16 myhostname CRON: (root) CMD (   cd / && run-parts --report /etc/cron.hourly)
Sep 26 16:15:53 myhostname systemd-logind: New session 1 of user user.
Nov 11 19:28:43 myhostname systemd-logind: New session 1 of user user.
Apr 13 01:20:57 myhostname CRON: (root) CMD (   cd / && run-parts --report /etc/cron.hourly)
Mar  7 20:42:31 myhostname systemd: Starting Cleanup of Temporary Directories...
Jan 18 05:35:01 myhostname kernel: usb 1-1: New USB device found, idVendor=1234, idProduct=5678, bcdDevice=1.00
Dec 21 01:32:58 myhostname kernel: usb 1-1: New high-speed USB device number 14 using xhci_hcd
May 25 01:36:42 myhostname sshd: pam_unix(sshd:session): session opened for user user by (uid=0)
Jan 19 09:06:02 myhostname kernel: EXT4-fs (sda1): mounted filesystem with ordered data mode. Opts: (null)
Mar 23 15:32:43 myhostname systemd: Starting Cleanup of Temporary Directories...
Sep  1 18:05:42 myhostname CRON: (root) CMD (   cd / && run-parts --report /etc/cron.hourly)
Jul 16 05:34:56 myhostname CRON: (root) CMD (   cd / && run-parts --report /etc/cron.hourly)
Jun 24 12:03:11 myhostname systemd: Starting Cleanup of Temporary Directories...
Nov 25 12:18:12 myhostname CRON: (root) CMD (   cd / && run-parts --report /etc/cron.hourly)
May 28 22:43:24 myhostname kernel: usb 1-1: New USB device strings: Mfr=2, Product=1, SerialNumber=983758
Jul 10 12:13:14 myhostname sshd: Accepted password for user from 192.168.1.100 port 22 ssh2
Aug 22 23:24:58 myhostname systemd-logind: New session 1 of user user.
Sep  8 00:33:27 myhostname systemd-logind: New session 1 of user user.
Mar 21 02:44:54 myhostname CRON: (root) CMD (   cd / && run-parts --report /etc/cron.hourly)
Jun 23 09:28:18 myhostname sshd: Accepted password for user from 192.168.1.100 port 22 ssh2
Mar  8 20:22:00 myhostname kernel: eth0: Link is Up - 1Gbps/Full - flow control rx/tx
Oct  4 14:45:27 myhostname systemd-logind: New session 1 of user user.
Nov 18 02:03:06 myhostname CRON: (root) CMD (   cd / && run-parts --report /etc/cron.hourly)
Jan 14 19:37:11 myhostname systemd: Starting Daily apt download activities...
Jun 21 20:44:15 myhostname systemd-logind: New session 1 of user user.
Mar 19 20:49:12 myhostname systemd: Started Cleanup of Temporary Directories.
May  5 14:36:54 myhostname systemd: Started Daily apt download activities.
Feb 23 23:56:04 myhostname systemd: Starting Cleanup of Temporary Directories...
Apr 24 09:21:46 myhostname systemd: Starting Cleanup of Temporary Directories...
Dec  8 03:55:02 myhostname systemd: Started Cleanup of Temporary Directories.
May  6 09:51:52 myhostname sshd: Accepted password for user from 192.168.1.100 port 22 ssh2
Feb 14 05:30:29 myhostname systemd: Starting Daily apt download activities...
Nov 14 06:06:22 myhostname sshd: Accepted password for user from 192.168.1.100 port 22 ssh2
Nov 27 14:39:34 myhostname kernel: usb 1-1: Product: Example USB Device
Apr  9 05:59:24 myhostname systemd: Started Daily apt download activities.
Jan 26 17:10:19 myhostname systemd-logind: New session 1 of user user.
Jun 31 17:18:10 myhostname systemd: Starting Daily apt download activities...
Apr 11 22:52:44 myhostname CRON: (root) CMD (   cd / && run-parts --report /etc/cron.hourly)
Aug  7 06:13:40 myhostname CRON: (root) CMD (   cd / && run-parts --report /etc/cron.hourly)
Jun  6 08:22:51 myhostname CRON: (root) CMD (   cd / && run-parts --report /etc/cron.hourly)
Feb 23 18:55:35 myhostname systemd: Started Cleanup of Temporary Directories.
Feb 19 23:52:32 myhostname systemd: Starting Cleanup of Temporary Directories...
Oct 20 09:29:30 myhostname systemd: Starting Cleanup of Temporary Directories...
Oct 30 12:06:04 myhostname sshd: Accepted password for user from 192.168.1.100 port 22 ssh2
Jan  4 22:23:02 myhostname CRON: (root) CMD (   cd / && run-parts --report /etc/cron.hourly)
Jul 29 12:01:19 myhostname sshd: Accepted password for user from 192.168.1.100 port 22 ssh2
Nov 11 12:00:05 myhostname systemd-logind: New session 1 of user user.
Oct 23 15:35:12 myhostname CRON: (root) CMD (   cd / && run-parts --report /etc/cron.hourly)
Apr 19 11:50:55 myhostname systemd-logind: New session 1 of user user.
Jan 23 10:04:30 myhostname sshd: pam_unix(sshd:session): session opened for user user by (uid=0)
Jun  4 01:51:49 myhostname kernel: eth0: Link is Up - 1Gbps/Full - flow control rx/tx
Jan 23 09:27:29 myhostname systemd: Starting Cleanup of Temporary Directories...
Sep 13 10:01:23 myhostname kernel: usb 1-1: New USB device found, idVendor=1234, idProduct=5678, bcdDevice=1.00
Mar 15 21:04:07 myhostname systemd-logind: New session 1 of user user.
Oct  7 16:40:50 myhostname kernel: eth0: Link is Up - 1Gbps/Full - flow control rx/tx
Mar 23 14:54:20 myhostname systemd-logind: New session 1 of user user.
Nov 13 08:31:58 myhostname sshd: Accepted password for user from 192.168.1.100 port 22 ssh2
Jun 28 20:05:42 myhostname CRON: (root) CMD (   cd / && run-parts --report /etc/cron.hourly)
May 21 07:38:00 myhostname systemd: Started Cleanup of Temporary Directories.
Nov 28 13:44:33 myhostname systemd: Started Daily apt download activities.
Mar  8 04:38:59 myhostname CRON: (root) CMD (   cd / && run-parts --report /etc/cron.hourly)
Jul  2 19:32:08 myhostname CRON: (root) CMD (   cd / && run-parts --report /etc/cron.hourly)
Sep 27 22:08:47 myhostname systemd-logind: New session 1 of user user.
Nov 14 18:34:49 myhostname kernel: usb 1-1: New USB device strings: Mfr=3, Product=3, SerialNumber=603398
Dec  1 20:45:17 myhostname systemd: Starting Daily apt download activities...
Apr 11 21:58:31 myhostname systemd-logind: New session 1 of user user.
Apr 26 13:14:11 myhostname systemd-logind: New session 1 of user user.
Nov 23 11:05:30 myhostname systemd: Started Cleanup of Temporary Directories.
Jul 23 12:22:00 myhostname systemd: Started Cleanup of Temporary Directories.
Oct 31 11:58:21 myhostname kernel: usb 1-1: New USB device strings: Mfr=3, Product=2, SerialNumber=884320
Jan  5 01:36:45 myhostname kernel: usb 1-1: New high-speed USB device number 15 using xhci_hcd
Sep  2 12:52:10 myhostname systemd-logind: New session 1 of user user.
Aug 16 01:43:32 myhostname sshd: pam_unix(sshd:session): session opened for user user by (uid=0)
May 13 23:13:17 myhostname systemd-logind: New session 1 of user user.
Oct 14 10:02:17 myhostname kernel: eth0: Link is Up - 1Gbps/Full - flow control rx/tx
Dec  9 08:14:44 myhostname kernel: usb 1-1: New USB device strings: Mfr=1, Product=5, SerialNumber=888072
Oct  8 20:55:41 myhostname CRON: (root) CMD (   cd / && run-parts --report /etc/cron.hourly)
Oct  5 05:37:37 myhostname kernel: usb 1-1: New high-speed USB device number 19 using xhci_hcd
Oct 10 04:48:56 myhostname CRON: (root) CMD (   cd / && run-parts --report /etc/cron.hourly)
Apr 30 11:16:36 myhostname systemd: Started Daily apt download activities.
Feb 14 12:13:28 myhostname CRON: (root) CMD (   cd / && run-parts --report /etc/cron.hourly)
Sep  3 01:25:03 myhostname sshd: pam_unix(sshd:session): session opened for user user by (uid=0)
Dec 25 17:03:59 myhostname kernel: usb 1-1: Product: Example USB Device
Aug  7 08:19:36 myhostname systemd-logind: New session 1 of user user.
Dec 15 22:34:09 myhostname CRON: (root) CMD (   cd / && run-parts --report /etc/cron.hourly)
Feb  4 08:42:53 myhostname kernel: usb 1-1: Product: Example USB Device
Aug 14 12:00:09 myhostname kernel: usb 1-1: New USB device found, idVendor=1234, idProduct=5678, bcdDevice=1.00
Oct 24 07:54:14 myhostname kernel: usb 1-1: New high-speed USB device number 9 using xhci_hcd
Dec 31 09:39:13 myhostname CRON: (root) CMD (   cd / && run-parts --report /etc/cron.hourly)
May 24 16:57:14 myhostname systemd: Started Daily apt download activities.
Mar 10 10:53:13 myhostname sshd: Accepted password for user from 192.168.1.100 port 22 ssh2
Feb 12 16:35:21 myhostname kernel: eth0: Link is Up - 1Gbps/Full - flow control rx/tx
