2025-01-24T00:29:03Z INFO [c2288] CPU usage within limits
2025-01-31T06:40:33Z INFO [c9076] Scheduled task executed
2025-01-31T05:27:28Z INFO [c4008] Health check passed
2025-01-27T02:15:38Z INFO [c3940] Image pulled successfully
2025-01-31T15:32:11Z INFO [c4606] Scheduled task executed
2025-01-28T22:15:58Z INFO [c4757] Log rotation completed
2025-01-31T05:25:30Z INFO [c8380] Service restarted
2025-01-31T05:39:45Z WARNING [c8030] Unauthorized access detected
2025-01-26T21:30:08Z INFO [c3410] Cache cleared
2025-01-27T01:22:42Z INFO [c2403] Configuration updated
2025-01-29T22:06:40Z INFO [c4930] SSL certificate renewed
2025-01-31T09:46:43Z INFO [c8032] Listening on port 80
2025-01-30T13:42:35Z INFO [c6219] Configuration updated
2025-01-25T10:13:29Z INFO [c4484] Health check passed
2025-01-26T06:12:24Z INFO [c4610] Network latency within acceptable range
2025-01-28T19:06:01Z INFO [c5834] Memory usage within limits
2025-01-29T14:49:51Z INFO [c9291] Database query executed
2025-01-30T07:18:01Z INFO [c3936] Failed login attempt from 192.168.1.1
2025-01-31T06:34:44Z INFO [c9143] Listening on port 80
2025-01-24T06:32:40Z INFO [c8260] Image pulled successfully
2025-01-28T02:39:03Z INFO [c2612] Database query executed
2025-01-30T23:59:09Z INFO [c2336] Configuration updated
2025-01-24T13:42:07Z INFO [c4314] SSL certificate renewed
2025-01-25T23:49:30Z INFO [c6041] Health check passed
2025-01-27T03:10:16Z INFO [c3203] Cache cleared
2025-01-31T13:21:48Z INFO [c1333] Request processed successfully
2025-01-26T09:49:08Z INFO [c2307] SSL certificate renewed
2025-01-28T08:29:59Z INFO [c1764] Network latency within acceptable range
2025-01-27T09:57:22Z INFO [c4724] Log rotation completed
2025-01-31T07:25:29Z INFO [c6985] Health check passed
2025-01-27T16:11:40Z INFO [c3195] Database query executed
2025-01-25T00:46:50Z INFO [c3611] Configuration updated
2025-01-29T03:32:29Z INFO [c4845] Service restarted
2025-01-31T11:26:38Z INFO [c5301] Container started
2025-01-28T22:33:14Z INFO [c3873] Log rotation completed
2025-01-24T03:20:01Z INFO [c4742] Disk space checked
2025-01-25T04:46:40Z INFO [c3137] Container started
2025-01-30T20:07:36Z INFO [c1325] Container started
2025-01-31T16:57:09Z INFO [c7531] Disk space checked
2025-01-28T17:25:15Z INFO [c2327] Connected to database
2025-01-28T21:00:27Z INFO [c3284] CPU usage within limits
2025-01-28T07:05:43Z INFO [c1842] Database query executed
2025-01-28T03:16:56Z INFO [c6112] Request processed successfully
2025-01-31T08:39:08Z INFO [c4176] Configuration updated
2025-01-26T01:24:22Z INFO [c9395] SSL certificate renewed
2025-01-23T20:27:46Z INFO [c9210] Backup completed successfully
2025-01-25T19:08:21Z INFO [c5882] Database query executed
2025-01-27T16:39:14Z INFO [c1555] Health check passed
2025-01-26T21:16:00Z INFO [c5741] Connected to database
2025-01-27T15:57:04Z INFO [c7786] Scheduled task executed
2025-01-27T14:34:31Z INFO [c8389] Database query executed
2025-01-25T00:18:54Z INFO [c4225] Scheduled task executed
2025-01-31T10:16:47Z INFO [c2277] Log rotation completed
2025-01-31T10:38:54Z INFO [c1056] Service restarted
2025-01-29T11:11:47Z INFO [c2201] Service restarted
2025-01-29T19:08:05Z INFO [c2655] Scheduled task executed
2025-01-27T00:33:20Z INFO [c3087] Request processed successfully
2025-01-29T18:54:08Z INFO [c1771] Disk space checked
2025-01-30T16:33:52Z INFO [c6609] Connected to database
2025-01-24T23:43:30Z INFO [c2159] SSL certificate renewed
2025-01-29T22:50:35Z INFO [c2101] Container stopped
2025-01-26T13:32:16Z INFO [c2261] CPU usage within limits
2025-01-24T17:07:15Z INFO [c8884] Listening on port 80
2025-01-30T05:28:40Z INFO [c6124] Cache cleared
2025-01-26T19:04:49Z INFO [c1893] Log rotation completed
2025-01-23T17:37:59Z INFO [c7840] Cache cleared
2025-01-28T01:53:24Z INFO [c7551] Scheduled task executed
2025-01-31T09:14:03Z INFO [c3676] Image pulled successfully
2025-01-29T12:02:01Z INFO [c5676] Health check passed
2025-01-25T15:19:36Z INFO [c3978] Scheduled task executed
2025-01-27T03:31:50Z INFO [c4869] Log rotation completed
2025-01-26T01:26:57Z INFO [c6981] Scheduled task executed
2025-01-24T01:35:47Z INFO [c5057] Log rotation completed
2025-01-24T23:11:00Z INFO [c9028] Container started
2025-01-31T13:01:22Z INFO [c4715] Service restarted
2025-01-27T23:54:25Z INFO [c4517] CPU usage within limits
2025-01-24T05:22:53Z INFO [c1793] Outbound connection to known malicious IP
2025-01-24T20:35:02Z INFO [c4705] Backup completed successfully
2025-01-29T20:08:34Z INFO [c7588] SSL certificate renewed
2025-01-27T04:27:21Z INFO [c8191] Container stopped
2025-01-27T02:02:13Z INFO [c6673] Health check passed
2025-01-26T12:45:17Z INFO [c2544] Container started
2025-01-27T17:37:16Z INFO [c7714] Database query executed
2025-01-28T06:29:50Z INFO [c8943] Memory usage within limits
2025-01-30T10:08:59Z INFO [c9817] Network latency within acceptable range
2025-01-24T12:55:12Z INFO [c9485] Log rotation completed
2025-01-25T12:03:18Z INFO [c8593] Database query executed
2025-01-28T21:11:17Z INFO [c1785] Backup completed successfully
2025-01-25T10:39:12Z INFO [c2489] Listening on port 80
2025-01-27T08:27:25Z INFO [c7021] SSL certificate renewed
2025-01-27T22:02:31Z INFO [c2457] Database query executed
2025-01-28T00:20:35Z INFO [c9490] Connected to database
2025-01-24T22:46:40Z INFO [c8335] Cache cleared
2025-01-24T10:45:41Z INFO [c3867] Database query executed
2025-01-27T07:33:08Z INFO [c5260] Connected to database
2025-01-29T13:40:31Z INFO [c3398] Cache cleared
2025-01-25T05:34:22Z INFO [c7479] CPU usage within limits
2025-01-24T05:46:43Z INFO [c3204] Container started
2025-01-29T15:11:58Z INFO [c2841] Memory usage within limits
2025-01-29T17:28:37Z INFO [c4847] Service restarted
2025-01-30T12:25:35Z INFO [c1475] Request processed successfully
2025-01-29T05:29:31Z INFO [c4822] Scheduled task executed
2025-01-27T09:15:04Z INFO [c6498] CPU usage within limits
2025-01-28T01:07:24Z INFO [c6494] Service restarted
2025-01-27T05:11:24Z INFO [c4009] Request processed successfully
2025-01-29T08:20:46Z INFO [c5339] Image pulled successfully
2025-01-28T20:32:26Z INFO [c7675] Health check passed
2025-01-26T08:23:53Z INFO [c3588] Configuration updated
2025-01-26T06:50:48Z INFO [c2740] Configuration updated
2025-01-29T11:56:52Z INFO [c5916] User logged in
2025-01-24T02:17:30Z INFO [c3039] Service restarted
2025-01-31T05:56:52Z INFO [c2441] Health check passed
2025-01-30T01:29:35Z INFO [c6398] Database query executed
2025-01-26T14:02:49Z INFO [c2760] Image pulled successfully
2025-01-24T04:53:47Z INFO [c6097] Log rotation completed
2025-01-30T16:45:00Z INFO [c8591] Configuration updated
2025-01-25T04:50:21Z INFO [c5888] Scheduled task executed
2025-01-27T10:33:46Z INFO [c8139] Backup completed successfully
2025-01-28T07:29:00Z INFO [c3735] Container started
2025-01-26T23:26:57Z INFO [c9579] Listening on port 80
2025-01-27T14:24:16Z INFO [c9117] Container started
2025-01-27T22:34:35Z INFO [c9417] Memory usage within limits
2025-01-24T16:49:59Z INFO [c8321] CPU usage within limits
2025-01-24T18:58:35Z INFO [c2152] Connected to database
2025-01-26T14:19:49Z INFO [c6989] Unexpected container termination
2025-01-25T13:12:18Z INFO [c3357] Log rotation completed
2025-01-30T02:39:41Z INFO [c8291] Health check passed
2025-01-26T01:34:01Z INFO [c6220] Connected to database
2025-01-31T15:13:53Z INFO [c1074] Configuration updated
2025-01-31T08:43:02Z INFO [c8736] Listening on port 80
2025-01-30T21:46:20Z INFO [c9177] User logged in
2025-01-29T05:52:09Z INFO [c7179] Container running in privileged mode
2025-01-30T17:45:38Z ERROR [c4539] Failed login attempt from 192.168.1.1
2025-01-31T09:45:38Z INFO [c1083] Container started
2025-01-26T11:44:02Z INFO [c6235] Configuration updated
2025-01-31T08:13:44Z INFO [c2357] Image pulled successfully
2025-01-26T00:41:46Z INFO [c1971] Request processed successfully
2025-01-26T19:00:48Z INFO [c1932] Scheduled task executed
2025-01-27T15:32:22Z INFO [c1042] CPU usage within limits
2025-01-29T11:32:10Z INFO [c9551] Container started
2025-01-30T23:34:32Z INFO [c3717] Container started
2025-01-25T04:39:44Z INFO [c6353] Health check passed
2025-01-31T14:59:55Z INFO [c7559] Network latency within acceptable range
2025-01-27T11:46:58Z INFO [c5939] SSL certificate renewed
2025-01-24T18:31:42Z INFO [c5431] Request processed successfully
2025-01-26T05:56:41Z INFO [c4241] CPU usage within limits
2025-01-27T13:46:36Z INFO [c2753] CPU usage within limits
2025-01-25T15:56:43Z INFO [c5960] Image pulled successfully
2025-01-27T12:51:43Z INFO [c5938] Request processed successfully
2025-01-25T21:00:21Z INFO [c5359] Health check passed
2025-01-26T03:26:47Z INFO [c4074] Service restarted
2025-01-31T03:40:27Z INFO [c6754] Network latency within acceptable range
2025-01-27T18:37:48Z INFO [c8309] Malicious payload detected
2025-01-31T14:58:53Z INFO [c7330] User logged in
2025-01-27T17:19:54Z INFO [c3432] Cryptocurrency mining activity detected
2025-01-30T10:08:27Z INFO [c1398] Service restarted
2025-01-30T00:40:37Z INFO [c5336] Database query executed
2025-01-27T13:32:18Z INFO [c6497] Disk space checked
2025-01-28T12:01:24Z INFO [c8638] Scheduled task executed
2025-01-25T08:38:48Z INFO [c8454] Container started
2025-01-23T23:17:55Z INFO [c6528] Network latency within acceptable range
2025-01-29T04:12:15Z INFO [c1379] Scheduled task executed
2025-01-27T19:38:41Z INFO [c4028] Image pulled successfully
2025-01-30T12:36:15Z INFO [c8381] Log rotation completed
2025-01-24T13:39:47Z INFO [c3792] Request processed successfully
2025-01-24T17:51:04Z INFO [c6977] Disk space checked
2025-01-30T01:41:40Z INFO [c8833] Connected to database
2025-01-27T22:34:21Z INFO [c1315] Container started
2025-01-24T19:31:35Z INFO [c9472] Backup completed successfully
2025-01-28T01:21:41Z INFO [c2235] Memory usage within limits
2025-01-29T10:05:03Z INFO [c7189] SSL certificate renewed
2025-01-27T04:41:56Z INFO [c6969] Database query executed
2025-01-26T23:55:06Z INFO [c5947] User logged in
2025-01-25T14:46:08Z INFO [c7850] Scheduled task executed
2025-01-23T20:26:13Z INFO [c2267] Connected to database
2025-01-31T13:15:01Z INFO [c7910] Log rotation completed
2025-01-30T01:12:54Z INFO [c7652] Scheduled task executed
2025-01-28T19:38:57Z INFO [c8368] Backup completed successfully
2025-01-23T17:37:42Z INFO [c2244] Database query executed
2025-01-27T04:31:37Z INFO [c5407] Container stopped
2025-01-29T17:43:42Z INFO [c7938] Container stopped
2025-01-31T10:29:07Z INFO [c1227] Listening on port 80
2025-01-24T21:56:59Z INFO [c3491] Scheduled task executed
2025-01-30T14:11:18Z INFO [c5776] Connected to database
2025-01-30T12:29:49Z INFO [c8343] Configuration updated
2025-01-24T21:58:40Z INFO [c9438] User logged in
2025-01-25T18:19:55Z INFO [c2513] Image pulled successfully
2025-01-26T12:18:12Z INFO [c5448] Connected to database
2025-01-29T16:21:43Z INFO [c9969] Listening on port 80
2025-01-31T03:36:16Z INFO [c9854] Scheduled task executed
2025-01-30T06:06:34Z INFO [c4483] Configuration updated
2025-01-31T12:59:20Z INFO [c7284] Disk space checked
2025-01-25T21:55:28Z INFO [c4571] Health check passed
2025-01-27T22:13:45Z INFO [c9181] Connected to database
2025-01-27T14:27:05Z INFO [c9999] Listening on port 80
2025-01-24T07:21:19Z INFO [c7257] Database query executed
2025-01-27T05:01:02Z INFO [c9942] Container started
2025-01-31T13:48:14Z INFO [c3682] Scheduled task executed
2025-01-30T06:29:21Z ERROR [c5268] Failed login attempt from 192.168.1.1
2025-01-31T06:10:08Z INFO [c5672] Cryptocurrency mining activity detected
2025-01-25T03:27:09Z INFO [c1769] Log rotation completed
2025-01-31T12:26:36Z INFO [c3082] Cache cleared
2025-01-27T19:10:19Z INFO [c9486] Disk space checked
2025-01-30T22:24:29Z INFO [c3885] Request processed successfully
2025-01-25T21:22:08Z INFO [c5506] Network latency within acceptable range
2025-01-29T09:21:31Z INFO [c4359] Disk space checked
2025-01-24T20:40:09Z INFO [c3437] Configuration updated
2025-01-24T04:39:08Z INFO [c8168] Database query executed
2025-01-26T09:22:17Z INFO [c7657] Request processed successfully
2025-01-23T22:59:17Z INFO [c1970] Configuration updated
2025-01-24T10:04:18Z INFO [c2985] Connected to database
2025-01-23T23:04:14Z INFO [c7488] Image pulled successfully
2025-01-29T01:13:06Z INFO [c5786] Disk space checked
2025-01-30T05:24:27Z INFO [c9490] CPU usage within limits
2025-01-26T20:24:01Z INFO [c5495] Configuration updated
2025-01-24T06:49:18Z INFO [c8381] Network latency within acceptable range
2025-01-24T18:56:24Z INFO [c3004] Connected to database
2025-01-25T20:54:07Z INFO [c8220] Cache cleared
2025-01-27T12:11:18Z INFO [c5713] Image pulled successfully
2025-01-29T12:34:25Z INFO [c5272] CPU usage within limits
2025-01-24T16:38:21Z INFO [c4996] Request processed successfully
2025-01-27T11:52:45Z INFO [c2039] Container stopped
2025-01-23T22:18:03Z INFO [c3878] Scheduled task executed
2025-01-25T20:56:58Z INFO [c6574] Listening on port 80
2025-01-25T14:10:03Z INFO [c8404] User logged in
2025-01-25T08:51:45Z INFO [c5224] Health check passed
2025-01-31T07:07:17Z INFO [c8307] Connected to database
2025-01-26T11:07:15Z INFO [c3495] Log rotation completed
2025-01-23T21:05:47Z INFO [c1152] Memory usage within limits
2025-01-30T11:21:46Z INFO [c6451] Request processed successfully
2025-01-30T14:19:15Z INFO [c2536] Health check passed
2025-01-28T06:44:41Z INFO [c9414] Memory usage within limits
2025-01-26T03:03:16Z INFO [c2548] User logged in
2025-01-27T17:52:02Z INFO [c8790] Network latency within acceptable range
2025-01-26T23:09:03Z INFO [c9238] CPU usage within limits
2025-01-24T10:26:18Z INFO [c7337] Container started
2025-01-24T23:45:23Z INFO [c4036] SSL certificate renewed
2025-01-29T20:52:27Z INFO [c9495] Cache cleared
2025-01-28T21:06:47Z INFO [c4652] Image pulled successfully
2025-01-26T14:53:34Z INFO [c5136] Listening on port 80
2025-01-29T15:06:11Z INFO [c3311] Log rotation completed
2025-01-27T23:34:16Z INFO [c3197] Network latency within acceptable range
2025-01-24T15:05:10Z INFO [c7022] Network latency within acceptable range
2025-01-31T01:09:33Z INFO [c2396] Configuration updated
2025-01-27T21:46:24Z INFO [c7994] CPU usage within limits
2025-01-30T11:39:29Z INFO [c6679] Memory usage within limits
2025-01-28T21:34:19Z INFO [c5560] Cache cleared
2025-01-26T07:44:36Z INFO [c8000] Container stopped
2025-01-28T01:38:42Z INFO [c8560] Container started
2025-01-25T13:59:12Z INFO [c8375] Configuration updated
2025-01-29T19:47:12Z INFO [c4243] Log rotation completed
2025-01-27T01:13:53Z INFO [c2715] Configuration updated
2025-01-26T09:38:23Z INFO [c1336] Image pulled successfully
2025-01-24T14:09:19Z INFO [c7411] User logged in
2025-01-27T12:31:31Z INFO [c3239] Image pulled successfully
2025-01-26T05:36:20Z INFO [c8833] Log rotation completed
2025-01-29T12:33:05Z INFO [c8972] User logged in
2025-01-29T12:59:34Z INFO [c4097] Database query executed
2025-01-28T06:05:09Z INFO [c1149] Container started
2025-01-27T14:59:03Z INFO [c3809] SSL certificate renewed
2025-01-31T08:48:54Z INFO [c8165] Scheduled task executed
2025-01-29T06:43:18Z INFO [c8826] Scheduled task executed
2025-01-24T22:29:38Z INFO [c1565] Image pulled successfully
2025-01-23T20:04:32Z INFO [c6636] Service restarted
2025-01-24T05:24:26Z INFO [c4827] Network latency within acceptable range
2025-01-29T13:37:57Z INFO [c3120] User logged in
2025-01-29T18:52:15Z INFO [c9812] User logged in
2025-01-24T06:41:16Z INFO [c2795] Container started
2025-01-28T20:14:23Z INFO [c7991] Backup completed successfully
2025-01-23T18:28:59Z INFO [c2277] SSL certificate renewed
2025-01-26T10:50:07Z INFO [c5769] Container stopped
2025-01-31T11:27:33Z INFO [c4047] Log rotation completed
2025-01-24T19:07:30Z INFO [c6734] Request processed successfully
2025-01-30T14:58:25Z INFO [c8541] Request processed successfully
2025-01-31T02:17:16Z INFO [c6512] Backup completed successfully
2025-01-30T04:59:06Z INFO [c2932] User logged in
2025-01-29T14:50:37Z INFO [c3387] Log rotation completed
2025-01-30T00:09:39Z INFO [c1813] CPU usage within limits
2025-01-29T22:31:27Z INFO [c6422] CPU usage within limits
2025-01-25T11:38:14Z INFO [c3221] Connected to database
2025-01-27T13:53:10Z INFO [c4045] Request processed successfully
2025-01-27T05:58:09Z INFO [c3452] Configuration updated
2025-01-31T15:26:34Z INFO [c5643] CPU usage within limits
2025-01-26T12:10:59Z INFO [c5956] Disk space checked
2025-01-31T12:06:50Z INFO [c2018] CPU usage within limits
2025-01-23T18:04:36Z INFO [c3170] Scheduled task executed
2025-01-29T16:10:01Z INFO [c8475] Connected to database
2025-01-31T00:19:39Z INFO [c4116] Listening on port 80
2025-01-25T16:25:34Z INFO [c3579] Health check passed
2025-01-30T22:22:04Z INFO [c5904] Backup completed successfully
2025-01-23T20:54:03Z INFO [c5578] Disk space checked
2025-01-25T00:55:16Z INFO [c6136] Connected to database
2025-01-29T10:37:23Z INFO [c1796] Scheduled task executed
2025-01-24T19:57:47Z INFO [c1318] Database query executed
2025-01-28T21:31:51Z INFO [c1439] Outbound connection to known malicious IP
2025-01-26T16:34:24Z INFO [c1700] Connected to database
2025-01-26T03:50:17Z INFO [c7504] Configuration updated
2025-01-30T13:08:30Z INFO [c3396] Container stopped
2025-01-26T01:57:32Z INFO [c6723] Health check passed
2025-01-30T04:36:24Z INFO [c9947] Connected to database
2025-01-25T03:03:49Z INFO [c3377] CPU usage within limits
2025-01-25T14:56:31Z INFO [c2229] Malicious payload detected
2025-01-29T02:52:06Z INFO [c8613] Backup completed successfully
2025-01-29T02:21:31Z INFO [c2179] Scheduled task executed
2025-01-29T00:52:28Z INFO [c4020] Health check passed
2025-01-30T15:40:11Z INFO [c2675] User logged in
2025-01-29T09:38:52Z INFO [c5939] Log rotation completed
2025-01-26T09:57:17Z INFO [c2222] Memory usage within limits
2025-01-25T06:20:27Z INFO [c9605] Request processed successfully
2025-01-25T20:32:17Z INFO [c2270] Connected to database
2025-01-24T14:32:41Z INFO [c9498] Container stopped
2025-01-23T21:43:56Z INFO [c4629] Disk space checked
2025-01-29T07:02:45Z INFO [c3912] SSL certificate renewed
2025-01-26T12:13:29Z INFO [c2197] Listening on port 80
2025-01-31T06:59:14Z INFO [c1836] Memory usage within limits
2025-01-26T01:01:01Z INFO [c2599] Log rotation completed
2025-01-30T22:39:58Z INFO [c3605] Health check passed
2025-01-28T01:58:08Z INFO [c4820] Cache cleared
2025-01-26T19:04:21Z INFO [c8899] Disk space checked
2025-01-27T20:48:13Z INFO [c6787] Container stopped
2025-01-31T05:36:39Z INFO [c2723] Container stopped
2025-01-29T04:20:35Z INFO [c2479] Container started
2025-01-28T10:22:36Z INFO [c8658] Image pulled successfully
2025-01-26T16:11:15Z INFO [c6238] Memory usage within limits
2025-01-28T09:04:33Z INFO [c6278] Listening on port 80
2025-01-27T01:29:32Z INFO [c5351] Container started
2025-01-24T20:34:22Z INFO [c4450] Memory usage within limits
2025-01-29T06:35:09Z INFO [c4692] Service restarted
2025-01-28T08:21:49Z INFO [c6271] Image pulled successfully
2025-01-25T17:46:19Z INFO [c5434] Connected to database
2025-01-27T06:06:31Z INFO [c8525] Configuration updated
2025-01-26T14:00:12Z INFO [c8532] Network latency within acceptable range
2025-01-31T16:55:49Z INFO [c1414] Service restarted
2025-01-31T05:06:25Z INFO [c9128] Container stopped
2025-01-30T00:00:15Z INFO [c9887] SSL certificate renewed
2025-01-26T03:14:42Z INFO [c9413] Listening on port 80
2025-01-31T12:17:35Z INFO [c4918] Log rotation completed
2025-01-27T00:45:20Z INFO [c6750] Configuration updated
2025-01-23T21:36:45Z INFO [c5942] Listening on port 80
2025-01-26T07:55:56Z INFO [c4616] SSL certificate renewed
2025-01-23T19:01:08Z INFO [c3364] User logged in
2025-01-27T16:27:40Z INFO [c2799] Memory usage within limits
2025-01-23T22:15:55Z INFO [c9540] SSL certificate renewed
2025-01-25T16:56:20Z INFO [c7142] Database query executed
2025-01-27T00:07:01Z INFO [c7127] Disk space checked
2025-01-24T09:00:21Z INFO [c4620] SSL certificate renewed
2025-01-31T15:13:15Z INFO [c7900] Network latency within acceptable range
2025-01-30T01:56:05Z INFO [c9812] Database query executed
2025-01-28T06:53:14Z INFO [c5481] Health check passed
2025-01-27T20:49:46Z INFO [c3855] User logged in
2025-01-29T07:53:45Z INFO [c3646] Container started
2025-01-27T09:30:59Z INFO [c2987] Disk space checked
2025-01-26T20:13:42Z INFO [c2073] Image pulled successfully
2025-01-25T22:25:47Z INFO [c9942] Log rotation completed
2025-01-30T12:43:51Z INFO [c5751] Image pulled successfully
2025-01-30T08:22:07Z INFO [c3552] Memory usage within limits
2025-01-29T16:38:48Z INFO [c7281] SSL certificate renewed
2025-01-25T01:56:08Z INFO [c9962] Memory usage within limits
2025-01-24T10:33:52Z INFO [c8189] Container started
2025-01-28T10:53:24Z INFO [c8282] Connected to database
2025-01-29T04:22:54Z INFO [c8886] Configuration updated
2025-01-28T13:57:42Z INFO [c1921] Request processed successfully
2025-01-27T05:39:34Z INFO [c2728] Container started
2025-01-29T14:03:16Z INFO [c9554] Container stopped
2025-01-25T16:29:05Z INFO [c2644] Container stopped
2025-01-31T02:01:19Z INFO [c6547] Request processed successfully
2025-01-31T17:23:47Z INFO [c9769] Database query executed
2025-01-30T12:57:22Z INFO [c2291] Network latency within acceptable range
2025-01-27T04:09:48Z INFO [c8317] Scheduled task executed
2025-01-28T09:27:23Z INFO [c9544] Backup completed successfully
2025-01-31T00:29:08Z INFO [c3402] Service restarted
2025-01-25T19:22:02Z INFO [c6773] Service restarted
2025-01-25T04:12:43Z INFO [c4972] Image pulled successfully
2025-01-26T12:08:33Z INFO [c9018] Container stopped
2025-01-26T16:59:59Z INFO [c4795] SSL certificate renewed
2025-01-31T08:18:48Z INFO [c6503] Scheduled task executed
2025-01-28T23:18:24Z INFO [c3490] Database query executed
2025-01-26T17:19:45Z INFO [c3931] Listening on port 80
2025-01-26T19:46:55Z INFO [c7784] Connected to database
2025-01-29T00:06:31Z WARNING [c9640] Unauthorized access detected
2025-01-26T01:10:58Z INFO [c3171] Image pulled successfully
2025-01-24T16:57:06Z INFO [c4493] Log rotation completed
2025-01-29T01:55:33Z INFO [c9726] Container stopped
2025-01-28T19:46:00Z INFO [c9105] Network latency within acceptable range
2025-01-24T19:10:55Z INFO [c2315] Cache cleared
2025-01-30T19:45:59Z INFO [c5753] SSL certificate renewed
2025-01-30T13:20:49Z INFO [c8732] Cache cleared
2025-01-29T14:48:53Z INFO [c8469] Log rotation completed
2025-01-26T14:32:55Z INFO [c2828] Container stopped
2025-01-24T11:00:24Z INFO [c9508] SSL certificate renewed
2025-01-25T04:36:50Z INFO [c8723] Log rotation completed
2025-01-25T04:37:16Z INFO [c9079] Database query executed
2025-01-29T10:29:26Z INFO [c3713] Memory usage within limits
2025-01-26T10:37:11Z INFO [c7561] User logged in
2025-01-28T03:16:36Z INFO [c2177] Listening on port 80
2025-01-31T01:23:01Z INFO [c1212] Log rotation completed
2025-01-26T23:18:11Z INFO [c4948] Database query executed
2025-01-25T15:54:47Z INFO [c3562] Database query executed
2025-01-26T22:57:25Z INFO [c6123] Database query executed
2025-01-29T01:11:32Z INFO [c1237] Cache cleared
2025-01-27T08:45:25Z INFO [c5707] Listening on port 80
2025-01-31T06:58:50Z INFO [c5914] Health check passed
2025-01-24T14:55:35Z INFO [c9442] SSL certificate renewed
2025-01-26T10:05:34Z INFO [c9655] Log rotation completed
2025-01-30T14:22:44Z INFO [c6904] Container stopped
2025-01-29T04:37:28Z INFO [c7261] CPU usage within limits
2025-01-27T08:51:44Z INFO [c3954] Image pulled successfully
2025-01-30T15:52:58Z INFO [c4075] Memory usage within limits
2025-01-30T11:03:41Z INFO [c6036] Backup completed successfully
2025-01-28T20:46:50Z INFO [c8311] Connected to database
2025-01-24T17:52:23Z INFO [c2931] Database query executed
2025-01-31T02:38:01Z INFO [c6594] Outbound connection to known malicious IP
2025-01-27T04:04:25Z INFO [c1598] Network latency within acceptable range
2025-01-24T21:26:41Z INFO [c4989] SSL certificate renewed
2025-01-31T08:40:16Z INFO [c3657] Cache cleared
2025-01-27T23:01:14Z INFO [c1508] Configuration updated
2025-01-28T22:06:57Z INFO [c9649] Health check passed
2025-01-29T19:41:45Z INFO [c6992] Cache cleared
2025-01-28T00:30:36Z INFO [c3092] Image pulled successfully
2025-01-26T04:18:38Z INFO [c6087] Request processed successfully
2025-01-28T23:42:10Z INFO [c7544] Service restarted
2025-01-27T12:58:12Z INFO [c2320] Backup completed successfully
2025-01-24T11:17:23Z INFO [c8556] Memory usage within limits
2025-01-28T00:29:38Z INFO [c3032] Cache cleared
2025-01-26T19:59:42Z INFO [c2892] Scheduled task executed
2025-01-26T23:59:11Z INFO [c8112] User logged in
2025-01-24T19:38:20Z INFO [c1855] Memory usage within limits
2025-01-26T03:01:04Z INFO [c3256] Log rotation completed
2025-01-25T21:23:39Z INFO [c5897] Network latency within acceptable range
2025-01-31T17:25:22Z INFO [c7890] Database query executed
2025-01-25T04:48:35Z INFO [c8547] Network latency within acceptable range
2025-01-26T04:44:11Z INFO [c5597] Container stopped
2025-01-30T13:29:57Z INFO [c9476] Memory usage within limits
2025-01-26T14:57:39Z INFO [c4559] Image pulled successfully
2025-01-29T19:28:50Z INFO [c6429] Service restarted
2025-01-29T06:54:45Z INFO [c5381] Health check passed
2025-01-26T07:38:10Z INFO [c2453] Container started
2025-01-26T06:47:05Z INFO [c5429] Container started
2025-01-30T15:34:46Z INFO [c7921] SSL certificate renewed
2025-01-24T23:25:28Z INFO [c6785] Database query executed
2025-01-24T06:21:36Z INFO [c9074] Container started
2025-01-28T22:53:52Z INFO [c6651] Configuration updated
2025-01-28T08:52:17Z INFO [c9085] Database query executed
2025-01-24T16:26:10Z INFO [c6663] CPU usage within limits
2025-01-30T19:33:25Z INFO [c3076] SSL certificate renewed
2025-01-28T23:33:01Z INFO [c5504] SSL certificate renewed
2025-01-26T12:41:38Z INFO [c9967] CPU usage within limits
2025-01-25T15:39:12Z INFO [c5814] Container stopped
2025-01-27T13:29:58Z WARNING [c1576] Unauthorized access detected
2025-01-28T09:38:16Z INFO [c2316] Disk space checked
2025-01-24T15:30:52Z INFO [c8733] Listening on port 80
2025-01-27T02:21:00Z INFO [c2887] SSL certificate renewed
2025-01-27T16:36:02Z INFO [c6935] Connected to database
2025-01-26T12:43:57Z INFO [c6229] Connected to database
2025-01-26T07:23:51Z INFO [c9537] Cache cleared
2025-01-30T05:40:25Z INFO [c2842] Container started
2025-01-25T16:59:06Z INFO [c7871] Request processed successfully
2025-01-31T08:07:49Z INFO [c8691] Listening on port 80
2025-01-25T09:26:35Z INFO [c6774] CPU usage within limits
2025-01-31T15:16:30Z INFO [c7371] Scheduled task executed
2025-01-27T04:21:03Z INFO [c2988] Disk space checked
2025-01-26T14:33:05Z INFO [c8537] User logged in
2025-01-29T04:37:10Z INFO [c9001] Log rotation completed
2025-01-31T04:15:40Z INFO [c4874] Disk space checked
2025-01-28T10:07:30Z INFO [c6152] Disk space checked
2025-01-26T07:18:10Z INFO [c8021] User logged in
2025-01-28T12:47:03Z INFO [c2363] Container stopped
2025-01-31T02:41:33Z INFO [c5493] Backup completed successfully
2025-01-26T01:14:24Z INFO [c8047] Backup completed successfully
2025-01-31T00:25:58Z INFO [c2741] Container stopped
2025-01-28T03:43:47Z INFO [c2468] Listening on port 80
2025-01-29T08:35:23Z INFO [c9235] Scheduled task executed
2025-01-23T19:55:52Z INFO [c4378] Container stopped
2025-01-26T16:19:00Z INFO [c9612] Container started
2025-01-29T13:36:55Z INFO [c6948] Image pulled successfully
2025-01-28T07:26:12Z INFO [c1304] Service restarted
2025-01-29T07:18:19Z INFO [c2809] Database query executed
2025-01-27T13:23:36Z INFO [c8334] Scheduled task executed
2025-01-30T01:35:50Z INFO [c6387] Container stopped
2025-01-26T12:04:07Z INFO [c4360] Container stopped
2025-01-25T23:46:21Z INFO [c8629] Container stopped
2025-01-28T22:24:07Z INFO [c2990] Container stopped
2025-01-24T19:42:27Z INFO [c2389] Database query executed
2025-01-29T14:11:07Z INFO [c8876] Disk space checked
2025-01-28T20:03:14Z INFO [c5113] Backup completed successfully
2025-01-26T13:27:12Z INFO [c9980] Container stopped
2025-01-26T06:48:06Z INFO [c6199] Log rotation completed
2025-01-25T19:48:08Z INFO [c3407] Container started
2025-01-26T02:14:43Z INFO [c4575] Connected to database
2025-01-26T15:48:42Z INFO [c9328] CPU usage within limits
2025-01-26T10:48:08Z INFO [c3914] Connected to database
2025-01-28T04:47:45Z INFO [c1173] CPU usage within limits
2025-01-29T18:58:40Z INFO [c5677] Log rotation completed
2025-01-27T07:31:48Z INFO [c1546] Scheduled task executed
2025-01-26T22:37:21Z INFO [c1662] Port scan detected from 10.0.0.1
2025-01-25T03:13:05Z INFO [c8647] Service restarted
2025-01-28T13:01:19Z INFO [c7403] Backup completed successfully
2025-01-25T14:53:39Z INFO [c2052] Log rotation completed
2025-01-27T19:31:11Z INFO [c5174] Log rotation completed
2025-01-24T20:16:22Z INFO [c5678] User logged in
2025-01-26T00:01:26Z INFO [c9457] Connected to database
2025-01-31T17:26:25Z INFO [c5493] User logged in
2025-01-26T09:03:17Z INFO [c7822] Service restarted
2025-01-26T18:18:49Z INFO [c5191] Container stopped
2025-01-31T13:43:01Z INFO [c8144] Listening on port 80
2025-01-31T09:34:29Z INFO [c1091] Database query executed
2025-01-26T13:07:47Z INFO [c6170] Database query executed
2025-01-24T23:29:38Z INFO [c9534] Configuration updated
2025-01-26T05:31:03Z INFO [c1654] Image pulled successfully
2025-01-29T10:26:36Z INFO [c2534] Log rotation completed
2025-01-31T04:14:21Z INFO [c7421] SSL certificate renewed
2025-01-24T14:19:34Z INFO [c6135] Configuration updated
2025-01-24T17:44:30Z INFO [c2314] Database query executed
2025-01-25T05:40:31Z INFO [c1748] User logged in
2025-01-27T19:29:30Z INFO [c1737] Listening on port 80
2025-01-31T09:29:52Z INFO [c4893] CPU usage within limits
2025-01-25T00:10:54Z INFO [c6501] CPU usage within limits
2025-01-25T06:49:21Z INFO [c1170] Network latency within acceptable range
2025-01-24T09:47:31Z INFO [c7666] Health check passed
2025-01-28T04:34:21Z INFO [c8995] Configuration updated
2025-01-25T09:48:43Z INFO [c1061] Network latency within acceptable range
2025-01-29T08:03:49Z INFO [c2674] Listening on port 80
2025-01-31T04:12:44Z INFO [c9055] Cache cleared
2025-01-24T06:31:32Z INFO [c3842] Listening on port 80
2025-01-28T13:53:23Z INFO [c8559] SSL certificate renewed
2025-01-30T09:43:25Z INFO [c6985] Container stopped
2025-01-28T15:59:19Z INFO [c4430] Memory usage within limits
2025-01-25T03:29:20Z INFO [c6108] Memory usage within limits
2025-01-30T08:33:00Z INFO [c9194] Disk space checked
2025-01-25T16:34:43Z INFO [c9668] SSL certificate renewed
2025-01-26T20:53:11Z INFO [c3839] Log rotation completed
2025-01-25T15:44:43Z INFO [c8165] Log rotation completed
2025-01-30T04:33:23Z INFO [c2473] Request processed successfully
2025-01-29T14:33:51Z INFO [c6356] Container started
2025-01-23T23:20:26Z INFO [c6029] Disk space checked
2025-01-27T22:11:44Z INFO [c2397] Database query executed
2025-01-25T16:04:53Z INFO [c8081] Log rotation completed
2025-01-26T04:48:06Z INFO [c8445] Log rotation completed
2025-01-30T13:45:09Z INFO [c4322] Disk space checked
2025-01-26T14:50:05Z INFO [c3782] Service restarted
2025-01-24T22:23:44Z INFO [c7777] Scheduled task executed
2025-01-29T18:11:50Z INFO [c3027] Request processed successfully
2025-01-29T04:00:01Z INFO [c6053] Scheduled task executed
2025-01-26T13:02:25Z INFO [c9898] Container started
2025-01-23T23:16:35Z INFO [c5034] Container started
2025-01-30T21:32:18Z INFO [c9383] Configuration updated
2025-01-25T10:49:33Z INFO [c7904] Cache cleared
2025-01-27T12:37:17Z INFO [c6872] Image pulled successfully
2025-01-30T17:57:57Z INFO [c9846] Disk space checked
2025-01-26T13:59:37Z INFO [c9413] Network latency within acceptable range
2025-01-24T21:21:33Z INFO [c9104] CPU usage within limits
2025-01-27T23:08:27Z INFO [c7008] Backup completed successfully
2025-01-26T03:47:10Z INFO [c5043] Container started
2025-01-29T08:00:17Z INFO [c3098] Log rotation completed
2025-01-26T18:48:04Z INFO [c4081] Disk space checked
2025-01-24T09:09:39Z INFO [c5848] Unauthorized access detected
2025-01-28T12:57:05Z INFO [c9640] Request processed successfully
2025-01-23T22:07:19Z INFO [c1582] Container started
2025-01-25T03:43:06Z INFO [c9218] Database query executed
2025-01-25T23:26:50Z INFO [c4678] User logged in
2025-01-31T12:53:03Z INFO [c3698] Request processed successfully
2025-01-29T06:41:14Z INFO [c9763] Configuration updated
2025-01-27T01:05:24Z INFO [c2551] CPU usage within limits
2025-01-27T09:00:27Z INFO [c8731] Database query executed
2025-01-27T08:09:15Z INFO [c9331] Cache cleared
2025-01-30T02:18:12Z INFO [c4870] Container started
2025-01-28T07:59:31Z INFO [c1485] Cache cleared
2025-01-29T20:02:25Z INFO [c4754] Log rotation completed
2025-01-26T22:30:28Z INFO [c1397] Memory usage within limits
2025-01-30T16:50:38Z INFO [c4926] Container started
2025-01-26T16:40:45Z INFO [c8333] Configuration updated
2025-01-26T22:37:19Z INFO [c3096] Request processed successfully
2025-01-30T19:57:38Z INFO [c9980] Container started
2025-01-30T08:19:31Z INFO [c4666] CPU usage within limits
2025-01-27T09:41:33Z INFO [c4262] Container stopped
2025-01-24T07:49:28Z INFO [c3267] Health check passed
2025-01-26T20:57:35Z INFO [c5048] Container started
2025-01-31T14:14:05Z INFO [c6620] Cache cleared
2025-01-28T23:51:41Z INFO [c4181] Log rotation completed
2025-01-28T02:45:31Z INFO [c6066] Connected to database
2025-01-25T22:11:04Z INFO [c2107] Disk space checked
2025-01-28T10:10:46Z INFO [c8826] Health check passed
2025-01-25T07:41:42Z INFO [c7538] Memory usage within limits
2025-01-26T07:39:53Z INFO [c6490] Scheduled task executed
2025-01-29T04:02:39Z INFO [c5713] SSL certificate renewed
2025-01-31T10:42:10Z INFO [c5369] SSL certificate renewed
2025-01-30T16:01:07Z INFO [c4913] Scheduled task executed
2025-01-24T23:18:43Z INFO [c8880] SSL certificate renewed
2025-01-28T16:45:47Z INFO [c3814] Backup completed successfully
2025-01-30T07:39:06Z INFO [c1112] Cache cleared
2025-01-26T22:50:51Z INFO [c1209] CPU usage within limits
2025-01-24T23:39:14Z INFO [c2698] Image pulled successfully
2025-01-25T23:27:58Z INFO [c7467] SSL certificate renewed
2025-01-24T09:43:25Z INFO [c7051] Container started
2025-01-25T09:46:58Z INFO [c1338] Listening on port 80
2025-01-29T00:43:04Z INFO [c2946] Cache cleared
2025-01-26T18:40:11Z INFO [c5403] Network latency within acceptable range
2025-01-29T03:47:05Z INFO [c5915] Backup completed successfully
2025-01-29T14:12:49Z INFO [c5033] Image pulled successfully
2025-01-25T05:55:56Z INFO [c2549] Disk space checked
2025-01-24T18:38:05Z INFO [c8390] Service restarted
2025-01-23T18:34:00Z INFO [c1032] Listening on port 80
2025-01-29T19:16:14Z INFO [c9177] Connected to database
2025-01-27T14:28:00Z INFO [c2377] SSL certificate renewed
2025-01-27T15:42:53Z INFO [c1720] Request processed successfully
2025-01-24T18:13:03Z INFO [c3741] SSL certificate renewed
2025-01-29T16:04:19Z INFO [c1011] Image pulled successfully
2025-01-25T18:52:04Z INFO [c8261] SSL certificate renewed
2025-01-29T22:41:24Z INFO [c1628] Container stopped
2025-01-30T19:39:45Z INFO [c1091] Request processed successfully
2025-01-30T14:58:11Z INFO [c7082] CPU usage within limits
2025-01-30T01:31:35Z INFO [c3461] Health check passed
2025-01-30T10:20:40Z INFO [c9979] Connected to database
2025-01-29T21:34:18Z INFO [c8806] Request processed successfully
2025-01-26T09:57:37Z INFO [c3818] Image pulled successfully
2025-01-23T22:13:00Z INFO [c5806] Database query executed
2025-01-26T22:26:52Z INFO [c9102] Service restarted
2025-01-29T18:00:36Z INFO [c8274] Disk space checked
2025-01-28T03:11:13Z INFO [c6564] Image pulled successfully
2025-01-26T00:10:51Z INFO [c7374] Configuration updated
2025-01-26T14:52:10Z INFO [c8881] Cache cleared
2025-01-27T11:55:25Z INFO [c7068] Container stopped
2025-01-24T04:51:32Z INFO [c5199] Image pulled successfully
2025-01-29T09:53:35Z INFO [c9572] Configuration updated
2025-01-30T00:15:38Z INFO [c4088] Image pulled successfully
2025-01-28T02:55:15Z INFO [c2098] Connected to database
2025-01-28T07:12:41Z INFO [c8045] Configuration updated
2025-01-30T17:21:27Z INFO [c1397] Connected to database
2025-01-30T15:58:41Z INFO [c5050] Disk space checked
2025-01-23T21:02:21Z INFO [c9716] CPU usage within limits
2025-01-24T21:59:10Z INFO [c8250] Container stopped
2025-01-29T02:27:53Z INFO [c9308] Backup completed successfully
2025-01-30T22:04:31Z INFO [c4342] Configuration updated
2025-01-29T01:46:48Z INFO [c6159] User logged in
2025-01-30T03:22:52Z INFO [c4012] Container started
2025-01-25T09:08:18Z INFO [c6788] Listening on port 80
2025-01-31T01:29:31Z INFO [c2163] Disk space checked
2025-01-27T23:38:15Z INFO [c3197] Cache cleared
2025-01-27T13:30:11Z INFO [c2886] Health check passed
2025-01-26T15:37:51Z INFO [c9964] Failed login attempt from 192.168.1.1
2025-01-25T22:53:20Z INFO [c2234] Connected to database
2025-01-28T16:06:58Z INFO [c9800] SSL certificate renewed
2025-01-29T12:58:32Z INFO [c8662] SSL certificate renewed
2025-01-26T05:55:44Z INFO [c2252] Memory usage within limits
2025-01-30T18:18:37Z INFO [c5495] SSL certificate renewed
2025-01-26T05:59:44Z INFO [c7481] Disk space checked
2025-01-25T00:43:31Z INFO [c7919] Container started
2025-01-29T22:31:48Z INFO [c4449] Memory usage within limits
2025-01-25T11:50:46Z INFO [c9994] Scheduled task executed
2025-01-31T16:45:45Z INFO [c4557] Scheduled task executed
2025-01-28T23:59:00Z INFO [c2611] Service restarted
2025-01-26T15:29:08Z INFO [c2335] CPU usage within limits
2025-01-30T21:17:02Z INFO [c1266] Cache cleared
2025-01-29T10:15:25Z INFO [c7878] User logged in
2025-01-24T03:37:42Z INFO [c1376] Image pulled successfully
2025-01-31T03:25:16Z INFO [c7442] Network latency within acceptable range
2025-01-29T08:09:56Z INFO [c2313] Health check passed
2025-01-28T10:42:45Z INFO [c4754] Disk space checked
2025-01-29T02:31:29Z INFO [c5295] User logged in
2025-01-25T00:04:08Z INFO [c9696] Backup completed successfully
2025-01-24T23:19:15Z INFO [c6215] SSL certificate renewed
2025-01-27T17:01:37Z INFO [c3852] Log rotation completed
2025-01-26T17:50:39Z INFO [c6762] Backup completed successfully
2025-01-27T01:15:59Z INFO [c5196] Scheduled task executed
2025-01-31T01:04:47Z INFO [c1311] Configuration updated
2025-01-29T08:37:05Z INFO [c2635] Network latency within acceptable range
2025-01-24T06:27:50Z INFO [c4702] Memory usage within limits
2025-01-27T04:14:22Z INFO [c2972] Scheduled task executed
2025-01-28T08:29:32Z INFO [c9689] Disk space checked
2025-01-25T08:54:20Z INFO [c6996] SSL certificate renewed
2025-01-24T23:07:10Z INFO [c4467] Database query executed
2025-01-31T03:23:12Z INFO [c2182] CPU usage within limits
2025-01-23T20:19:04Z INFO [c2196] Backup completed successfully
2025-01-25T05:06:27Z INFO [c5923] Cache cleared
2025-01-31T04:47:57Z INFO [c3073] Request processed successfully
2025-01-25T06:18:28Z INFO [c1311] Container started
2025-01-29T18:19:31Z INFO [c2739] Network latency within acceptable range
2025-01-25T19:17:03Z INFO [c4030] Database query executed
2025-01-24T06:19:58Z INFO [c3579] Image pulled successfully
2025-01-27T02:51:35Z INFO [c4752] CPU usage within limits
2025-01-30T22:44:47Z INFO [c5976] Container started
2025-01-31T17:24:41Z INFO [c1141] Service restarted
2025-01-30T19:19:37Z INFO [c2327] Service restarted
2025-01-25T03:27:47Z INFO [c6508] CPU usage within limits
2025-01-23T20:31:20Z INFO [c3021] Scheduled task executed
2025-01-26T02:10:05Z INFO [c5134] Service restarted
2025-01-29T14:25:00Z INFO [c3864] Listening on port 80
2025-01-31T08:26:31Z INFO [c2406] Connected to database
2025-01-28T23:27:21Z INFO [c3163] Connected to database
2025-01-31T08:09:10Z INFO [c8823] Database query executed
2025-01-24T18:19:40Z INFO [c8364] Log rotation completed
2025-01-26T22:15:12Z INFO [c6447] Service restarted
2025-01-26T14:48:09Z INFO [c8531] Disk space checked
2025-01-26T07:31:01Z INFO [c8736] Scheduled task executed
2025-01-26T16:31:13Z INFO [c5875] Container started
2025-01-26T00:11:56Z INFO [c3551] Memory usage within limits
2025-01-27T09:57:24Z INFO [c7494] SSL certificate renewed
2025-01-26T14:18:34Z INFO [c8399] Listening on port 80
2025-01-29T18:18:17Z INFO [c4101] Container stopped
2025-01-29T19:40:27Z INFO [c4399] Scheduled task executed
2025-01-30T01:36:34Z INFO [c9054] Memory usage within limits
2025-01-27T21:27:16Z INFO [c2868] Cache cleared
2025-01-31T10:43:14Z INFO [c5937] Container started
2025-01-24T01:32:42Z INFO [c5611] Backup completed successfully
2025-01-30T12:37:05Z INFO [c6967] Request processed successfully
2025-01-30T16:59:48Z INFO [c3714] Scheduled task executed
2025-01-30T09:11:52Z INFO [c6441] SSL certificate renewed
2025-01-24T00:38:49Z INFO [c9446] Connected to database
2025-01-29T07:26:55Z INFO [c8357] SSL certificate renewed
2025-01-24T06:17:52Z INFO [c7909] Listening on port 80
2025-01-27T21:03:47Z INFO [c9880] Container started
2025-01-25T09:13:46Z INFO [c9682] Database query executed
2025-01-27T00:43:30Z INFO [c7735] User logged in
2025-01-25T23:55:06Z INFO [c6226] Disk space checked
2025-01-27T00:49:31Z INFO [c2233] SSL certificate renewed
2025-01-25T22:13:26Z INFO [c9837] User logged in
2025-01-28T16:14:04Z INFO [c2839] Memory usage within limits
2025-01-29T12:33:20Z INFO [c4654] SSL certificate renewed
2025-01-30T03:49:22Z INFO [c5514] Container started
2025-01-24T13:02:58Z INFO [c3145] Disk space checked
2025-01-27T18:45:36Z INFO [c8249] Disk space checked
2025-01-28T13:20:36Z INFO [c8871] Backup completed successfully
2025-01-23T19:29:25Z INFO [c7077] Request processed successfully
2025-01-28T12:26:56Z INFO [c4475] Request processed successfully
2025-01-27T11:03:08Z INFO [c1089] Configuration updated
2025-01-25T23:36:04Z INFO [c2510] Connected to database
2025-01-30T03:40:11Z INFO [c4297] Log rotation completed
2025-01-27T11:25:18Z INFO [c6276] CPU usage within limits
2025-01-29T19:57:02Z INFO [c2684] Listening on port 80
2025-01-28T23:23:11Z INFO [c1873] Container started
2025-01-29T01:59:56Z INFO [c1671] Cache cleared
2025-01-29T21:13:33Z INFO [c2895] Connected to database
2025-01-30T13:54:35Z INFO [c3132] Connected to database
2025-01-26T01:19:39Z INFO [c6957] CPU usage within limits
2025-01-27T22:03:39Z INFO [c6942] Configuration updated
2025-01-27T20:05:26Z INFO [c6137] Listening on port 80
2025-01-29T12:33:05Z INFO [c2226] Port scan detected from 10.0.0.1
2025-01-27T04:14:54Z INFO [c7065] SSL certificate renewed
2025-01-30T13:24:01Z INFO [c9236] Disk space checked
2025-01-29T20:32:41Z INFO [c2196] SSL certificate renewed
2025-01-23T21:55:23Z INFO [c7928] SSL certificate renewed
2025-01-25T13:42:44Z INFO [c4777] Log rotation completed
2025-01-24T08:40:09Z INFO [c7041] Network latency within acceptable range
2025-01-30T12:36:27Z INFO [c1954] Network latency within acceptable range
2025-01-27T07:38:40Z INFO [c5864] Database query executed
2025-01-25T13:36:37Z INFO [c5897] Container stopped
2025-01-25T20:00:52Z INFO [c3330] Scheduled task executed
2025-01-30T16:49:06Z INFO [c3678] Scheduled task executed
2025-01-30T23:01:21Z INFO [c1290] Cache cleared
2025-01-24T19:32:42Z INFO [c3058] Log rotation completed
2025-01-28T08:19:44Z INFO [c8824] Request processed successfully
2025-01-30T17:11:19Z INFO [c8174] Health check passed
2025-01-24T01:29:56Z INFO [c5716] Memory usage within limits
2025-01-25T16:04:40Z INFO [c3688] Backup completed successfully
2025-01-27T02:42:04Z INFO [c2788] Service restarted
2025-01-25T10:39:58Z INFO [c3660] SSL certificate renewed
2025-01-24T14:45:49Z INFO [c8733] Container stopped
2025-01-27T10:31:58Z INFO [c6069] Health check passed
2025-01-28T20:43:43Z INFO [c1713] Log rotation completed
2025-01-27T10:03:33Z INFO [c9349] Container stopped
2025-01-25T22:57:41Z INFO [c7812] Scheduled task executed
2025-01-28T02:23:46Z INFO [c4898] Image pulled successfully
2025-01-25T11:13:20Z INFO [c4509] Network latency within acceptable range
2025-01-29T21:42:03Z INFO [c1293] Container stopped
2025-01-24T01:16:44Z INFO [c6334] Health check passed
2025-01-26T18:24:27Z INFO [c4061] Container stopped
2025-01-29T11:00:05Z INFO [c8203] Scheduled task executed
2025-01-25T15:43:19Z INFO [c5052] Request processed successfully
2025-01-27T17:58:42Z INFO [c7143] Container running in privileged mode
2025-01-25T00:55:42Z INFO [c1555] Disk space checked
2025-01-26T19:18:25Z INFO [c5741] User logged in
2025-01-28T22:26:14Z INFO [c7395] CPU usage within limits
2025-01-26T07:40:49Z INFO [c1063] Configuration updated
2025-01-30T19:19:06Z INFO [c9060] SSL certificate renewed
2025-01-25T04:02:01Z INFO [c2956] Configuration updated
2025-01-28T06:01:28Z INFO [c9317] Database query executed
2025-01-26T14:44:13Z INFO [c7981] Configuration updated
2025-01-30T18:54:20Z INFO [c3172] CPU usage within limits
2025-01-26T08:59:14Z INFO [c3783] Service restarted
2025-01-24T22:04:43Z INFO [c2100] Request processed successfully
2025-01-27T23:56:25Z INFO [c9586] Disk space checked
2025-01-30T12:29:32Z INFO [c8757] Listening on port 80
2025-01-28T07:49:30Z INFO [c3242] Connected to database
2025-01-24T13:26:44Z INFO [c2992] Container started
2025-01-31T13:51:46Z INFO [c8597] Container stopped
2025-01-24T18:24:49Z INFO [c5487] CPU usage within limits
2025-01-24T01:31:57Z INFO [c1973] Listening on port 80
2025-01-31T03:02:35Z INFO [c6764] Container started
2025-01-30T11:15:25Z INFO [c2320] Cache cleared
2025-01-30T12:36:09Z INFO [c6052] Image pulled successfully
2025-01-28T04:19:09Z INFO [c5082] Service restarted
2025-01-30T00:46:42Z INFO [c5441] Connected to database
2025-01-26T04:15:04Z INFO [c9547] Container started
2025-01-31T03:58:20Z INFO [c3848] Health check passed
2025-01-28T17:09:50Z INFO [c7436] Listening on port 80
2025-01-31T12:10:40Z INFO [c2103] Configuration updated
2025-01-29T18:05:30Z INFO [c9360] Database query executed
2025-01-28T16:21:24Z INFO [c9508] Database query executed
2025-01-26T11:17:28Z INFO [c3032] Container started
2025-01-27T23:11:13Z INFO [c4914] Listening on port 80
2025-01-26T21:16:27Z INFO [c1295] Cache cleared
2025-01-24T17:51:21Z INFO [c7150] CPU usage within limits
2025-01-31T14:01:56Z INFO [c4880] SSL certificate renewed
2025-01-30T02:02:52Z INFO [c3205] Scheduled task executed
2025-01-27T03:57:58Z INFO [c5639] CPU usage within limits
2025-01-24T14:12:37Z INFO [c1275] Cache cleared
2025-01-27T16:12:32Z INFO [c9289] Connected to database
2025-01-23T20:41:14Z INFO [c5195] User logged in
2025-01-31T08:27:14Z INFO [c6265] Log rotation completed
2025-01-27T04:21:43Z INFO [c5134] Service restarted
2025-01-29T04:50:23Z INFO [c5254] User logged in
2025-01-26T07:49:50Z INFO [c5727] Connected to database
2025-01-24T17:51:57Z INFO [c8711] Disk space checked
2025-01-27T10:14:45Z INFO [c6063] Scheduled task executed
2025-01-25T12:46:56Z INFO [c6788] Network latency within acceptable range
2025-01-24T08:58:18Z INFO [c6801] Image pulled successfully
2025-01-29T01:43:12Z INFO [c5535] Database query executed
2025-01-27T07:24:00Z INFO [c3231] Image pulled successfully
2025-01-26T08:11:05Z INFO [c6890] Container escape attempt detected
2025-01-23T19:22:40Z INFO [c6860] User logged in
2025-01-27T21:30:52Z INFO [c5890] CPU usage within limits
2025-01-28T15:46:28Z INFO [c9814] Service restarted
2025-01-25T07:29:14Z INFO [c5368] Request processed successfully
2025-01-28T02:27:18Z INFO [c8657] Container started
2025-01-30T00:36:48Z INFO [c2001] Cache cleared
2025-01-29T00:32:46Z INFO [c9400] Connected to database
2025-01-29T15:01:46Z INFO [c7146] Memory usage within limits
2025-01-31T14:58:49Z INFO [c9607] Container started
2025-01-29T21:41:54Z INFO [c6312] Suspicious file modification detected
2025-01-28T03:14:14Z INFO [c1469] SSL certificate renewed
2025-01-24T10:09:24Z INFO [c8352] Listening on port 80
2025-01-30T06:50:59Z INFO [c3531] Database query executed
2025-01-25T09:09:21Z INFO [c6787] Service restarted
2025-01-31T13:58:10Z INFO [c9047] Cache cleared
2025-01-24T13:02:54Z INFO [c9789] User logged in
2025-01-31T06:52:53Z INFO [c1589] CPU usage within limits
2025-01-29T22:11:37Z INFO [c3405] Database query executed
2025-01-29T04:50:59Z INFO [c4030] Disk space checked
2025-01-29T14:43:20Z INFO [c5415] Disk space checked
2025-01-25T16:53:27Z INFO [c9854] SSL certificate renewed
2025-01-24T23:15:24Z INFO [c3864] Network latency within acceptable range
2025-01-25T05:32:58Z INFO [c4850] Image pulled successfully
2025-01-25T08:31:44Z INFO [c3119] Image pulled successfully
2025-01-27T18:52:20Z INFO [c1460] Connected to database
2025-01-30T18:37:03Z INFO [c8198] Connected to database
2025-01-30T06:16:08Z INFO [c7197] Configuration updated
2025-01-28T08:15:17Z INFO [c7444] Image pulled successfully
2025-01-30T10:17:24Z INFO [c1632] Request processed successfully
2025-01-27T17:34:30Z INFO [c8787] Cache cleared
2025-01-26T02:20:41Z INFO [c3497] Container stopped
2025-01-24T09:21:40Z INFO [c1607] Configuration updated
2025-01-25T11:12:42Z INFO [c5005] CPU usage within limits
2025-01-23T19:08:38Z INFO [c7638] Log rotation completed
2025-01-26T02:09:09Z INFO [c5540] Container stopped
2025-01-23T17:55:33Z INFO [c7042] User logged in
2025-01-29T07:09:05Z INFO [c5137] Container stopped
2025-01-30T15:00:05Z INFO [c6324] Health check passed
2025-01-31T08:41:25Z INFO [c9278] Scheduled task executed
2025-01-27T01:00:26Z INFO [c9349] Configuration updated
2025-01-27T14:28:30Z INFO [c1802] Listening on port 80
2025-01-30T23:09:09Z INFO [c4062] Disk space checked
2025-01-27T05:33:38Z INFO [c5215] Listening on port 80
2025-01-29T12:46:15Z INFO [c7697] Cache cleared
2025-01-24T01:19:59Z INFO [c3681] User logged in
2025-01-24T10:09:25Z INFO [c4987] Listening on port 80
2025-01-25T09:36:42Z INFO [c7343] Connected to database
2025-01-25T12:22:36Z INFO [c3207] Health check passed
2025-01-26T16:54:07Z INFO [c8113] Cache cleared
2025-01-31T06:22:02Z INFO [c7019] CPU usage within limits
2025-01-26T01:17:12Z INFO [c3563] Database query executed
2025-01-28T17:05:40Z INFO [c9634] Image pulled successfully
2025-01-25T05:47:16Z INFO [c8695] Log rotation completed
2025-01-24T20:36:46Z INFO [c3557] Log rotation completed
2025-01-24T23:16:12Z INFO [c1779] Memory usage within limits
2025-01-25T20:28:48Z INFO [c5328] Image pulled successfully
2025-01-27T01:26:12Z INFO [c2255] Health check passed
2025-01-24T15:28:58Z INFO [c6056] Memory usage within limits
2025-01-24T10:45:01Z INFO [c9640] Configuration updated
2025-01-24T03:59:10Z INFO [c6768] Memory usage within limits
2025-01-27T03:42:09Z INFO [c4518] Container started
2025-01-26T02:40:34Z INFO [c2531] Database query executed
2025-01-24T13:02:09Z INFO [c2609] CPU usage within limits
2025-01-29T04:37:07Z INFO [c4317] Scheduled task executed
2025-01-31T05:19:21Z INFO [c8859] Image pulled successfully
2025-01-24T04:26:10Z INFO [c1273] Memory usage within limits
2025-01-28T18:34:04Z INFO [c7758] Configuration updated
2025-01-25T07:34:34Z INFO [c9137] Disk space checked
2025-01-31T05:32:16Z INFO [c3609] Image pulled successfully
2025-01-30T16:19:23Z INFO [c5234] Service restarted
2025-01-27T08:50:26Z INFO [c4693] SSL certificate renewed
2025-01-26T17:42:53Z INFO [c9085] Backup completed successfully
2025-01-24T17:10:26Z INFO [c7665] Listening on port 80
2025-01-27T04:47:28Z INFO [c3558] Database query executed
2025-01-25T22:10:08Z INFO [c4020] Configuration updated
2025-01-31T09:19:48Z INFO [c4103] CPU usage within limits
2025-01-30T07:54:21Z INFO [c4954] CPU usage within limits
2025-01-24T01:39:26Z INFO [c9634] Container stopped
2025-01-29T18:15:07Z INFO [c3841] Log rotation completed
2025-01-24T13:56:07Z INFO [c1906] Backup completed successfully
2025-01-25T21:23:37Z INFO [c4965] Listening on port 80
2025-01-31T07:45:15Z INFO [c7026] Container started
2025-01-24T11:09:04Z INFO [c8328] Log rotation completed
2025-01-27T21:34:55Z INFO [c9714] Database query executed
2025-01-31T12:55:21Z INFO [c6792] Disk space checked
2025-01-25T19:39:00Z INFO [c1664] Log rotation completed
2025-01-30T23:47:49Z INFO [c7047] Container started
2025-01-29T19:18:03Z INFO [c3813] Cache cleared
2025-01-30T22:56:44Z INFO [c8666] Container stopped
2025-01-26T07:08:39Z INFO [c5322] Memory usage within limits
2025-01-30T01:15:12Z INFO [c5149] SSL certificate renewed
2025-01-26T00:29:59Z INFO [c5335] Configuration updated
2025-01-24T23:04:31Z INFO [c9955] Image pulled successfully
2025-01-26T03:15:27Z INFO [c5516] CPU usage within limits
2025-01-29T08:49:08Z INFO [c3475] Cryptocurrency mining activity detected
2025-01-24T11:42:25Z INFO [c7698] Container stopped
2025-01-26T17:09:41Z INFO [c4311] Listening on port 80
2025-01-27T22:38:53Z INFO [c6159] Database query executed
2025-01-28T16:19:26Z INFO [c5772] Image pulled successfully
2025-01-31T15:37:23Z INFO [c8803] Network latency within acceptable range
2025-01-24T05:00:19Z INFO [c8489] Listening on port 80
2025-01-29T13:40:48Z INFO [c3975] Connected to database
2025-01-30T21:26:01Z INFO [c3508] Container stopped
2025-01-29T14:12:26Z INFO [c2314] Disk space checked
2025-01-29T16:16:10Z INFO [c4791] Container stopped
2025-01-24T02:09:00Z INFO [c9586] Disk space checked
2025-01-29T09:57:25Z INFO [c1506] Database query executed
2025-01-29T06:59:58Z INFO [c4503] SSL certificate renewed
2025-01-27T04:12:09Z INFO [c3025] Disk space checked
2025-01-30T05:52:23Z INFO [c6407] Request processed successfully
2025-01-30T03:52:32Z INFO [c3644] Container started
2025-01-26T07:00:39Z INFO [c1089] Database query executed
2025-01-24T20:40:56Z INFO [c1833] Health check passed
2025-01-29T08:15:21Z INFO [c1906] Listening on port 80
2025-01-25T15:57:14Z INFO [c9758] User logged in
2025-01-25T11:36:52Z INFO [c6000] Network latency within acceptable range
2025-01-24T21:19:14Z INFO [c6067] Request processed successfully
2025-01-29T23:00:02Z INFO [c3896] User logged in
2025-01-27T20:46:59Z INFO [c7597] Database query executed
2025-01-28T16:43:33Z INFO [c1998] Image pulled successfully
2025-01-25T19:31:02Z INFO [c9459] Network latency within acceptable range
2025-01-24T21:55:02Z INFO [c3202] Container started
2025-01-28T19:18:10Z INFO [c6959] Cache cleared
2025-01-29T23:53:44Z INFO [c2706] Container started
2025-01-24T08:37:16Z INFO [c8933] User logged in
2025-01-26T17:09:51Z INFO [c2442] Database query executed
2025-01-28T03:33:04Z INFO [c9239] Service restarted
2025-01-29T16:19:39Z INFO [c8426] Database query executed
2025-01-23T19:25:49Z INFO [c5658] Network latency within acceptable range
2025-01-28T19:23:56Z INFO [c6749] Service restarted
2025-01-31T16:47:59Z INFO [c8845] Container stopped
2025-01-29T18:49:18Z INFO [c7086] Service restarted
2025-01-23T22:40:19Z INFO [c4981] Image pulled successfully
2025-01-24T18:15:10Z INFO [c1813] Health check passed
2025-01-28T06:57:26Z INFO [c4549] Image pulled successfully
2025-01-27T15:42:33Z INFO [c2301] Memory usage within limits
2025-01-30T13:18:50Z INFO [c7944] Listening on port 80
2025-01-29T15:04:48Z INFO [c3961] Service restarted
2025-01-31T12:08:56Z INFO [c1941] Connected to database
2025-01-27T17:26:03Z INFO [c5586] Database query executed
2025-01-28T06:36:12Z INFO [c1634] Database query executed
2025-01-30T11:58:27Z INFO [c8194] CPU usage within limits
2025-01-30T06:42:46Z INFO [c2837] Configuration updated
2025-01-25T08:38:53Z INFO [c7758] Container stopped
2025-01-23T20:32:29Z INFO [c2372] Health check passed
2025-01-24T08:55:50Z INFO [c4497] Database query executed
2025-01-24T06:37:00Z INFO [c1558] Scheduled task executed
2025-01-27T02:30:07Z INFO [c4136] Container stopped
2025-01-24T16:17:38Z INFO [c1734] Log rotation completed
2025-01-30T23:19:11Z INFO [c8247] Backup completed successfully
2025-01-30T09:45:39Z INFO [c5809] Memory usage within limits
2025-01-29T00:58:20Z INFO [c7434] Disk space checked
2025-01-28T01:56:08Z INFO [c8271] Listening on port 80
2025-01-31T15:40:15Z INFO [c5464] Request processed successfully
2025-01-25T18:17:26Z INFO [c3716] Image pulled successfully
2025-01-25T10:46:05Z INFO [c2777] SSL certificate renewed
2025-01-28T22:12:10Z INFO [c5124] Connected to database
2025-01-24T21:28:50Z INFO [c4013] Health check passed
2025-01-30T13:27:34Z INFO [c1897] Request processed successfully
2025-01-24T03:48:49Z INFO [c7959] Request processed successfully
2025-01-25T20:35:24Z INFO [c1982] Network latency within acceptable range
2025-01-30T04:33:56Z INFO [c7601] Connected to database
2025-01-27T15:20:32Z INFO [c5666] Configuration updated
2025-01-31T12:36:01Z INFO [c9023] Database query executed
2025-01-25T16:27:39Z INFO [c2775] Backup completed successfully
2025-01-27T14:32:22Z INFO [c8236] Cache cleared
2025-01-24T12:41:03Z INFO [c9199] Backup completed successfully
2025-01-24T17:41:14Z INFO [c2861] Scheduled task executed
2025-01-26T19:11:39Z INFO [c7549] Connected to database
2025-01-27T09:23:43Z INFO [c3292] Health check passed
2025-01-30T14:50:09Z INFO [c9803] Listening on port 80
2025-01-29T15:26:39Z INFO [c5438] Network latency within acceptable range
2025-01-30T18:10:26Z INFO [c6480] Listening on port 80
2025-01-26T06:36:19Z INFO [c6726] CPU usage within limits
2025-01-26T04:10:31Z INFO [c2656] Disk space checked
2025-01-28T16:56:48Z INFO [c8047] User logged in
2025-01-27T19:31:20Z INFO [c7153] Log rotation completed
2025-01-27T16:46:42Z INFO [c1661] Connected to database
2025-01-27T00:37:32Z INFO [c2909] User logged in
2025-01-25T17:54:25Z INFO [c7297] Image pulled successfully
2025-01-27T01:39:37Z INFO [c6034] Request processed successfully
