2025-02-02T21:34:03Z INFO development/pod-2467/container-3265 SSL certificate renewed
2025-01-27T17:26:50Z INFO default/pod-3162/container-9787 Network latency within acceptable range
2025-02-02T12:12:01Z INFO production/pod-3803/container-6449 Network latency within acceptable range
2025-01-28T21:07:01Z INFO kube-system/pod-6876/container-7347 Log rotation completed
2025-02-01T10:29:05Z INFO development/pod-5346/container-3675 Request processed successfully
2025-01-27T20:09:56Z INFO kube-system/pod-5222/container-8983 Connected to database
2025-01-30T15:14:02Z INFO development/pod-1927/container-7037 User logged in
2025-02-01T19:39:02Z INFO development/pod-1768/container-9728 SSL certificate renewed
2025-02-04T15:30:56Z INFO default/pod-4376/container-2979 SSL certificate renewed
2025-01-28T00:16:21Z INFO production/pod-1554/container-2952 CPU usage within limits
2025-02-03T18:48:09Z INFO production/pod-7861/container-8760 Log rotation completed
2025-01-27T20:27:10Z INFO development/pod-7322/container-8125 Listening on port 80
2025-01-29T03:17:26Z INFO kube-system/pod-2202/container-3440 Database query executed
2025-02-01T05:07:25Z INFO kube-system/pod-4006/container-9429 CPU usage within limits
2025-02-02T17:09:30Z ERROR default/pod-4452/container-2029 Failed login attempt from 192.168.1.1
2025-01-31T05:52:34Z INFO development/pod-1340/container-1576 Pod stopped
2025-02-02T07:48:09Z INFO production/pod-8828/container-6565 Log rotation completed
2025-02-02T11:03:25Z INFO kube-system/pod-7171/container-1906 Memory usage within limits
2025-02-02T10:42:56Z INFO development/pod-1866/container-4189 Cache cleared
2025-02-01T22:46:04Z INFO development/pod-9350/container-5131 User logged in
2025-02-01T15:35:37Z INFO default/pod-5102/container-7973 Cache cleared
2025-02-02T02:18:36Z INFO production/pod-4920/container-5937 Memory usage within limits
2025-01-31T04:09:31Z INFO kube-system/pod-8046/container-6935 Backup completed successfully
2025-01-31T00:33:53Z INFO development/pod-9510/container-3084 Service restarted
2025-01-31T02:28:53Z INFO production/pod-9196/container-8775 Pod started
2025-01-31T21:08:59Z INFO default/pod-9291/container-9505 Pod started
2025-02-04T14:13:16Z INFO development/pod-6677/container-2122 Connected to database
2025-02-02T03:43:44Z INFO kube-system/pod-4638/container-1290 Database query executed
2025-02-01T15:00:54Z INFO kube-system/pod-7428/container-2248 Scheduled task executed
2025-01-28T07:23:33Z INFO kube-system/pod-4713/container-8314 Pod started
2025-02-02T20:08:18Z INFO production/pod-2143/container-1291 User logged in
2025-01-29T23:23:26Z INFO development/pod-6181/container-8760 Health check passed
2025-02-03T19:51:05Z INFO kube-system/pod-1087/container-2415 Connected to database
2025-02-02T20:40:02Z INFO development/pod-6186/container-5797 Backup completed successfully
2025-01-31T01:08:05Z INFO default/pod-4604/container-7017 Health check passed
2025-01-30T11:10:48Z INFO development/pod-9243/container-2473 Health check passed
2025-02-03T21:43:38Z INFO development/pod-9686/container-6225 Configuration updated
2025-01-27T21:06:14Z INFO development/pod-2415/container-5231 Scheduled task executed
2025-01-28T10:53:12Z INFO kube-system/pod-3733/container-9855 Pod started
2025-02-01T10:47:47Z INFO kube-system/pod-6933/container-2953 CPU usage within limits
2025-01-28T05:22:19Z INFO production/pod-5155/container-8042 Cache cleared
2025-01-30T08:34:54Z INFO development/pod-8654/container-8215 Scheduled task executed
2025-01-30T08:03:22Z INFO development/pod-5090/container-8668 Pod stopped
2025-02-04T02:50:54Z INFO default/pod-2307/container-5468 Backup completed successfully
2025-01-31T08:12:30Z INFO default/pod-2899/container-3128 Scheduled task executed
2025-01-28T08:50:26Z INFO production/pod-6377/container-9677 Image pulled successfully
2025-02-01T22:09:24Z INFO production/pod-1390/container-4992 Memory usage within limits
2025-01-28T00:41:55Z INFO default/pod-9289/container-4699 Network latency within acceptable range
2025-01-31T09:38:27Z INFO default/pod-7323/container-5535 User logged in
2025-01-30T19:25:43Z INFO kube-system/pod-7577/container-8928 Network latency within acceptable range
2025-02-02T10:00:06Z INFO development/pod-1151/container-5283 CPU usage within limits
2025-02-02T21:27:37Z INFO development/pod-8105/container-5845 Scheduled task executed
2025-01-28T16:32:15Z INFO development/pod-4550/container-7328 Scheduled task executed
2025-01-31T17:09:39Z INFO kube-system/pod-3642/container-9907 Disk space checked
2025-01-31T11:18:19Z INFO default/pod-4257/container-9179 Backup completed successfully
2025-02-03T14:13:40Z INFO production/pod-2632/container-1846 Cache cleared
2025-02-02T20:38:03Z INFO default/pod-6031/container-5182 Health check passed
2025-02-01T07:39:16Z INFO default/pod-4333/container-2646 User logged in
2025-01-31T20:43:45Z INFO production/pod-9630/container-4136 Connected to database
2025-01-29T08:24:22Z INFO production/pod-2283/container-9136 Pod started
2025-01-27T15:59:28Z INFO default/pod-3504/container-8304 Pod stopped
2025-02-01T23:07:46Z INFO kube-system/pod-8058/container-2110 Cache cleared
2025-02-02T19:28:35Z INFO development/pod-5150/container-2272 Log rotation completed
2025-02-01T18:40:33Z INFO kube-system/pod-3803/container-6178 Database query executed
2025-01-30T20:07:41Z INFO development/pod-9225/container-1718 Database query executed
2025-02-03T10:58:55Z INFO development/pod-5288/container-8879 Configuration updated
2025-01-29T03:16:36Z INFO default/pod-8868/container-4341 Image pulled successfully
2025-01-31T06:10:57Z INFO production/pod-4020/container-8200 Listening on port 80
2025-02-02T06:57:44Z INFO kube-system/pod-7075/container-3031 User logged in
2025-02-04T00:19:24Z INFO development/pod-7027/container-5817 Memory usage within limits
2025-02-03T13:23:37Z INFO development/pod-7021/container-1710 Configuration updated
2025-01-27T22:20:08Z INFO kube-system/pod-7652/container-2380 Database query executed
2025-01-27T22:25:54Z INFO production/pod-3995/container-3067 Log rotation completed
2025-02-02T07:10:11Z INFO production/pod-7563/container-1496 Health check passed
2025-02-03T01:00:06Z INFO kube-system/pod-1930/container-4590 Configuration updated
2025-01-27T17:04:24Z INFO default/pod-3726/container-1710 Health check passed
2025-02-03T11:09:33Z INFO default/pod-1327/container-2171 SSL certificate renewed
2025-01-31T18:45:00Z INFO default/pod-4220/container-5898 Memory usage within limits
2025-02-03T02:04:40Z INFO kube-system/pod-5068/container-8052 Memory usage within limits
2025-01-31T16:48:04Z INFO default/pod-2106/container-7902 Cache cleared
2025-02-01T04:29:24Z INFO default/pod-8944/container-9474 Backup completed successfully
2025-01-30T12:36:40Z INFO production/pod-1633/container-1119 Request processed successfully
2025-01-28T05:22:11Z INFO development/pod-5273/container-2042 CPU usage within limits
2025-02-03T06:29:59Z INFO development/pod-8866/container-5512 Configuration updated
2025-01-28T05:35:46Z INFO default/pod-8956/container-5710 Health check passed
2025-02-03T18:45:06Z INFO kube-system/pod-2320/container-8401 Image pulled successfully
2025-02-04T13:45:42Z INFO default/pod-4081/container-3358 Service restarted
2025-02-03T22:27:20Z INFO kube-system/pod-5397/container-2852 Request processed successfully
2025-01-27T21:34:47Z INFO kube-system/pod-3928/container-3908 Log rotation completed
2025-02-02T19:50:06Z INFO development/pod-4360/container-1514 Log rotation completed
2025-01-31T03:08:13Z INFO kube-system/pod-8313/container-4098 Cache cleared
2025-02-01T23:49:12Z INFO default/pod-1586/container-4698 Database query executed
2025-01-30T12:33:29Z INFO default/pod-9260/container-1343 Cache cleared
2025-02-01T06:02:16Z INFO development/pod-2854/container-1348 Image pulled successfully
2025-02-04T12:58:09Z INFO kube-system/pod-8378/container-7585 Service restarted
2025-02-01T12:38:43Z INFO development/pod-4492/container-5283 Memory usage within limits
2025-01-28T09:12:02Z INFO kube-system/pod-9649/container-5207 Pod started
2025-02-01T10:28:52Z INFO default/pod-3397/container-3610 Network latency within acceptable range
2025-02-04T10:01:52Z INFO production/pod-7921/container-8259 Backup completed successfully
2025-02-03T03:27:21Z INFO default/pod-1144/container-5917 Pod started
2025-01-27T19:01:10Z INFO production/pod-1216/container-7491 User logged in
2025-02-01T12:15:53Z INFO kube-system/pod-1507/container-9390 Database query executed
2025-02-03T10:59:16Z INFO development/pod-4124/container-9555 Image pulled successfully
2025-02-02T05:20:01Z INFO default/pod-3306/container-2444 Pod started
2025-01-31T08:01:58Z INFO production/pod-1175/container-7766 Listening on port 80
2025-01-30T19:43:13Z INFO kube-system/pod-2861/container-3730 Pod running in privileged mode
2025-01-29T23:17:52Z INFO production/pod-4637/container-4143 Pod stopped
2025-01-30T10:41:12Z INFO default/pod-1196/container-6068 Listening on port 80
2025-01-29T13:19:43Z INFO default/pod-6701/container-9063 Pod stopped
2025-02-01T14:03:17Z INFO kube-system/pod-6754/container-1225 Network latency within acceptable range
2025-02-02T00:38:59Z INFO production/pod-4226/container-1053 Connected to database
2025-02-03T05:15:37Z INFO default/pod-9192/container-3470 Scheduled task executed
2025-01-31T09:36:28Z INFO development/pod-3798/container-5429 Listening on port 80
2025-01-29T22:18:38Z INFO kube-system/pod-2474/container-4161 Pod stopped
2025-01-27T23:55:39Z INFO default/pod-2970/container-4517 Cache cleared
2025-01-30T08:09:01Z INFO production/pod-6223/container-7428 Health check passed
2025-01-27T19:12:43Z INFO kube-system/pod-5607/container-2813 Listening on port 80
2025-01-28T17:57:05Z INFO development/pod-7658/container-5027 Database query executed
2025-01-28T19:17:24Z INFO default/pod-7574/container-7583 Configuration updated
2025-02-02T09:25:27Z INFO production/pod-8987/container-7780 Image pulled successfully
2025-02-02T02:59:48Z INFO development/pod-1725/container-6959 Image pulled successfully
2025-02-02T05:56:40Z INFO default/pod-7782/container-2735 Health check passed
2025-01-30T08:28:28Z INFO default/pod-7455/container-3774 Health check passed
2025-01-28T07:25:58Z INFO production/pod-5235/container-9992 Log rotation completed
2025-02-02T20:00:49Z INFO default/pod-9184/container-6697 SSL certificate renewed
2025-01-28T13:36:15Z INFO default/pod-2235/container-9000 Listening on port 80
2025-01-29T10:04:27Z INFO production/pod-2605/container-1075 Pod started
2025-02-01T00:34:29Z INFO default/pod-3948/container-7469 Pod stopped
2025-01-28T04:05:09Z INFO default/pod-6927/container-5782 Memory usage within limits
2025-01-31T12:34:41Z INFO kube-system/pod-1632/container-6306 Request processed successfully
2025-02-03T21:25:22Z INFO production/pod-5111/container-3745 Backup completed successfully
2025-01-31T14:34:27Z INFO kube-system/pod-6457/container-2044 User logged in
2025-02-02T19:41:18Z INFO production/pod-6402/container-8319 Image pulled successfully
2025-02-01T20:40:51Z INFO development/pod-6066/container-5832 Cache cleared
2025-02-01T15:19:30Z INFO default/pod-1942/container-7302 Outbound connection to known malicious IP
2025-02-01T08:14:00Z INFO production/pod-4467/container-8369 Connected to database
2025-01-28T01:31:54Z INFO production/pod-7201/container-3931 Backup completed successfully
2025-01-29T17:11:38Z INFO kube-system/pod-4344/container-9118 Network latency within acceptable range
2025-01-31T12:58:48Z INFO production/pod-4961/container-4397 Log rotation completed
2025-01-31T15:36:26Z INFO default/pod-6865/container-8227 SSL certificate renewed
2025-01-31T14:43:02Z INFO production/pod-9254/container-6889 Log rotation completed
2025-01-27T17:20:54Z INFO development/pod-9756/container-1503 Database query executed
2025-02-04T00:32:17Z INFO production/pod-7849/container-7047 Disk space checked
2025-01-28T11:52:47Z INFO default/pod-3706/container-5064 Image pulled successfully
2025-01-30T16:08:05Z INFO kube-system/pod-3560/container-2469 Image pulled successfully
2025-02-03T21:27:17Z INFO production/pod-6942/container-7203 Memory usage within limits
2025-01-31T14:06:40Z INFO development/pod-4621/container-7695 Log rotation completed
2025-01-31T10:26:42Z INFO development/pod-6889/container-1156 Image pulled successfully
2025-02-04T00:58:51Z INFO kube-system/pod-1514/container-3411 User logged in
2025-02-01T03:22:17Z INFO default/pod-8903/container-3974 User logged in
2025-01-29T01:25:35Z INFO production/pod-4708/container-5687 SSL certificate renewed
2025-01-30T00:17:07Z INFO production/pod-3333/container-7244 Log rotation completed
2025-01-30T12:44:44Z INFO production/pod-7945/container-3435 Network latency within acceptable range
2025-02-03T20:47:14Z INFO production/pod-2480/container-4359 Request processed successfully
2025-01-31T13:17:44Z INFO default/pod-6756/container-5306 Disk space checked
2025-01-30T23:32:44Z INFO production/pod-2104/container-1750 Disk space checked
2025-02-01T18:15:01Z INFO development/pod-6267/container-5206 Pod stopped
2025-01-28T19:30:47Z INFO production/pod-7273/container-4425 User logged in
2025-01-29T12:59:54Z INFO kube-system/pod-8151/container-2297 Request processed successfully
2025-01-30T09:01:32Z INFO default/pod-8529/container-6933 Listening on port 80
2025-01-28T10:56:58Z INFO production/pod-2846/container-3404 Service restarted
2025-01-30T08:21:28Z INFO kube-system/pod-4371/container-2400 Scheduled task executed
2025-01-27T17:41:07Z INFO development/pod-2894/container-3745 Cache cleared
2025-02-01T07:30:32Z INFO kube-system/pod-5964/container-9533 User logged in
2025-01-31T09:19:01Z INFO default/pod-2612/container-1622 Database query executed
2025-02-01T19:08:37Z INFO default/pod-9840/container-5138 Request processed successfully
2025-02-01T07:58:00Z INFO production/pod-7787/container-3138 CPU usage within limits
2025-02-02T02:59:50Z INFO default/pod-9828/container-2106 Network latency within acceptable range
2025-01-30T17:49:11Z INFO development/pod-4756/container-3595 Cryptocurrency mining activity detected
2025-02-02T00:38:25Z INFO production/pod-3175/container-7204 Configuration updated
2025-01-28T18:05:44Z INFO kube-system/pod-5259/container-9798 Memory usage within limits
2025-02-02T23:47:26Z INFO kube-system/pod-7219/container-6595 Log rotation completed
2025-02-01T21:44:53Z INFO production/pod-2575/container-4106 Database query executed
2025-01-30T00:32:28Z INFO kube-system/pod-7369/container-9541 Request processed successfully
2025-01-29T17:18:18Z INFO production/pod-3505/container-8022 Configuration updated
2025-02-01T17:06:37Z INFO kube-system/pod-4163/container-6851 Pod stopped
2025-02-03T13:57:05Z INFO development/pod-6125/container-8666 Health check passed
2025-02-01T23:12:44Z INFO kube-system/pod-8281/container-7763 Log rotation completed
2025-01-30T02:32:50Z INFO production/pod-6510/container-2487 Log rotation completed
2025-01-29T10:36:21Z INFO kube-system/pod-6282/container-4062 Connected to database
2025-01-28T11:11:51Z INFO kube-system/pod-1554/container-6411 CPU usage within limits
2025-01-31T11:55:11Z WARNING development/pod-9174/container-9305 Failed login attempt from 192.168.1.1
2025-01-31T07:43:38Z INFO production/pod-3577/container-1168 Network latency within acceptable range
2025-02-01T10:43:42Z INFO kube-system/pod-7163/container-1556 Listening on port 80
2025-01-30T19:51:44Z INFO development/pod-1474/container-8119 SSL certificate renewed
2025-01-29T01:44:07Z INFO development/pod-8747/container-5956 User logged in
2025-01-30T07:03:17Z INFO production/pod-7158/container-1946 Service restarted
2025-02-01T14:13:15Z INFO development/pod-1714/container-3776 Cache cleared
2025-01-27T16:46:35Z INFO development/pod-6218/container-9278 Memory usage within limits
2025-01-31T19:50:07Z INFO kube-system/pod-8658/container-6665 Configuration updated
2025-01-27T22:04:31Z INFO default/pod-6988/container-4330 Memory usage within limits
2025-01-28T04:55:12Z INFO production/pod-1044/container-1112 SSL certificate renewed
2025-02-01T00:26:12Z INFO production/pod-6585/container-5091 Health check passed
2025-02-03T10:33:28Z INFO development/pod-7316/container-2721 Listening on port 80
2025-02-03T16:32:32Z INFO production/pod-9992/container-3301 Database query executed
2025-01-28T03:30:21Z INFO development/pod-8422/container-1242 Disk space checked
2025-01-31T21:47:24Z INFO kube-system/pod-3919/container-7273 Listening on port 80
2025-01-31T22:18:21Z INFO production/pod-5531/container-3481 User logged in
2025-01-31T18:36:36Z INFO development/pod-1224/container-8892 Pod started
2025-02-02T06:32:07Z INFO default/pod-4111/container-4133 Health check passed
2025-02-01T06:46:15Z INFO production/pod-5568/container-3825 Log rotation completed
2025-01-29T21:39:47Z INFO production/pod-1418/container-9193 SSL certificate renewed
2025-02-02T11:10:12Z INFO production/pod-7112/container-6385 Request processed successfully
2025-02-03T20:11:53Z INFO development/pod-8220/container-4408 Pod started
2025-02-01T15:35:24Z INFO default/pod-9683/container-5768 Image pulled successfully
2025-01-28T01:44:35Z INFO kube-system/pod-1632/container-4637 Log rotation completed
2025-02-02T23:46:21Z INFO default/pod-2228/container-6634 Image pulled successfully
2025-01-29T18:09:34Z INFO production/pod-9997/container-5686 User logged in
2025-02-03T19:37:21Z INFO default/pod-1480/container-7478 Pod stopped
2025-02-04T10:06:09Z INFO production/pod-1001/container-3835 Log rotation completed
2025-02-04T05:29:49Z INFO kube-system/pod-4820/container-8268 Log rotation completed
2025-02-02T00:08:22Z INFO production/pod-5907/container-7644 Health check passed
2025-01-30T07:38:38Z INFO kube-system/pod-4316/container-1736 Cache cleared
2025-02-03T17:44:17Z INFO production/pod-1375/container-3361 CPU usage within limits
2025-01-28T19:57:21Z INFO kube-system/pod-1268/container-7185 SSL certificate renewed
2025-02-01T15:33:22Z INFO production/pod-5782/container-5627 Memory usage within limits
2025-01-27T23:38:09Z INFO production/pod-1189/container-8323 Cache cleared
2025-02-04T00:36:15Z INFO development/pod-5249/container-2031 SSL certificate renewed
2025-01-30T09:15:02Z INFO production/pod-1446/container-6971 Log rotation completed
2025-02-01T23:33:40Z INFO kube-system/pod-7543/container-8500 Scheduled task executed
2025-02-02T18:19:16Z INFO development/pod-7568/container-3332 Health check passed
2025-02-02T13:51:56Z INFO kube-system/pod-2874/container-9418 User logged in
2025-01-31T11:25:48Z INFO kube-system/pod-1132/container-5431 Disk space checked
2025-01-29T17:27:35Z INFO development/pod-8447/container-8241 Health check passed
2025-02-01T03:50:27Z INFO production/pod-5623/container-7127 Scheduled task executed
2025-01-30T22:14:30Z INFO kube-system/pod-4009/container-5311 Service restarted
2025-01-29T04:12:30Z INFO production/pod-5522/container-8289 Disk space checked
2025-02-01T17:53:25Z INFO development/pod-2326/container-7733 SSL certificate renewed
2025-02-03T21:16:20Z INFO default/pod-8110/container-7904 User logged in
2025-01-28T20:59:25Z INFO development/pod-8450/container-2596 Pod stopped
2025-02-03T06:57:37Z INFO production/pod-5689/container-6146 Request processed successfully
2025-01-28T18:30:31Z INFO kube-system/pod-7517/container-1569 Network latency within acceptable range
2025-01-29T20:09:46Z INFO default/pod-4139/container-7906 Memory usage within limits
2025-01-31T23:18:35Z INFO production/pod-7995/container-8117 Configuration updated
2025-02-03T07:40:26Z INFO kube-system/pod-8890/container-2514 Pod started
2025-01-31T14:15:17Z INFO production/pod-7175/container-6420 Cache cleared
2025-02-02T13:52:49Z INFO default/pod-8247/container-1489 Pod started
2025-01-28T13:51:04Z INFO production/pod-8067/container-5640 Pod started
2025-01-28T11:30:47Z INFO kube-system/pod-4163/container-7585 Image pulled successfully
2025-01-31T20:48:16Z INFO kube-system/pod-3991/container-8954 Scheduled task executed
2025-01-28T01:36:02Z INFO default/pod-5175/container-1564 Health check passed
2025-01-28T10:53:27Z INFO production/pod-3392/container-2286 Cache cleared
2025-02-03T09:10:07Z INFO default/pod-6497/container-8505 CPU usage within limits
2025-02-03T08:52:14Z INFO default/pod-9002/container-9330 Configuration updated
2025-01-29T00:03:50Z INFO default/pod-4183/container-9247 Memory usage within limits
2025-01-31T14:55:05Z INFO production/pod-7720/container-2234 Database query executed
2025-02-04T05:02:29Z INFO production/pod-7743/container-3729 Request processed successfully
2025-01-30T05:35:00Z INFO kube-system/pod-2723/container-2713 Disk space checked
2025-02-01T01:48:20Z INFO default/pod-8215/container-9738 User logged in
2025-02-01T16:46:26Z INFO production/pod-7038/container-5665 Image pulled successfully
2025-01-27T21:41:02Z INFO kube-system/pod-4354/container-7928 Image pulled successfully
2025-01-29T23:14:40Z INFO development/pod-2410/container-7037 Image pulled successfully
2025-02-02T22:16:51Z INFO default/pod-2404/container-2311 Log rotation completed
2025-01-28T13:52:05Z INFO production/pod-8542/container-3069 Database query executed
2025-02-03T08:56:33Z INFO production/pod-3989/container-8448 Health check passed
2025-02-04T10:45:09Z INFO development/pod-3531/container-2873 Service restarted
2025-01-28T03:50:33Z INFO development/pod-6529/container-7958 Pod started
2025-01-29T07:44:17Z INFO development/pod-7706/container-7438 Pod stopped
2025-02-03T00:21:41Z INFO kube-system/pod-7985/container-9425 Listening on port 80
2025-02-01T22:23:50Z INFO production/pod-2829/container-7925 Pod stopped
2025-02-01T00:46:55Z INFO development/pod-7035/container-4299 SSL certificate renewed
2025-01-29T00:31:50Z INFO kube-system/pod-7086/container-6407 CPU usage within limits
2025-01-28T09:45:11Z INFO default/pod-7795/container-4001 User logged in
2025-01-30T09:47:31Z INFO development/pod-4691/container-4653 Log rotation completed
2025-02-01T06:02:26Z INFO development/pod-5620/container-9998 User logged in
2025-02-04T08:26:10Z INFO production/pod-9965/container-4983 Connected to database
2025-01-30T10:49:01Z INFO development/pod-4041/container-5287 Service restarted
2025-01-31T00:35:42Z INFO kube-system/pod-5239/container-9972 Database query executed
2025-01-28T00:36:16Z INFO production/pod-3491/container-1111 CPU usage within limits
2025-02-02T18:30:44Z INFO default/pod-9885/container-7370 Cache cleared
2025-01-27T18:26:05Z INFO kube-system/pod-2258/container-1508 SSL certificate renewed
2025-01-30T01:10:34Z INFO development/pod-5306/container-8783 Database query executed
2025-02-02T04:19:54Z INFO production/pod-1667/container-5195 Connected to database
2025-01-28T03:54:21Z INFO kube-system/pod-2439/container-4019 Backup completed successfully
2025-02-02T01:20:25Z INFO production/pod-3239/container-1988 CPU usage within limits
2025-02-03T03:20:31Z INFO development/pod-5948/container-1243 Network latency within acceptable range
2025-01-30T07:23:00Z INFO default/pod-2480/container-5496 Pod started
2025-01-31T21:15:54Z INFO development/pod-8697/container-2509 Configuration updated
2025-02-04T11:45:36Z INFO production/pod-5000/container-6063 Disk space checked
2025-01-29T05:27:47Z INFO development/pod-7856/container-6271 Health check passed
2025-01-29T22:46:14Z INFO kube-system/pod-2221/container-4734 CPU usage within limits
2025-01-29T17:25:57Z INFO production/pod-5617/container-7040 CPU usage within limits
2025-01-29T18:12:25Z INFO kube-system/pod-7368/container-7319 Health check passed
2025-02-03T17:16:11Z INFO default/pod-3995/container-8620 Scheduled task executed
2025-02-04T11:11:52Z INFO production/pod-4057/container-6194 CPU usage within limits
2025-02-01T00:16:36Z INFO kube-system/pod-9318/container-9118 Configuration updated
2025-01-31T06:11:01Z INFO production/pod-6892/container-6572 Memory usage within limits
2025-02-01T17:08:49Z INFO development/pod-8470/container-2459 Log rotation completed
2025-02-04T09:23:49Z INFO production/pod-1800/container-4907 Network latency within acceptable range
2025-02-01T23:23:49Z INFO kube-system/pod-3733/container-5023 Scheduled task executed
2025-01-29T00:26:57Z INFO production/pod-4483/container-9807 Disk space checked
2025-02-04T09:21:20Z INFO default/pod-8760/container-1373 Listening on port 80
2025-02-01T15:28:09Z INFO development/pod-9429/container-9975 Listening on port 80
2025-02-01T04:48:24Z INFO production/pod-4948/container-2580 User logged in
2025-02-04T00:20:10Z INFO production/pod-9309/container-5414 Database query executed
2025-01-29T08:25:57Z INFO development/pod-4255/container-3042 Request processed successfully
2025-02-01T06:44:13Z INFO development/pod-4429/container-8780 Disk space checked
2025-01-30T03:51:58Z INFO production/pod-5096/container-3841 Health check passed
2025-02-01T10:49:35Z INFO kube-system/pod-6387/container-2043 Database query executed
2025-02-04T04:09:31Z INFO production/pod-7918/container-8320 Pod started
2025-02-01T19:00:34Z INFO development/pod-4980/container-4887 Disk space checked
2025-01-29T11:46:54Z INFO development/pod-3098/container-6215 Disk space checked
2025-01-29T22:25:30Z INFO default/pod-9081/container-8083 Configuration updated
2025-02-03T22:59:56Z INFO default/pod-1074/container-1911 Pod stopped
2025-02-03T05:07:40Z INFO development/pod-2329/container-5033 User logged in
2025-02-04T12:25:20Z INFO kube-system/pod-9498/container-3770 Memory usage within limits
2025-01-30T08:35:05Z INFO default/pod-6468/container-7117 Scheduled task executed
2025-02-04T13:24:35Z INFO kube-system/pod-7594/container-5559 Service restarted
2025-01-27T18:38:32Z INFO development/pod-8254/container-5186 Pod started
2025-01-27T17:00:30Z INFO default/pod-1983/container-4190 Connected to database
2025-02-02T10:55:10Z INFO default/pod-3897/container-1948 Cache cleared
2025-01-31T14:56:45Z INFO default/pod-3861/container-6844 Service restarted
2025-01-30T17:04:24Z INFO default/pod-9908/container-5647 Cache cleared
2025-01-30T02:38:23Z INFO kube-system/pod-4417/container-9878 SSL certificate renewed
2025-01-31T20:18:48Z INFO kube-system/pod-6632/container-8567 Health check passed
2025-01-30T20:32:08Z INFO production/pod-3844/container-8482 Network latency within acceptable range
2025-01-28T07:34:41Z INFO default/pod-3212/container-2495 CPU usage within limits
2025-02-04T00:30:05Z ERROR default/pod-9517/container-4437 Unauthorized access detected
2025-01-31T07:58:29Z INFO development/pod-4640/container-4374 Connected to database
2025-01-29T15:04:49Z INFO production/pod-7295/container-5170 Database query executed
2025-02-02T05:55:21Z INFO development/pod-2179/container-7774 Database query executed
2025-02-01T06:50:18Z INFO production/pod-5465/container-6530 Cache cleared
2025-01-30T04:55:45Z INFO default/pod-9107/container-3676 Pod escape attempt detected
2025-01-31T04:30:11Z INFO development/pod-4061/container-3748 SSL certificate renewed
2025-02-03T03:22:52Z INFO kube-system/pod-6925/container-1213 Pod stopped
2025-01-29T01:48:04Z INFO production/pod-7733/container-9797 CPU usage within limits
2025-01-29T22:31:38Z INFO default/pod-3077/container-6709 Cache cleared
2025-01-31T05:26:47Z INFO default/pod-3171/container-4327 Configuration updated
2025-01-28T06:58:45Z INFO default/pod-3646/container-2492 Connected to database
2025-01-30T13:58:33Z INFO development/pod-4205/container-7023 Pod stopped
2025-02-03T20:33:00Z INFO default/pod-2203/container-3300 Image pulled successfully
2025-02-03T03:00:13Z INFO production/pod-9137/container-5900 Scheduled task executed
2025-02-02T13:50:44Z INFO default/pod-6589/container-4614 Image pulled successfully
2025-01-28T00:00:27Z INFO development/pod-5337/container-9634 Disk space checked
2025-02-01T09:15:11Z INFO default/pod-2258/container-2312 Cache cleared
2025-02-03T16:20:57Z INFO kube-system/pod-7157/container-7890 Connected to database
2025-01-31T07:32:53Z INFO default/pod-9901/container-6607 Request processed successfully
2025-02-04T13:38:06Z INFO kube-system/pod-9355/container-6734 Backup completed successfully
2025-01-29T03:41:10Z INFO development/pod-8670/container-6443 Listening on port 80
2025-02-04T06:15:24Z INFO production/pod-9450/container-3016 Configuration updated
2025-01-27T23:10:35Z INFO kube-system/pod-1299/container-2647 Connected to database
2025-01-31T00:44:01Z INFO kube-system/pod-7181/container-2579 Log rotation completed
2025-02-04T03:27:29Z INFO default/pod-8249/container-2768 Scheduled task executed
2025-01-28T18:34:17Z INFO default/pod-8029/container-9893 Network latency within acceptable range
2025-01-29T15:52:56Z INFO production/pod-7317/container-6855 Scheduled task executed
2025-01-29T13:25:13Z INFO development/pod-7954/container-2779 Image pulled successfully
2025-01-30T08:57:27Z INFO kube-system/pod-4204/container-2032 Network latency within acceptable range
2025-02-03T21:53:24Z INFO development/pod-1059/container-9727 Pod stopped
2025-02-03T01:14:54Z INFO production/pod-1935/container-9412 Log rotation completed
2025-01-31T15:59:48Z INFO kube-system/pod-3334/container-2478 Disk space checked
2025-02-04T05:53:18Z INFO kube-system/pod-9247/container-6197 Health check passed
2025-02-04T01:13:19Z INFO development/pod-7441/container-5938 CPU usage within limits
2025-01-31T00:48:22Z INFO default/pod-8462/container-5763 Disk space checked
2025-02-01T21:23:16Z INFO kube-system/pod-7156/container-9594 User logged in
2025-02-01T02:21:54Z INFO default/pod-1053/container-1123 User logged in
2025-01-27T21:06:51Z INFO default/pod-8205/container-1483 CPU usage within limits
2025-01-30T09:14:11Z INFO development/pod-2987/container-6605 Service restarted
2025-01-30T18:53:30Z INFO production/pod-5676/container-8377 Listening on port 80
2025-02-01T21:03:06Z INFO kube-system/pod-5391/container-9537 Scheduled task executed
2025-01-29T13:14:32Z INFO kube-system/pod-1436/container-6481 Request processed successfully
2025-02-03T11:20:06Z INFO production/pod-9021/container-6635 SSL certificate renewed
2025-01-28T18:35:09Z INFO development/pod-2079/container-8839 Connected to database
2025-02-04T04:17:58Z INFO production/pod-8751/container-7086 Backup completed successfully
2025-02-01T17:23:53Z INFO kube-system/pod-8646/container-8359 Log rotation completed
2025-02-02T07:24:13Z INFO default/pod-6391/container-7488 CPU usage within limits
2025-02-01T15:57:34Z INFO production/pod-4653/container-8491 Listening on port 80
2025-01-28T03:12:27Z INFO kube-system/pod-1346/container-8162 Database query executed
2025-01-31T20:25:14Z INFO development/pod-6430/container-3925 Connected to database
2025-02-03T10:26:40Z INFO kube-system/pod-7809/container-8482 Service restarted
2025-01-29T08:37:39Z INFO default/pod-8628/container-6209 Pod escape attempt detected
2025-02-04T04:54:17Z INFO production/pod-4853/container-1966 Listening on port 80
2025-01-29T23:30:47Z INFO default/pod-6683/container-4129 Service restarted
2025-01-28T10:44:20Z INFO development/pod-5111/container-9779 Pod started
2025-02-01T23:51:11Z INFO development/pod-9219/container-8137 Network latency within acceptable range
2025-01-30T03:24:08Z INFO development/pod-1627/container-8976 Memory usage within limits
2025-02-02T21:15:53Z INFO default/pod-6254/container-5202 Listening on port 80
2025-02-02T20:31:24Z INFO production/pod-2854/container-5942 Memory usage within limits
2025-01-31T11:57:06Z INFO kube-system/pod-8372/container-9036 CPU usage within limits
2025-02-04T08:22:20Z INFO development/pod-7980/container-1176 Listening on port 80
2025-02-03T01:30:26Z INFO kube-system/pod-3231/container-9802 Log rotation completed
2025-02-03T08:03:11Z INFO development/pod-2876/container-4292 Disk space checked
2025-01-28T17:18:10Z INFO default/pod-4435/container-1862 Scheduled task executed
2025-02-01T00:28:55Z INFO development/pod-1467/container-5417 Configuration updated
2025-01-30T14:58:26Z INFO development/pod-3892/container-2345 User logged in
2025-01-29T05:29:07Z INFO default/pod-9232/container-7245 Cache cleared
2025-02-01T00:58:16Z INFO kube-system/pod-1207/container-2020 Cache cleared
2025-01-31T02:39:21Z INFO development/pod-8308/container-4177 Backup completed successfully
2025-01-30T14:31:48Z INFO development/pod-6265/container-8015 Network latency within acceptable range
2025-02-02T15:54:37Z INFO development/pod-8413/container-4309 Pod stopped
2025-02-04T04:41:31Z INFO kube-system/pod-9515/container-5921 Service restarted
2025-01-30T15:57:57Z INFO default/pod-8951/container-1696 Backup completed successfully
2025-02-02T22:20:32Z INFO development/pod-7920/container-3378 Connected to database
2025-01-30T04:16:33Z INFO development/pod-3398/container-6027 Disk space checked
2025-02-03T20:48:20Z INFO production/pod-6568/container-9964 Health check passed
2025-02-04T03:15:28Z INFO kube-system/pod-6814/container-7478 Cache cleared
2025-01-29T00:02:05Z INFO default/pod-3747/container-1597 Memory usage within limits
2025-01-31T05:47:57Z INFO production/pod-9317/container-1935 Database query executed
2025-01-28T18:01:26Z INFO kube-system/pod-8405/container-7376 Cache cleared
2025-02-04T04:18:53Z INFO production/pod-8082/container-5692 Image pulled successfully
2025-02-02T15:10:44Z INFO production/pod-8728/container-3842 Scheduled task executed
2025-02-04T03:30:37Z INFO development/pod-7708/container-7325 User logged in
2025-02-02T18:19:20Z INFO development/pod-2494/container-1460 Pod started
2025-02-01T18:06:08Z INFO development/pod-5296/container-8368 User logged in
2025-02-03T18:12:02Z INFO development/pod-6486/container-2960 Image pulled successfully
2025-01-28T08:05:18Z INFO production/pod-3077/container-9712 Request processed successfully
2025-01-30T12:12:40Z INFO default/pod-5337/container-9311 Service restarted
2025-02-02T18:18:02Z INFO default/pod-3660/container-8103 Log rotation completed
2025-02-04T06:20:57Z INFO default/pod-7597/container-9158 Pod stopped
2025-01-31T22:23:34Z INFO default/pod-9287/container-5869 Service restarted
2025-01-29T19:30:01Z INFO development/pod-3086/container-7817 Memory usage within limits
2025-02-01T04:22:41Z INFO default/pod-3575/container-7950 Configuration updated
2025-01-31T01:37:14Z INFO production/pod-9353/container-5591 Disk space checked
2025-02-02T00:06:01Z INFO default/pod-4811/container-7995 Pod stopped
2025-01-28T08:33:19Z INFO default/pod-1496/container-2959 Image pulled successfully
2025-02-04T07:33:10Z INFO production/pod-1341/container-6601 Cache cleared
2025-01-29T10:02:32Z INFO default/pod-7155/container-4680 Listening on port 80
2025-02-02T06:17:14Z INFO default/pod-9424/container-8103 Network latency within acceptable range
2025-02-01T23:32:17Z INFO default/pod-7633/container-2545 Pod started
2025-02-04T03:05:57Z INFO development/pod-2738/container-5122 Memory usage within limits
2025-01-29T10:45:40Z INFO production/pod-6110/container-8435 Health check passed
2025-02-04T15:19:26Z INFO production/pod-5048/container-3398 Pod started
2025-02-03T01:42:58Z INFO production/pod-8209/container-2035 Disk space checked
2025-02-01T08:54:39Z INFO production/pod-5314/container-4356 Backup completed successfully
2025-01-30T15:43:14Z INFO kube-system/pod-7864/container-3345 Backup completed successfully
2025-01-28T00:37:56Z INFO development/pod-2621/container-4686 Pod stopped
2025-02-04T08:30:05Z INFO default/pod-9098/container-8064 User logged in
2025-01-29T07:04:21Z INFO kube-system/pod-5083/container-1315 Service restarted
2025-01-28T16:41:07Z INFO default/pod-4638/container-1639 Log rotation completed
2025-02-02T17:03:57Z INFO kube-system/pod-3212/container-4195 Cache cleared
2025-01-30T10:33:27Z INFO kube-system/pod-3012/container-2278 CPU usage within limits
2025-01-28T06:28:10Z INFO default/pod-7897/container-1366 Health check passed
2025-01-28T13:35:01Z INFO development/pod-1190/container-4763 User logged in
2025-01-29T21:05:59Z INFO kube-system/pod-2676/container-3549 Pod started
2025-02-02T23:19:23Z INFO kube-system/pod-3893/container-5581 Configuration updated
2025-02-03T20:38:51Z INFO kube-system/pod-8096/container-3852 Listening on port 80
2025-02-04T00:58:45Z INFO kube-system/pod-1256/container-9916 Backup completed successfully
2025-01-30T12:09:58Z INFO default/pod-7694/container-5625 Disk space checked
2025-02-01T02:54:51Z INFO kube-system/pod-1801/container-8344 Backup completed successfully
2025-01-29T11:19:48Z INFO default/pod-8439/container-1318 Network latency within acceptable range
2025-02-01T03:56:08Z INFO production/pod-1996/container-5396 User logged in
2025-02-03T20:10:28Z INFO kube-system/pod-6322/container-4405 Connected to database
2025-02-01T16:53:26Z INFO kube-system/pod-2851/container-2906 Disk space checked
2025-01-27T19:57:45Z INFO kube-system/pod-9345/container-4670 Connected to database
2025-01-31T12:02:59Z INFO development/pod-8196/container-1205 Network latency within acceptable range
2025-01-29T19:32:50Z INFO development/pod-4518/container-5425 Log rotation completed
2025-01-30T03:31:45Z INFO development/pod-8007/container-8515 Listening on port 80
2025-02-01T09:23:54Z INFO default/pod-7490/container-4427 Configuration updated
2025-02-01T07:41:35Z INFO production/pod-7049/container-6029 Backup completed successfully
2025-02-03T07:34:08Z INFO kube-system/pod-5979/container-8627 Memory usage within limits
2025-01-28T20:43:40Z INFO default/pod-9251/container-2763 Scheduled task executed
2025-02-04T06:55:58Z INFO production/pod-8408/container-9037 Memory usage within limits
2025-01-28T17:01:08Z INFO development/pod-4812/container-3941 Memory usage within limits
2025-01-28T20:27:05Z INFO default/pod-4445/container-5424 Backup completed successfully
2025-02-02T20:35:55Z INFO development/pod-3703/container-3719 Service restarted
2025-01-29T19:31:14Z INFO production/pod-9785/container-5626 Connected to database
2025-01-30T14:22:30Z INFO kube-system/pod-1581/container-9931 Image pulled successfully
2025-02-04T09:38:09Z INFO default/pod-4755/container-9843 Network latency within acceptable range
2025-02-01T09:56:30Z INFO default/pod-6544/container-8229 Service restarted
2025-01-29T22:51:21Z INFO kube-system/pod-1077/container-9312 Configuration updated
2025-01-28T09:27:58Z INFO production/pod-2962/container-3398 Memory usage within limits
2025-01-30T13:37:16Z INFO development/pod-4284/container-2299 Configuration updated
2025-01-29T00:56:06Z INFO production/pod-7628/container-6870 Listening on port 80
2025-02-04T09:49:51Z INFO kube-system/pod-3251/container-5217 Request processed successfully
2025-02-02T15:24:57Z INFO kube-system/pod-1535/container-4031 SSL certificate renewed
2025-01-30T05:19:40Z INFO kube-system/pod-9179/container-5866 SSL certificate renewed
2025-02-03T08:23:52Z INFO kube-system/pod-1618/container-8804 Service restarted
2025-02-01T08:42:46Z INFO kube-system/pod-6058/container-4231 Scheduled task executed
2025-01-30T17:20:19Z INFO kube-system/pod-4403/container-8306 Request processed successfully
2025-01-29T03:12:53Z INFO development/pod-1605/container-8736 Disk space checked
2025-01-29T10:34:10Z INFO production/pod-8461/container-3968 Pod stopped
2025-02-02T03:38:11Z INFO production/pod-2471/container-2408 CPU usage within limits
2025-02-02T08:20:49Z INFO kube-system/pod-4778/container-6753 Network latency within acceptable range
2025-02-02T01:11:45Z INFO production/pod-1369/container-1748 Listening on port 80
2025-01-31T19:34:04Z INFO kube-system/pod-4568/container-4917 Service restarted
2025-01-31T01:59:31Z INFO development/pod-9598/container-8251 Health check passed
2025-02-03T04:08:47Z INFO development/pod-8221/container-8414 User logged in
2025-02-01T13:31:17Z INFO production/pod-2409/container-8288 Memory usage within limits
2025-02-02T12:06:03Z INFO default/pod-8729/container-7659 Memory usage within limits
2025-01-29T23:44:17Z INFO production/pod-4425/container-6397 Network latency within acceptable range
2025-01-27T22:17:39Z INFO production/pod-7426/container-5613 User logged in
2025-01-27T19:00:57Z INFO kube-system/pod-5328/container-1061 Port scan detected from 10.0.0.1
2025-02-01T01:57:48Z INFO development/pod-6100/container-7125 Service restarted
2025-01-29T22:01:01Z INFO kube-system/pod-5149/container-5745 Listening on port 80
2025-02-03T01:48:20Z INFO production/pod-1405/container-3755 Health check passed
2025-01-30T20:02:35Z INFO kube-system/pod-4126/container-3167 Request processed successfully
2025-01-31T02:31:56Z INFO development/pod-1619/container-9455 Request processed successfully
2025-01-31T20:35:58Z INFO development/pod-4461/container-3897 Pod stopped
2025-02-01T21:47:41Z INFO production/pod-1740/container-6216 Connected to database
2025-02-01T05:42:49Z INFO development/pod-3599/container-1728 Service restarted
2025-01-31T16:18:01Z INFO development/pod-2277/container-5497 Log rotation completed
2025-01-28T01:28:36Z INFO production/pod-7066/container-8111 User logged in
2025-02-01T08:28:33Z INFO production/pod-6114/container-3039 Request processed successfully
2025-02-04T07:51:49Z INFO development/pod-6883/container-8753 Pod started
2025-01-28T11:45:24Z INFO production/pod-7143/container-3712 Scheduled task executed
2025-01-28T14:47:55Z INFO development/pod-7180/container-5356 User logged in
2025-02-03T17:07:26Z INFO default/pod-8562/container-9203 Scheduled task executed
2025-01-31T22:46:17Z INFO default/pod-1350/container-9463 CPU usage within limits
2025-01-28T10:30:22Z INFO development/pod-2331/container-6770 SSL certificate renewed
2025-01-27T16:01:58Z INFO kube-system/pod-3189/container-6960 Listening on port 80
2025-01-28T09:55:34Z INFO kube-system/pod-5537/container-7006 Disk space checked
2025-01-27T17:49:11Z INFO default/pod-1693/container-2398 Backup completed successfully
2025-01-28T15:08:40Z INFO kube-system/pod-1792/container-5637 Database query executed
2025-01-27T23:59:31Z INFO development/pod-2628/container-4787 Health check passed
2025-02-03T01:50:40Z INFO kube-system/pod-1521/container-9130 CPU usage within limits
2025-02-04T12:40:34Z INFO kube-system/pod-5031/container-4736 Scheduled task executed
2025-01-29T23:50:19Z INFO default/pod-1585/container-3978 Network latency within acceptable range
2025-02-04T05:10:21Z INFO development/pod-1020/container-8087 Backup completed successfully
2025-02-02T08:22:04Z INFO kube-system/pod-1146/container-7829 Cache cleared
2025-02-04T09:51:50Z INFO kube-system/pod-6628/container-2144 Scheduled task executed
2025-02-04T05:12:29Z INFO default/pod-6513/container-2842 Configuration updated
2025-02-04T00:16:04Z INFO production/pod-4621/container-8192 Backup completed successfully
2025-01-30T21:28:28Z INFO kube-system/pod-1867/container-6655 Connected to database
2025-01-31T04:34:36Z INFO kube-system/pod-3022/container-9260 Image pulled successfully
2025-02-01T23:21:40Z INFO production/pod-6632/container-2295 Image pulled successfully
2025-02-02T18:28:44Z INFO default/pod-5267/container-9066 Backup completed successfully
2025-02-03T18:49:51Z INFO development/pod-8987/container-5991 Connected to database
2025-02-03T08:28:20Z INFO production/pod-4021/container-5260 SSL certificate renewed
2025-02-04T04:50:15Z INFO kube-system/pod-2964/container-8541 User logged in
2025-02-02T00:12:06Z INFO development/pod-3570/container-6582 Image pulled successfully
2025-02-02T11:30:52Z INFO production/pod-2883/container-2166 Cache cleared
2025-01-30T14:33:26Z INFO development/pod-6255/container-7422 Request processed successfully
2025-02-03T23:52:17Z INFO kube-system/pod-4765/container-7249 Pod stopped
2025-01-30T12:22:53Z INFO kube-system/pod-2195/container-3011 Image pulled successfully
2025-01-29T07:52:48Z INFO default/pod-7906/container-7508 Backup completed successfully
2025-01-29T10:46:59Z INFO kube-system/pod-5816/container-6478 Listening on port 80
2025-01-31T08:22:49Z INFO default/pod-9537/container-2030 Network latency within acceptable range
2025-01-28T19:23:09Z INFO production/pod-2545/container-7123 Service restarted
2025-02-01T04:18:45Z INFO default/pod-2192/container-4841 Service restarted
2025-01-30T19:15:55Z INFO default/pod-9418/container-8101 Listening on port 80
2025-02-03T19:08:46Z INFO default/pod-8423/container-2349 Connected to database
2025-02-02T06:13:09Z INFO production/pod-2329/container-5316 Service restarted
2025-02-02T22:14:19Z INFO kube-system/pod-8475/container-4724 Disk space checked
2025-02-01T19:39:31Z INFO default/pod-6920/container-9025 SSL certificate renewed
2025-02-01T03:09:21Z INFO default/pod-1480/container-9783 Pod stopped
2025-02-02T17:00:46Z INFO default/pod-4651/container-4901 Pod stopped
2025-01-29T09:06:57Z INFO default/pod-2833/container-8675 Pod started
2025-02-01T08:30:04Z INFO default/pod-2206/container-3006 Service restarted
2025-01-28T06:46:33Z INFO production/pod-2092/container-5969 Network latency within acceptable range
2025-01-31T05:05:23Z INFO production/pod-8330/container-5442 Configuration updated
2025-01-29T14:14:57Z INFO production/pod-2886/container-2226 Request processed successfully
2025-02-03T11:39:59Z INFO development/pod-9968/container-9963 Request processed successfully
2025-01-28T12:35:47Z INFO default/pod-2447/container-2624 Database query executed
2025-02-01T08:59:13Z INFO kube-system/pod-8056/container-1579 Cache cleared
2025-01-30T08:09:10Z INFO default/pod-9308/container-4602 Listening on port 80
2025-02-02T14:25:57Z INFO production/pod-2389/container-5791 Memory usage within limits
2025-01-28T23:52:46Z INFO development/pod-5578/container-8819 Database query executed
2025-02-04T04:35:54Z INFO development/pod-4836/container-9004 Memory usage within limits
2025-02-01T17:56:08Z INFO production/pod-5148/container-3799 Pod stopped
2025-01-28T18:00:41Z INFO production/pod-6542/container-3278 Cache cleared
2025-02-02T23:15:47Z INFO development/pod-9265/container-9192 Memory usage within limits
2025-02-03T00:41:30Z INFO kube-system/pod-6832/container-5306 Memory usage within limits
2025-01-31T19:29:03Z INFO development/pod-2238/container-2845 Pod started
2025-01-31T06:35:48Z INFO kube-system/pod-4907/container-5620 Pod started
2025-02-02T12:17:08Z INFO default/pod-3033/container-7067 Database query executed
2025-01-28T17:52:02Z INFO default/pod-7448/container-6416 Scheduled task executed
2025-01-28T18:36:30Z INFO default/pod-4382/container-6432 Cache cleared
2025-02-01T17:53:13Z INFO production/pod-8827/container-3388 Pod started
2025-02-02T09:06:00Z INFO development/pod-3127/container-5355 SSL certificate renewed
2025-02-02T16:26:35Z INFO development/pod-9152/container-8377 Configuration updated
2025-01-31T11:53:03Z INFO default/pod-4047/container-6012 Backup completed successfully
2025-02-01T16:13:27Z INFO development/pod-2062/container-3421 Disk space checked
2025-02-02T03:10:35Z INFO default/pod-9818/container-4215 Disk space checked
2025-01-28T22:26:37Z INFO production/pod-4431/container-3288 Service restarted
2025-02-01T03:59:36Z INFO default/pod-9087/container-6272 Pod stopped
2025-02-01T07:38:50Z INFO kube-system/pod-3415/container-9944 Listening on port 80
2025-01-28T18:00:54Z INFO development/pod-6780/container-2374 Listening on port 80
2025-01-31T18:23:37Z INFO development/pod-3607/container-6578 User logged in
2025-01-28T19:04:24Z INFO production/pod-8839/container-9696 Network latency within acceptable range
2025-01-31T07:38:45Z INFO default/pod-9726/container-1425 Scheduled task executed
2025-02-01T23:52:02Z INFO production/pod-4771/container-5430 Cryptocurrency mining activity detected
2025-01-28T06:06:30Z INFO default/pod-4887/container-3246 Connected to database
2025-01-30T00:08:12Z INFO default/pod-8499/container-5199 Image pulled successfully
2025-01-30T22:06:39Z INFO default/pod-9296/container-4736 Configuration updated
2025-02-02T14:58:56Z INFO kube-system/pod-4166/container-6520 Listening on port 80
2025-02-01T11:02:36Z INFO default/pod-4101/container-1403 Connected to database
2025-02-03T00:56:42Z INFO development/pod-4255/container-2970 Connected to database
2025-02-02T03:26:19Z INFO development/pod-4118/container-7420 Disk space checked
2025-02-02T11:39:07Z INFO production/pod-9292/container-1120 Listening on port 80
2025-02-03T20:16:49Z INFO production/pod-9181/container-1078 Disk space checked
2025-02-04T12:25:58Z INFO development/pod-3119/container-2659 Health check passed
2025-02-04T00:05:56Z INFO default/pod-4360/container-5390 Network latency within acceptable range
2025-01-27T21:47:50Z INFO kube-system/pod-9908/container-5250 Database query executed
2025-01-31T13:50:43Z INFO default/pod-7843/container-1003 Pod stopped
2025-02-04T00:15:54Z INFO development/pod-5683/container-7536 Cache cleared
2025-02-03T18:45:58Z INFO default/pod-4849/container-8740 Scheduled task executed
2025-02-03T07:26:57Z INFO kube-system/pod-3635/container-3437 Backup completed successfully
2025-02-02T22:17:52Z INFO default/pod-8841/container-6174 Disk space checked
2025-01-28T20:47:26Z INFO default/pod-3899/container-1991 Pod stopped
2025-01-28T11:09:47Z INFO development/pod-7903/container-2403 Backup completed successfully
2025-01-29T21:28:41Z INFO default/pod-2694/container-8605 Scheduled task executed
2025-01-30T04:21:56Z INFO kube-system/pod-6673/container-5582 Database query executed
2025-02-01T06:09:48Z INFO development/pod-8898/container-3149 Pod started
2025-01-28T03:51:49Z INFO default/pod-1881/container-4493 Image pulled successfully
2025-01-30T08:10:13Z INFO default/pod-3546/container-8970 Connected to database
2025-02-02T14:11:36Z INFO default/pod-2175/container-2895 Connected to database
2025-01-28T11:10:49Z INFO default/pod-2299/container-8538 Image pulled successfully
2025-02-02T23:17:19Z INFO default/pod-7575/container-3772 Backup completed successfully
2025-02-03T00:31:01Z INFO default/pod-5423/container-4219 Memory usage within limits
2025-01-29T08:50:54Z INFO production/pod-9587/container-3600 Connected to database
2025-01-30T19:07:44Z INFO default/pod-6215/container-4782 Service restarted
2025-02-01T20:06:04Z INFO development/pod-6105/container-4435 Scheduled task executed
2025-01-29T20:57:01Z INFO default/pod-9265/container-9074 Configuration updated
2025-02-01T04:29:54Z INFO development/pod-6123/container-1538 Pod started
2025-01-29T05:56:10Z INFO development/pod-1977/container-5109 Database query executed
2025-02-01T21:15:17Z INFO production/pod-2748/container-4241 Configuration updated
2025-01-30T17:15:28Z INFO default/pod-8981/container-7055 Request processed successfully
2025-01-30T11:37:57Z INFO production/pod-4313/container-2955 User logged in
2025-01-29T17:11:17Z INFO production/pod-5070/container-7418 Memory usage within limits
2025-02-01T19:22:18Z INFO default/pod-9084/container-9150 Log rotation completed
2025-01-30T19:55:02Z INFO production/pod-2083/container-9478 User logged in
2025-02-02T00:54:17Z INFO kube-system/pod-7318/container-9742 Network latency within acceptable range
2025-01-29T11:36:53Z INFO kube-system/pod-6381/container-5009 Pod started
2025-01-31T08:57:27Z INFO kube-system/pod-8003/container-3214 Listening on port 80
2025-01-31T09:00:26Z INFO production/pod-2180/container-4781 Pod stopped
2025-02-03T12:02:46Z INFO development/pod-6454/container-2169 Image pulled successfully
2025-02-01T20:14:47Z INFO production/pod-1415/container-8813 Request processed successfully
2025-01-29T03:31:10Z INFO development/pod-8296/container-4292 Memory usage within limits
2025-02-02T15:12:00Z INFO kube-system/pod-8206/container-5446 Pod stopped
2025-02-02T18:51:08Z INFO development/pod-9369/container-4805 Memory usage within limits
2025-01-31T23:30:01Z INFO default/pod-7044/container-6500 Listening on port 80
2025-02-03T10:48:11Z INFO default/pod-3669/container-5853 Listening on port 80
2025-01-30T00:29:20Z INFO development/pod-6308/container-8917 Service restarted
2025-02-02T23:28:43Z INFO kube-system/pod-9348/container-1839 CPU usage within limits
2025-02-02T02:36:47Z INFO default/pod-4941/container-8276 Pod started
2025-01-31T00:50:50Z INFO default/pod-1573/container-6434 Database query executed
2025-01-31T11:39:31Z INFO kube-system/pod-1312/container-5451 Service restarted
2025-02-01T01:30:54Z INFO default/pod-5449/container-2508 Backup completed successfully
2025-01-30T11:27:06Z INFO default/pod-9327/container-4891 Memory usage within limits
2025-01-29T18:20:17Z INFO production/pod-1240/container-1976 Database query executed
2025-01-29T14:01:49Z INFO production/pod-7168/container-8114 Memory usage within limits
2025-01-29T18:47:34Z INFO development/pod-8704/container-9109 Network latency within acceptable range
2025-02-01T07:07:18Z INFO production/pod-2948/container-9374 Disk space checked
2025-01-29T08:49:01Z INFO development/pod-7013/container-5125 Pod started
2025-01-30T05:08:49Z INFO development/pod-2790/container-9404 Disk space checked
2025-02-02T19:41:33Z INFO production/pod-8520/container-1240 SSL certificate renewed
2025-02-02T04:10:23Z INFO production/pod-5358/container-5192 Network latency within acceptable range
2025-02-01T20:23:48Z INFO kube-system/pod-6227/container-9075 Pod stopped
2025-01-30T05:45:26Z INFO default/pod-6532/container-1853 Pod started
2025-01-31T10:58:27Z INFO development/pod-6643/container-1934 Image pulled successfully
2025-01-28T05:52:42Z INFO development/pod-9909/container-3320 Connected to database
2025-01-31T20:49:54Z INFO default/pod-2647/container-6432 Pod stopped
2025-01-31T12:13:20Z INFO production/pod-3812/container-9415 Scheduled task executed
2025-01-28T09:44:02Z INFO kube-system/pod-4757/container-8619 Memory usage within limits
2025-02-01T13:13:11Z INFO default/pod-3488/container-2644 Network latency within acceptable range
2025-01-27T20:53:36Z INFO development/pod-4340/container-3032 Image pulled successfully
2025-02-03T21:14:23Z INFO production/pod-6305/container-5626 Network latency within acceptable range
2025-01-31T06:43:20Z INFO production/pod-3979/container-8756 Database query executed
2025-01-28T11:05:26Z INFO kube-system/pod-7257/container-9863 Memory usage within limits
2025-01-29T13:32:36Z INFO kube-system/pod-9743/container-5520 Network latency within acceptable range
2025-02-02T23:12:05Z INFO development/pod-7495/container-7759 User logged in
2025-01-30T13:01:46Z INFO default/pod-7127/container-8150 Log rotation completed
2025-01-31T00:48:20Z INFO kube-system/pod-1829/container-8408 CPU usage within limits
2025-02-03T11:26:44Z INFO development/pod-7897/container-1082 Backup completed successfully
2025-02-03T08:37:49Z INFO kube-system/pod-6478/container-9107 Database query executed
2025-02-03T01:52:27Z INFO kube-system/pod-2097/container-2928 Request processed successfully
2025-02-01T08:15:13Z INFO kube-system/pod-5933/container-5735 Request processed successfully
2025-01-31T15:08:35Z INFO development/pod-5173/container-7041 Database query executed
2025-02-03T13:47:02Z INFO kube-system/pod-5414/container-3294 Disk space checked
2025-02-01T17:58:04Z INFO development/pod-4749/container-4057 Scheduled task executed
2025-01-31T05:11:27Z INFO kube-system/pod-1624/container-8566 Scheduled task executed
2025-02-02T12:48:18Z INFO development/pod-8706/container-3798 Log rotation completed
2025-01-30T11:22:58Z INFO kube-system/pod-1551/container-8216 Configuration updated
2025-01-31T01:47:24Z INFO production/pod-1967/container-6488 Log rotation completed
2025-02-02T10:38:04Z INFO production/pod-1139/container-2890 Connected to database
2025-02-03T20:12:52Z INFO default/pod-3989/container-1625 Backup completed successfully
2025-01-30T05:20:44Z INFO default/pod-6539/container-4484 Image pulled successfully
2025-01-31T18:55:01Z INFO default/pod-1126/container-6832 Backup completed successfully
2025-01-29T06:13:07Z INFO kube-system/pod-4371/container-5010 Backup completed successfully
2025-01-29T18:53:02Z INFO production/pod-6490/container-4718 SSL certificate renewed
2025-02-04T05:41:14Z INFO development/pod-4413/container-5813 Pod escape attempt detected
2025-01-30T23:13:19Z INFO development/pod-4147/container-4743 User logged in
2025-02-04T10:38:24Z INFO development/pod-4134/container-8483 Backup completed successfully
2025-01-29T22:32:56Z INFO kube-system/pod-2856/container-1702 CPU usage within limits
2025-01-28T11:40:15Z INFO development/pod-9671/container-2035 Cache cleared
2025-02-01T02:05:48Z INFO development/pod-2748/container-9565 Scheduled task executed
2025-01-31T12:49:11Z INFO production/pod-6720/container-4656 Service restarted
2025-02-01T00:29:58Z INFO kube-system/pod-2406/container-8749 Connected to database
2025-02-02T03:30:21Z INFO development/pod-3351/container-5789 Cache cleared
2025-01-31T23:52:10Z INFO production/pod-7809/container-1673 Scheduled task executed
2025-01-28T06:38:02Z INFO kube-system/pod-1011/container-4223 CPU usage within limits
2025-02-01T12:54:05Z INFO production/pod-7116/container-2623 Image pulled successfully
2025-01-28T19:12:01Z INFO development/pod-5591/container-4078 Pod started
2025-01-30T13:18:23Z INFO production/pod-7273/container-3923 Scheduled task executed
2025-01-29T04:43:55Z INFO default/pod-3154/container-1337 Image pulled successfully
2025-02-02T06:42:28Z INFO production/pod-2628/container-5605 Pod stopped
2025-02-02T19:42:15Z INFO default/pod-1701/container-4018 Memory usage within limits
2025-02-02T01:32:15Z INFO default/pod-2267/container-1847 Connected to database
2025-02-03T21:05:18Z INFO development/pod-7573/container-8912 Database query executed
2025-02-04T03:11:07Z INFO production/pod-5912/container-6946 Image pulled successfully
2025-02-01T02:12:59Z INFO production/pod-9428/container-8723 Image pulled successfully
2025-01-28T16:04:13Z INFO kube-system/pod-6285/container-8420 Pod stopped
2025-02-03T22:47:22Z INFO default/pod-3915/container-5095 Scheduled task executed
2025-01-30T16:07:13Z INFO development/pod-6009/container-2272 Cache cleared
2025-01-28T11:01:30Z INFO kube-system/pod-4850/container-6463 Cache cleared
2025-02-01T07:57:30Z INFO kube-system/pod-4258/container-2952 Pod stopped
2025-02-01T16:08:10Z INFO default/pod-5412/container-7892 Pod started
2025-02-02T00:13:47Z INFO kube-system/pod-5635/container-6793 Scheduled task executed
2025-02-04T14:05:12Z INFO default/pod-9162/container-6509 User logged in
2025-01-28T22:31:41Z INFO development/pod-9292/container-6143 Memory usage within limits
2025-01-31T04:09:54Z INFO production/pod-5763/container-2296 Request processed successfully
2025-01-29T12:53:28Z INFO development/pod-2584/container-9738 Request processed successfully
2025-02-03T13:17:49Z INFO default/pod-6130/container-7260 Log rotation completed
2025-02-02T13:53:04Z INFO development/pod-5212/container-6099 Request processed successfully
2025-02-02T02:36:45Z INFO production/pod-1917/container-8891 Configuration updated
2025-02-01T03:52:36Z INFO kube-system/pod-3997/container-1889 User logged in
2025-02-02T17:11:44Z INFO production/pod-3242/container-3616 Connected to database
2025-02-01T00:53:54Z INFO development/pod-8694/container-9020 Database query executed
2025-02-02T14:37:05Z INFO kube-system/pod-4837/container-2133 Health check passed
2025-01-30T18:12:18Z INFO kube-system/pod-1176/container-2107 Backup completed successfully
2025-01-31T06:36:32Z INFO development/pod-2031/container-9691 Service restarted
2025-02-03T00:29:37Z INFO kube-system/pod-1559/container-2534 Memory usage within limits
2025-01-30T17:09:50Z INFO production/pod-9170/container-2860 User logged in
2025-02-01T23:54:23Z INFO production/pod-4482/container-3716 SSL certificate renewed
2025-02-03T11:49:58Z INFO default/pod-2985/container-4428 Configuration updated
2025-02-02T09:45:02Z INFO kube-system/pod-5269/container-3119 Configuration updated
2025-01-28T05:17:23Z INFO production/pod-5207/container-2266 Health check passed
2025-02-03T10:21:34Z INFO default/pod-1308/container-5712 CPU usage within limits
2025-02-02T11:19:20Z INFO default/pod-8400/container-7874 Suspicious file modification detected
2025-01-27T18:21:32Z INFO development/pod-6743/container-2042 Cache cleared
2025-01-28T23:46:54Z INFO kube-system/pod-8312/container-1548 Pod stopped
2025-01-28T01:06:36Z INFO development/pod-7149/container-9418 Pod started
2025-02-02T00:19:12Z INFO development/pod-7429/container-1694 Disk space checked
2025-02-03T06:01:32Z INFO development/pod-9709/container-9408 Service restarted
2025-01-29T21:33:51Z INFO development/pod-9123/container-6276 Network latency within acceptable range
2025-01-31T15:13:54Z INFO kube-system/pod-3623/container-8790 Health check passed
2025-01-29T05:06:04Z INFO production/pod-8313/container-3398 Listening on port 80
2025-02-02T03:15:54Z INFO production/pod-6580/container-6503 Image pulled successfully
2025-02-04T13:42:32Z INFO development/pod-1939/container-8502 Image pulled successfully
2025-01-30T01:07:26Z INFO development/pod-4900/container-5657 SSL certificate renewed
2025-02-01T10:16:30Z INFO production/pod-5686/container-9272 CPU usage within limits
2025-02-02T22:32:44Z INFO default/pod-9037/container-4174 Database query executed
2025-02-03T05:32:23Z INFO kube-system/pod-4905/container-7235 Request processed successfully
2025-02-02T07:14:47Z INFO default/pod-6145/container-8694 CPU usage within limits
2025-02-03T21:42:12Z INFO default/pod-5806/container-6753 Image pulled successfully
2025-01-27T20:10:59Z INFO kube-system/pod-2848/container-3632 Database query executed
2025-01-28T04:12:24Z INFO default/pod-2568/container-5168 Backup completed successfully
2025-01-29T19:54:13Z INFO kube-system/pod-9495/container-4197 Memory usage within limits
2025-01-28T03:55:16Z INFO kube-system/pod-3399/container-2886 SSL certificate renewed
2025-02-02T01:05:26Z INFO default/pod-9619/container-6315 SSL certificate renewed
2025-02-02T05:59:12Z INFO development/pod-7597/container-9667 Database query executed
2025-02-03T13:37:17Z INFO production/pod-7281/container-3311 SSL certificate renewed
2025-02-02T02:06:25Z INFO production/pod-2490/container-5056 Backup completed successfully
2025-01-30T22:19:46Z INFO development/pod-7293/container-4548 Request processed successfully
2025-02-04T11:29:35Z INFO default/pod-8485/container-7990 SSL certificate renewed
2025-02-03T18:58:06Z INFO default/pod-3173/container-2923 Image pulled successfully
2025-01-30T09:00:20Z INFO kube-system/pod-9009/container-4850 Pod started
2025-01-30T07:06:14Z INFO default/pod-2801/container-2429 Memory usage within limits
2025-02-04T02:52:49Z INFO production/pod-9779/container-4920 Listening on port 80
2025-02-04T08:42:16Z INFO production/pod-6526/container-3783 Pod started
2025-01-28T15:52:20Z INFO production/pod-1029/container-8449 Network latency within acceptable range
2025-02-02T18:13:25Z INFO kube-system/pod-6226/container-1685 Connected to database
2025-01-29T18:27:48Z INFO default/pod-2812/container-8941 Network latency within acceptable range
2025-02-02T03:10:54Z INFO production/pod-7341/container-1395 Backup completed successfully
2025-01-29T03:07:06Z INFO default/pod-8899/container-2425 Cache cleared
2025-01-30T14:27:07Z INFO development/pod-9531/container-5378 Disk space checked
2025-02-03T04:51:57Z INFO default/pod-9545/container-2836 Service restarted
2025-01-30T16:25:44Z INFO production/pod-2689/container-7323 Disk space checked
2025-01-30T05:01:46Z INFO default/pod-2406/container-6726 Memory usage within limits
2025-01-27T21:22:29Z INFO development/pod-7256/container-4775 Log rotation completed
2025-02-02T13:30:36Z INFO development/pod-9602/container-1173 Disk space checked
2025-01-29T07:41:56Z INFO development/pod-9549/container-8138 SSL certificate renewed
2025-02-02T00:48:27Z INFO production/pod-6440/container-2034 SSL certificate renewed
2025-01-29T09:05:15Z INFO production/pod-9417/container-9834 Backup completed successfully
2025-01-28T01:15:36Z INFO kube-system/pod-4770/container-9031 Connected to database
2025-02-04T11:20:50Z INFO kube-system/pod-2904/container-8906 Database query executed
2025-02-01T00:48:25Z INFO production/pod-8303/container-6564 User logged in
2025-01-31T09:19:00Z INFO production/pod-7068/container-7884 Request processed successfully
2025-02-01T04:45:51Z INFO default/pod-6998/container-4758 User logged in
2025-02-01T21:06:48Z INFO production/pod-8491/container-9749 Disk space checked
2025-02-01T05:32:19Z INFO default/pod-8552/container-9884 Health check passed
2025-01-29T04:29:55Z INFO default/pod-2843/container-6471 CPU usage within limits
2025-02-02T00:35:13Z INFO kube-system/pod-2071/container-3602 Backup completed successfully
2025-02-01T00:34:57Z INFO development/pod-3374/container-1491 Scheduled task executed
2025-01-28T16:31:14Z INFO default/pod-1761/container-1180 Database query executed
2025-01-29T22:09:22Z INFO default/pod-7767/container-4889 Backup completed successfully
2025-02-04T02:06:15Z INFO kube-system/pod-5408/container-1603 Service restarted
2025-02-04T11:56:06Z INFO development/pod-9597/container-3870 Pod stopped
2025-02-03T19:42:55Z INFO development/pod-3397/container-9470 Pod running in privileged mode
2025-01-28T13:53:15Z INFO default/pod-8191/container-9311 User logged in
2025-02-04T04:45:04Z INFO default/pod-5514/container-9066 Health check passed
2025-01-27T16:13:50Z INFO production/pod-2180/container-8777 Pod started
2025-01-31T20:31:13Z INFO kube-system/pod-8929/container-2932 Backup completed successfully
2025-01-30T20:08:30Z INFO development/pod-2609/container-8570 Configuration updated
2025-01-31T20:47:08Z INFO production/pod-6750/container-7198 User logged in
2025-01-29T05:46:06Z INFO development/pod-1430/container-8508 Service restarted
2025-02-02T22:57:35Z INFO kube-system/pod-2706/container-1817 Request processed successfully
2025-02-04T13:10:13Z INFO default/pod-7861/container-9567 Network latency within acceptable range
2025-01-30T17:59:57Z INFO kube-system/pod-8430/container-9954 User logged in
2025-01-31T03:11:08Z INFO kube-system/pod-6794/container-7889 Image pulled successfully
2025-01-29T03:30:38Z INFO development/pod-3777/container-2028 Network latency within acceptable range
2025-01-31T17:02:24Z INFO production/pod-5884/container-6415 Listening on port 80
2025-01-30T10:12:56Z INFO production/pod-8430/container-4005 Database query executed
2025-02-02T20:57:07Z INFO kube-system/pod-9576/container-1028 Service restarted
2025-01-28T07:44:32Z INFO kube-system/pod-1337/container-8288 Connected to database
2025-02-01T17:07:51Z INFO kube-system/pod-4187/container-7303 Disk space checked
2025-02-01T09:35:46Z INFO development/pod-8654/container-2746 Service restarted
2025-02-01T03:38:17Z INFO default/pod-6178/container-8212 Disk space checked
2025-01-28T23:46:55Z INFO default/pod-7243/container-7470 Image pulled successfully
2025-02-01T15:16:07Z INFO kube-system/pod-5002/container-5676 Connected to database
2025-02-03T04:07:29Z INFO default/pod-1391/container-3406 Pod started
2025-02-01T05:55:37Z INFO kube-system/pod-2995/container-3117 Health check passed
2025-01-29T22:57:33Z INFO production/pod-8263/container-9038 Backup completed successfully
2025-02-01T21:33:32Z INFO default/pod-4854/container-1830 Network latency within acceptable range
2025-01-28T16:08:05Z INFO development/pod-7268/container-3282 Database query executed
2025-01-27T22:29:32Z INFO kube-system/pod-2540/container-2264 Scheduled task executed
2025-01-31T12:38:07Z INFO default/pod-5974/container-6027 Pod started
2025-02-03T03:36:33Z INFO default/pod-2207/container-6815 SSL certificate renewed
2025-01-27T21:47:57Z INFO default/pod-7053/container-4817 Database query executed
2025-02-01T20:56:11Z INFO kube-system/pod-7813/container-7990 Port scan detected from 10.0.0.1
2025-01-30T16:14:19Z INFO default/pod-8950/container-5632 Cache cleared
2025-01-29T06:18:05Z INFO default/pod-5558/container-4436 Pod started
2025-01-31T23:19:03Z INFO production/pod-7055/container-7283 Scheduled task executed
2025-01-28T21:50:37Z INFO kube-system/pod-5499/container-1991 Database query executed
2025-02-02T21:49:47Z INFO default/pod-1988/container-6078 Disk space checked
2025-01-31T16:30:46Z INFO kube-system/pod-6092/container-8762 Request processed successfully
2025-02-03T19:02:38Z INFO default/pod-1926/container-4741 CPU usage within limits
2025-01-29T09:36:28Z INFO default/pod-7336/container-3129 Connected to database
2025-01-29T19:59:04Z INFO kube-system/pod-6839/container-6157 Network latency within acceptable range
2025-01-29T01:36:00Z INFO default/pod-6747/container-2865 Memory usage within limits
2025-01-31T10:58:50Z INFO development/pod-6394/container-4958 SSL certificate renewed
2025-02-01T18:13:06Z INFO default/pod-3737/container-7347 Pod stopped
2025-01-30T15:43:12Z INFO kube-system/pod-7520/container-1862 Image pulled successfully
2025-02-02T08:39:55Z INFO kube-system/pod-5522/container-1689 Cache cleared
2025-01-28T01:28:39Z INFO production/pod-6632/container-1585 Service restarted
2025-01-28T11:32:48Z INFO development/pod-3133/container-8314 Connected to database
2025-01-31T13:48:49Z INFO default/pod-2013/container-7600 CPU usage within limits
2025-01-30T12:06:00Z INFO default/pod-2570/container-4894 Memory usage within limits
2025-02-01T23:02:08Z INFO kube-system/pod-3550/container-1729 Disk space checked
2025-02-03T15:17:15Z INFO production/pod-8190/container-1100 Database query executed
2025-02-01T16:43:08Z INFO kube-system/pod-6339/container-9415 Disk space checked
2025-01-29T11:41:51Z INFO production/pod-8185/container-7252 Scheduled task executed
2025-02-02T12:43:58Z INFO default/pod-4747/container-2573 User logged in
2025-01-31T11:33:47Z INFO default/pod-2697/container-9348 Network latency within acceptable range
2025-02-01T20:00:58Z INFO default/pod-8321/container-7004 Network latency within acceptable range
2025-01-29T22:39:26Z INFO production/pod-1961/container-4465 Image pulled successfully
2025-02-01T06:12:54Z INFO development/pod-2044/container-3022 Cache cleared
2025-01-31T10:04:33Z INFO development/pod-1295/container-2762 SSL certificate renewed
2025-01-31T02:44:01Z INFO development/pod-4160/container-8812 Listening on port 80
2025-02-04T01:39:12Z INFO default/pod-1959/container-8790 CPU usage within limits
2025-01-29T07:00:37Z INFO kube-system/pod-9541/container-7078 Network latency within acceptable range
2025-02-02T11:51:27Z INFO production/pod-7268/container-6298 Image pulled successfully
2025-01-30T12:23:10Z INFO kube-system/pod-2780/container-7739 Image pulled successfully
2025-02-04T10:46:30Z INFO development/pod-9917/container-3129 Health check passed
2025-01-30T08:31:23Z INFO kube-system/pod-3162/container-8536 Disk space checked
2025-02-01T09:03:37Z INFO production/pod-8721/container-2994 SSL certificate renewed
2025-01-28T22:09:30Z INFO default/pod-4409/container-5890 CPU usage within limits
2025-01-29T05:27:26Z INFO kube-system/pod-4476/container-3334 Image pulled successfully
2025-02-02T09:08:14Z INFO default/pod-1491/container-1543 Database query executed
2025-02-04T05:12:52Z INFO kube-system/pod-9773/container-8897 Health check passed
2025-01-29T23:01:13Z INFO default/pod-8454/container-3212 Unexpected pod termination
2025-01-30T23:05:17Z INFO kube-system/pod-3367/container-4910 Database query executed
2025-02-04T08:12:43Z INFO default/pod-2011/container-4808 Connected to database
2025-02-02T11:42:54Z INFO default/pod-2827/container-3320 Pod stopped
2025-01-31T19:29:46Z INFO default/pod-4955/container-3037 Pod stopped
2025-02-03T07:24:43Z INFO development/pod-2145/container-7722 CPU usage within limits
2025-02-02T21:16:38Z INFO kube-system/pod-7880/container-7338 Service restarted
2025-01-30T01:54:53Z INFO production/pod-6276/container-9385 Configuration updated
2025-01-29T05:04:35Z INFO default/pod-9193/container-1975 Request processed successfully
2025-01-29T16:40:44Z INFO production/pod-6313/container-9832 Health check passed
2025-01-27T22:48:25Z INFO kube-system/pod-3276/container-3770 CPU usage within limits
2025-02-01T05:43:40Z INFO production/pod-3877/container-5586 Cryptocurrency mining activity detected
2025-01-29T07:12:18Z INFO development/pod-3818/container-4105 Pod stopped
2025-01-28T19:23:23Z INFO kube-system/pod-3870/container-5692 Image pulled successfully
2025-01-30T20:01:14Z INFO kube-system/pod-1392/container-5208 Pod running in privileged mode
2025-02-04T01:20:38Z INFO default/pod-1118/container-5885 Pod started
2025-02-01T02:11:17Z INFO kube-system/pod-9445/container-7268 Log rotation completed
2025-01-28T00:26:15Z INFO default/pod-6547/container-1960 Connected to database
2025-01-28T12:50:46Z INFO kube-system/pod-2629/container-2432 Network latency within acceptable range
2025-01-31T13:12:03Z INFO default/pod-1136/container-1205 Listening on port 80
2025-02-03T11:48:28Z INFO default/pod-4724/container-6481 Listening on port 80
2025-01-28T06:07:42Z INFO production/pod-5800/container-3751 Pod stopped
2025-01-30T23:08:26Z INFO production/pod-6139/container-1588 Listening on port 80
2025-02-01T16:35:47Z INFO kube-system/pod-6106/container-3846 Network latency within acceptable range
2025-02-01T21:01:41Z INFO kube-system/pod-7204/container-6551 CPU usage within limits
2025-01-31T15:39:24Z INFO production/pod-6667/container-7483 Memory usage within limits
2025-02-02T05:14:28Z INFO production/pod-1754/container-9876 Configuration updated
2025-01-31T04:02:56Z INFO production/pod-3490/container-1126 Log rotation completed
2025-01-30T09:52:55Z INFO kube-system/pod-8376/container-9609 Request processed successfully
2025-02-01T16:59:44Z INFO kube-system/pod-1114/container-4408 Request processed successfully
2025-01-30T20:00:49Z INFO production/pod-7087/container-2790 Network latency within acceptable range
2025-02-04T09:48:05Z INFO default/pod-1347/container-3368 Cache cleared
2025-01-31T13:36:05Z INFO default/pod-1748/container-3995 CPU usage within limits
2025-01-28T16:12:49Z INFO production/pod-8923/container-4653 Pod stopped
2025-02-02T04:41:47Z INFO production/pod-6326/container-5052 Image pulled successfully
2025-01-31T16:22:49Z INFO kube-system/pod-1984/container-9266 Image pulled successfully
2025-02-02T01:42:45Z INFO production/pod-8986/container-2800 Configuration updated
2025-01-28T03:34:31Z INFO default/pod-3519/container-8894 Backup completed successfully
2025-02-01T13:57:49Z INFO development/pod-5194/container-3493 Service restarted
2025-01-28T19:49:33Z INFO default/pod-7972/container-1394 Pod started
2025-01-29T23:07:49Z INFO kube-system/pod-3916/container-2390 User logged in
2025-02-01T09:45:59Z INFO development/pod-5049/container-7040 Scheduled task executed
2025-02-03T20:48:50Z INFO development/pod-2637/container-2470 SSL certificate renewed
2025-02-04T01:12:12Z INFO development/pod-9238/container-7309 Disk space checked
2025-02-02T11:54:36Z INFO default/pod-5138/container-6004 Backup completed successfully
2025-02-01T18:10:32Z INFO default/pod-3836/container-1922 Image pulled successfully
2025-01-30T03:34:37Z INFO development/pod-2769/container-3381 Connected to database
2025-01-27T18:00:17Z INFO kube-system/pod-2213/container-5432 Listening on port 80
2025-02-03T18:04:04Z INFO development/pod-4463/container-9350 Log rotation completed
2025-02-04T12:45:46Z INFO development/pod-1233/container-8004 Database query executed
2025-02-03T14:12:42Z INFO kube-system/pod-3539/container-1092 Log rotation completed
2025-02-04T03:36:46Z INFO development/pod-5308/container-4594 Unexpected pod termination
2025-01-28T04:01:38Z INFO development/pod-5681/container-3483 Pod started
2025-02-02T12:42:36Z INFO default/pod-7665/container-8291 SSL certificate renewed
2025-02-04T01:05:46Z INFO kube-system/pod-9100/container-1218 Image pulled successfully
2025-01-29T09:09:54Z INFO kube-system/pod-6160/container-7806 Disk space checked
2025-01-30T19:06:33Z INFO kube-system/pod-9016/container-3824 Backup completed successfully
2025-01-31T09:36:50Z INFO kube-system/pod-6843/container-2093 Log rotation completed
2025-01-28T19:39:34Z INFO development/pod-9698/container-5001 Database query executed
2025-01-30T23:51:56Z INFO production/pod-5457/container-1852 Pod stopped
2025-01-30T12:25:21Z INFO development/pod-1132/container-6409 Pod started
2025-01-28T00:22:44Z INFO production/pod-3829/container-5223 Connected to database
2025-02-01T16:11:33Z INFO development/pod-3684/container-9395 Connected to database
2025-02-01T16:10:42Z INFO development/pod-8432/container-3927 Configuration updated
2025-01-31T23:45:47Z INFO default/pod-8345/container-9289 Image pulled successfully
2025-02-02T23:33:02Z INFO development/pod-2077/container-6495 SSL certificate renewed
2025-02-03T20:29:30Z INFO default/pod-7483/container-8998 Log rotation completed
2025-02-02T14:11:14Z INFO development/pod-5338/container-5563 Service restarted
2025-01-31T02:13:31Z INFO production/pod-4842/container-8305 CPU usage within limits
2025-02-02T08:22:11Z INFO default/pod-1774/container-3381 Cache cleared
2025-01-28T16:21:27Z INFO development/pod-1063/container-9304 CPU usage within limits
2025-01-28T05:40:54Z INFO development/pod-8572/container-6314 Request processed successfully
2025-02-01T07:05:26Z INFO default/pod-3286/container-9600 Backup completed successfully
2025-02-01T17:13:38Z INFO development/pod-9393/container-1386 Network latency within acceptable range
2025-01-28T05:00:09Z INFO kube-system/pod-3786/container-4315 Pod started
2025-01-29T03:55:27Z INFO default/pod-5920/container-1430 Scheduled task executed
2025-02-03T14:50:57Z INFO development/pod-9752/container-6745 Service restarted
2025-01-30T02:41:50Z INFO production/pod-4178/container-4480 Service restarted
2025-01-28T02:55:57Z INFO development/pod-5928/container-4579 CPU usage within limits
2025-02-03T20:29:14Z INFO development/pod-2506/container-4312 CPU usage within limits
2025-01-28T00:56:23Z INFO development/pod-7348/container-9859 CPU usage within limits
2025-01-29T00:15:20Z INFO default/pod-5655/container-9461 Image pulled successfully
2025-02-02T14:00:53Z INFO production/pod-7125/container-3616 CPU usage within limits
2025-02-01T15:57:25Z INFO default/pod-5749/container-3652 Backup completed successfully
2025-01-30T12:54:27Z INFO development/pod-9790/container-4121 Configuration updated
2025-01-29T11:33:00Z INFO default/pod-3235/container-2065 Memory usage within limits
2025-02-02T08:27:28Z INFO default/pod-7340/container-3472 Scheduled task executed
2025-02-01T22:45:32Z INFO development/pod-5306/container-3468 Pod stopped
2025-02-02T09:33:35Z INFO development/pod-1879/container-1187 Pod stopped
2025-01-29T04:40:20Z INFO development/pod-7856/container-5969 Cache cleared
2025-01-28T06:40:21Z INFO development/pod-8250/container-1217 Scheduled task executed
2025-01-29T16:13:46Z INFO production/pod-9336/container-3397 Listening on port 80
2025-01-29T10:18:17Z INFO production/pod-3842/container-1768 Scheduled task executed
2025-02-01T09:24:45Z INFO default/pod-9806/container-5963 Pod started
2025-02-03T10:21:04Z INFO development/pod-8707/container-9937 Connected to database
2025-02-01T15:51:31Z INFO development/pod-1645/container-5693 SSL certificate renewed
2025-01-30T23:29:51Z INFO kube-system/pod-9968/container-4770 Cache cleared
2025-01-31T02:05:21Z INFO default/pod-6603/container-9008 Health check passed
2025-01-29T08:02:04Z INFO default/pod-1159/container-2704 CPU usage within limits
2025-01-31T10:26:00Z INFO default/pod-7928/container-4285 Listening on port 80
2025-01-28T23:02:56Z INFO default/pod-9420/container-6154 Cache cleared
2025-01-30T23:35:21Z INFO development/pod-8570/container-6691 Request processed successfully
2025-01-30T21:03:41Z INFO default/pod-6814/container-5833 Network latency within acceptable range
2025-01-30T09:51:37Z INFO kube-system/pod-8497/container-6448 Image pulled successfully
2025-01-31T13:56:56Z INFO production/pod-2547/container-3263 Network latency within acceptable range
2025-01-31T19:11:34Z INFO development/pod-9771/container-2313 Configuration updated
2025-01-28T12:18:54Z INFO production/pod-9923/container-3111 Scheduled task executed
2025-01-30T00:38:56Z INFO kube-system/pod-4051/container-6831 Log rotation completed
2025-02-04T08:41:25Z INFO development/pod-8770/container-7363 CPU usage within limits
2025-02-04T14:20:17Z INFO default/pod-2652/container-8252 Configuration updated
2025-02-03T20:47:55Z INFO development/pod-5529/container-3859 Image pulled successfully
2025-01-31T17:51:25Z INFO kube-system/pod-6170/container-9990 Scheduled task executed
2025-01-28T19:13:29Z INFO kube-system/pod-4413/container-8066 Health check passed
2025-02-02T06:37:24Z INFO production/pod-1955/container-8342 SSL certificate renewed
2025-02-02T04:00:46Z INFO production/pod-5977/container-2202 Scheduled task executed
2025-02-01T05:03:22Z INFO kube-system/pod-5985/container-2060 Disk space checked
2025-02-03T16:29:52Z INFO kube-system/pod-5388/container-2887 Pod started
2025-01-30T04:15:28Z INFO default/pod-4867/container-8921 Image pulled successfully
2025-01-28T09:32:01Z INFO production/pod-8124/container-7341 Backup completed successfully
2025-02-01T13:07:20Z INFO development/pod-3981/container-1400 Backup completed successfully
2025-02-02T22:36:15Z INFO default/pod-7726/container-4023 Listening on port 80
2025-02-02T00:06:32Z INFO production/pod-3550/container-1918 Request processed successfully
2025-01-28T13:04:38Z INFO production/pod-5326/container-6961 CPU usage within limits
2025-01-28T01:43:17Z INFO production/pod-7465/container-8198 Log rotation completed
2025-02-03T20:50:06Z INFO kube-system/pod-5910/container-6244 Service restarted
2025-02-01T15:27:42Z INFO development/pod-9496/container-2587 Disk space checked
2025-01-31T07:00:38Z INFO production/pod-7772/container-3339 Unexpected pod termination
2025-01-28T15:50:20Z INFO production/pod-9864/container-5632 Memory usage within limits
2025-02-03T17:17:58Z INFO default/pod-6460/container-9919 Health check passed
2025-01-31T20:33:47Z INFO kube-system/pod-7288/container-3577 Pod started
2025-01-29T16:35:47Z INFO development/pod-2658/container-2487 Database query executed
2025-01-31T16:59:40Z INFO default/pod-2706/container-9590 Disk space checked
2025-02-03T02:30:06Z INFO kube-system/pod-3557/container-8806 Pod started
2025-01-30T17:04:36Z INFO kube-system/pod-8199/container-8135 Health check passed
2025-01-29T04:58:55Z INFO default/pod-3788/container-1578 Service restarted
2025-02-04T10:12:20Z INFO default/pod-6307/container-2828 Scheduled task executed
2025-01-30T10:46:10Z INFO default/pod-6173/container-3151 Request processed successfully
2025-01-28T01:30:52Z INFO kube-system/pod-9728/container-3539 Memory usage within limits
2025-02-03T05:04:34Z INFO kube-system/pod-3783/container-7814 Backup completed successfully
2025-01-30T21:53:09Z INFO development/pod-1134/container-6406 Backup completed successfully
2025-01-30T21:02:52Z INFO development/pod-9460/container-1348 Image pulled successfully
2025-02-02T09:45:22Z INFO kube-system/pod-4135/container-8227 Health check passed
2025-01-28T04:19:17Z INFO default/pod-7244/container-3449 CPU usage within limits
2025-01-30T13:54:40Z INFO kube-system/pod-4274/container-2442 Image pulled successfully
2025-01-27T21:30:26Z INFO development/pod-8251/container-1705 Log rotation completed
2025-02-03T10:34:42Z INFO default/pod-3733/container-2597 Disk space checked
2025-02-02T12:35:39Z INFO production/pod-2345/container-5733 Configuration updated
2025-02-01T23:41:13Z INFO development/pod-2146/container-2003 CPU usage within limits
2025-01-27T23:03:07Z INFO development/pod-1927/container-1175 Scheduled task executed
2025-02-02T06:19:23Z INFO production/pod-4035/container-2035 Log rotation completed
2025-02-04T04:58:20Z INFO development/pod-6749/container-4596 Listening on port 80
