Nov 15 19:27:10 myhostname sshd: Accepted password for user from 192.168.1.100 port 22 ssh2
Sep  4 19:31:42 myhostname systemd: Started Cleanup of Temporary Directories.
Nov 16 08:14:06 myhostname CRON: (root) CMD (   cd / && run-parts --report /etc/cron.hourly)
Dec  2 07:08:11 myhostname systemd-logind: New session 1 of user user.
Apr 19 08:59:16 myhostname systemd-logind: New session 1 of user user.
Oct 14 05:06:47 myhostname kernel: usb 1-1: new high-speed USB device number 12 using xhci_hcd
Oct 17 14:50:39 myhostname sshd: pam_unix(sshd:session): session opened for user user by (uid=0)
Jun 20 12:06:55 myhostname sshd: pam_unix(sshd:session): session opened for user user by (uid=0)
Aug 10 06:58:05 myhostname sshd: pam_unix(sshd:session): session opened for user user by (uid=0)
Sep 18 07:19:00 myhostname kernel: eth0: Link is Up - 1Gbps/Full - flow control rx/tx
Jun  2 05:36:44 myhostname CRON: (root) CMD (   cd / && run-parts --report /etc/cron.hourly)
Sep 10 05:54:56 myhostname systemd: Starting Cleanup of Temporary Directories...
Apr 17 05:30:02 myhostname systemd: Starting Daily apt download activities...
Jul  4 01:05:26 myhostname kernel: usb 1-1: Manufacturer: Example Manufacturer
Jul 28 15:37:22 myhostname sshd: pam_unix(sshd:session): session opened for user user by (uid=0)
Nov 14 17:38:01 myhostname sshd: pam_unix(sshd:session): session opened for user user by (uid=0)
Apr 25 09:40:17 myhostname systemd: Starting Cleanup of Temporary Directories...
Feb 21 04:13:30 myhostname systemd: Starting Daily apt download activities...
Jan 14 13:22:21 myhostname CRON: (root) CMD (   cd / && run-parts --report /etc/cron.hourly)
May 20 06:35:27 myhostname systemd: Started Daily apt download activities.
Mar 21 12:31:52 myhostname systemd-logind: New session 1 of user user.
Jun 23 22:27:36 myhostname systemd: Started Cleanup of Temporary Directories.
Nov 25 08:09:22 myhostname sshd: pam_unix(sshd:session): session opened for user user by (uid=0)
Jul 12 12:04:25 myhostname systemd-logind: New session 1 of user user.
Jul  9 18:13:46 myhostname CRON: (root) CMD (   cd / && run-parts --report /etc/cron.hourly)
Jul 22 15:32:31 myhostname systemd: Starting Cleanup of Temporary Directories...
Jan 21 04:30:17 myhostname sshd: pam_unix(sshd:session): session opened for user user by (uid=0)
Oct  7 17:44:37 myhostname kernel: usb 1-1: New USB device strings: Mfr=5, Product=2, SerialNumber=598070
Feb 27 14:53:38 myhostname CRON: (root) CMD (   cd / && run-parts --report /etc/cron.hourly)
Aug  1 23:42:39 myhostname CRON: (root) CMD (   cd / && run-parts --report /etc/cron.hourly)
May  6 12:08:36 myhostname kernel: usb 1-1: New USB device strings: Mfr=1, Product=5, SerialNumber=768980
Nov 20 04:58:25 myhostname CRON: (root) CMD (   cd / && run-parts --report /etc/cron.hourly)
Apr 13 15:31:47 myhostname systemd-logind: New session 1 of user user.
Mar 10 17:00:34 myhostname systemd-logind: New session 1 of user user.
Jan 11 12:33:21 myhostname kernel: eth0: Link is Up - 1Gbps/Full - flow control rx/tx
Jan 14 09:37:01 myhostname kernel: usb 1-1: new high-speed USB device number 10 using xhci_hcd
Sep  1 19:28:52 myhostname sshd: Accepted password for user from 192.168.1.100 port 22 ssh2
May 21 15:37:24 myhostname systemd: Starting Cleanup of Temporary Directories...
Oct 22 14:16:04 myhostname CRON: (root) CMD (   cd / && run-parts --report /etc/cron.hourly)
Nov  4 16:41:55 myhostname systemd-logind: New session 1 of user user.
Mar 17 05:52:15 myhostname sshd: Accepted password for user from 192.168.1.100 port 22 ssh2
Sep 26 11:59:59 myhostname systemd: Starting Daily apt download activities...
May 13 22:13:42 myhostname systemd-logind: New session 1 of user user.
Mar 26 05:17:06 myhostname systemd-logind: New session 1 of user user.
Mar 22 02:09:03 myhostname systemd-logind: New session 1 of user user.
Dec 15 04:50:08 myhostname sshd: pam_unix(sshd:session): session opened for user user by (uid=0)
Sep  4 06:23:33 myhostname kernel: usb 1-1: new high-speed USB device number 3 using xhci_hcd
Feb 26 19:34:19 myhostname systemd-logind: New session 1 of user user.
Feb  2 07:55:14 myhostname kernel: usb 1-1: new high-speed USB device number 18 using xhci_hcd
Feb 19 09:08:49 myhostname CRON: (root) CMD (   cd / && run-parts --report /etc/cron.hourly)
Oct  4 00:16:43 myhostname kernel: EXT4-fs (sda1): mounted filesystem with ordered data mode. Opts: (null)
Mar  9 04:23:21 myhostname CRON: (root) CMD (   cd / && run-parts --report /etc/cron.hourly)
Oct 28 09:27:20 myhostname systemd: Started Daily apt download activities.
Feb 13 10:23:56 myhostname systemd: Starting Cleanup of Temporary Directories...
Jul 12 22:55:26 myhostname systemd-logind: New session 1 of user user.
Apr 13 19:09:00 myhostname kernel: usb 1-1: New USB device strings: Mfr=1, Product=1, SerialNumber=963731
May 27 15:26:13 myhostname systemd: Started Cleanup of Temporary Directories.
Mar  2 00:49:41 myhostname kernel: EXT4-fs (sda1): mounted filesystem with ordered data mode. Opts: (null)
Nov  8 07:08:37 myhostname CRON: (root) CMD (   cd / && run-parts --report /etc/cron.hourly)
Jun 28 23:30:30 myhostname systemd: Starting Daily apt download activities...
May 10 19:14:50 myhostname systemd: Starting Daily apt download activities...
Oct  6 18:15:12 myhostname CRON: (root) CMD (   cd / && run-parts --report /etc/cron.hourly)
Nov 11 08:38:28 myhostname systemd: Started Daily apt download activities.
May 13 17:45:29 myhostname sshd: pam_unix(sshd:session): session opened for user user by (uid=0)
Jan  2 20:17:41 myhostname sshd: pam_unix(sshd:session): session opened for user user by (uid=0)
Nov 21 08:09:02 myhostname kernel: usb 1-1: Product: Example USB Device
Dec  4 23:41:44 myhostname sshd: pam_unix(sshd:session): session opened for user user by (uid=0)
Mar 24 19:43:12 myhostname systemd-logind: New session 1 of user user.
May  9 09:50:49 myhostname kernel: usb 1-1: New USB device found, idVendor=1234, idProduct=5678, bcdDevice=1.00
Jan 16 17:58:48 myhostname kernel: EXT4-fs (sda1): mounted filesystem with ordered data mode. Opts: (null)
Jun 12 08:29:12 myhostname kernel: usb 1-1: New USB device found, idVendor=1234, idProduct=5678, bcdDevice=1.00
Oct  1 06:34:59 myhostname sshd: pam_unix(sshd:session): session opened for user user by (uid=0)
Nov 19 16:18:34 myhostname systemd-logind: New session 1 of user user.
Feb 11 23:04:52 myhostname kernel: usb 1-1: Product: Example USB Device
Feb  3 07:20:47 myhostname kernel: usb 1-1: Product: Example USB Device
Feb 10 03:22:47 myhostname CRON: (root) CMD (   cd / && run-parts --report /etc/cron.hourly)
Oct 13 20:31:48 myhostname CRON: (root) CMD (   cd / && run-parts --report /etc/cron.hourly)
Jul  2 06:21:00 myhostname sshd: pam_unix(sshd:session): session opened for user user by (uid=0)
Feb 25 01:37:42 myhostname systemd: Starting Daily apt download activities...
Mar 23 15:11:07 myhostname kernel: usb 1-1: Product: Example USB Device
Feb  3 23:04:26 myhostname kernel: usb 1-1: Manufacturer: Example Manufacturer
Jul  7 02:38:33 myhostname kernel: usb 1-1: Manufacturer: Example Manufacturer
Jul  2 05:16:55 myhostname sshd: pam_unix(sshd:session): session opened for user user by (uid=0)
Nov 15 01:10:42 myhostname kernel: usb 1-1: New USB device found, idVendor=1234, idProduct=5678, bcdDevice=1.00
Nov 11 02:50:15 myhostname sshd: pam_unix(sshd:session): session opened for user user by (uid=0)
Jul 28 14:48:39 myhostname kernel: usb 1-1: Product: Example USB Device
Dec  8 14:40:20 myhostname sshd: pam_unix(sshd:session): session opened for user user by (uid=0)
May 20 09:16:12 myhostname sshd: pam_unix(sshd:session): session opened for user user by (uid=0)
Sep 20 03:04:55 myhostname systemd: Starting Daily apt download activities...
Jun 26 06:19:38 myhostname CRON: (root) CMD (   cd / && run-parts --report /etc/cron.hourly)
Sep 18 20:24:24 myhostname sshd: pam_unix(sshd:session): session opened for user user by (uid=0)
Nov  2 22:48:27 myhostname kernel: usb 1-1: Manufacturer: Example Manufacturer
Dec  1 18:56:38 myhostname sshd: Accepted password for user from 192.168.1.100 port 22 ssh2
Dec 21 10:40:17 myhostname sshd: Accepted password for user from 192.168.1.100 port 22 ssh2
May 20 14:43:15 myhostname kernel: usb 1-1: Manufacturer: Example Manufacturer
Oct 26 16:15:10 myhostname sshd: Accepted password for user from 192.168.1.100 port 22 ssh2
Oct 15 21:08:53 myhostname CRON: (root) CMD (   cd / && run-parts --report /etc/cron.hourly)
Jun 14 07:14:04 myhostname sshd: Accepted password for user from 192.168.1.100 port 22 ssh2
Aug  5 14:10:25 myhostname CRON: (root) CMD (   cd / && run-parts --report /etc/cron.hourly)
Jul 23 04:42:54 myhostname sshd: pam_unix(sshd:session): session opened for user user by (uid=0)
Aug 18 17:44:07 myhostname kernel: EXT4-fs (sda1): mounted filesystem with ordered data mode. Opts: (null)
Jul 25 04:12:46 myhostname systemd-logind: New session 1 of user user.
Jul  9 18:42:06 myhostname sshd: Accepted password for user from 192.168.1.100 port 22 ssh2
May 27 04:33:59 myhostname systemd-logind: New session 1 of user user.
Sep 12 20:36:57 myhostname CRON: (root) CMD (   cd / && run-parts --report /etc/cron.hourly)
Jan 22 16:05:03 myhostname kernel: usb 1-1: new high-speed USB device number 2 using xhci_hcd
Sep 11 16:37:51 myhostname CRON: (root) CMD (   cd / && run-parts --report /etc/cron.hourly)
Jun 19 21:01:52 myhostname sshd: pam_unix(sshd:session): session opened for user user by (uid=0)
Jun  7 21:42:16 myhostname kernel: EXT4-fs (sda1): mounted filesystem with ordered data mode. Opts: (null)
Jun 27 11:28:39 myhostname kernel: EXT4-fs (sda1): mounted filesystem with ordered data mode. Opts: (null)
Apr 23 13:03:08 myhostname systemd: Started Cleanup of Temporary Directories.
Feb 13 08:35:47 myhostname systemd-logind: New session 1 of user user.
May 18 13:07:33 myhostname systemd-logind: New session 1 of user user.
Jun  8 19:08:15 myhostname kernel: usb 1-1: Product: Example USB Device
Jul 19 11:11:52 myhostname kernel: usb 1-1: Product: Example USB Device
Feb 11 07:28:39 myhostname systemd-logind: New session 1 of user user.
Mar  1 00:20:55 myhostname CRON: (root) CMD (   cd / && run-parts --report /etc/cron.hourly)
Oct 19 11:53:43 myhostname sshd: pam_unix(sshd:session): session opened for user user by (uid=0)
Nov  1 02:31:59 myhostname kernel: usb 1-1: new high-speed USB device number 6 using xhci_hcd
Feb 15 18:51:23 myhostname sshd: Accepted password for user from 192.168.1.100 port 22 ssh2
Apr  6 13:34:18 myhostname CRON: (root) CMD (   cd / && run-parts --report /etc/cron.hourly)
Jan 11 22:46:00 myhostname kernel: usb 1-1: Manufacturer: Example Manufacturer
Nov 28 10:27:40 myhostname CRON: (root) CMD (   cd / && run-parts --report /etc/cron.hourly)
Apr 13 09:14:44 myhostname systemd: Started Cleanup of Temporary Directories.
Dec 22 17:34:21 myhostname systemd: Started Cleanup of Temporary Directories.
Sep  9 17:29:15 myhostname systemd: Starting Cleanup of Temporary Directories...
Feb 14 20:46:43 myhostname kernel: usb 1-1: New USB device strings: Mfr=2, Product=1, SerialNumber=830217
May  6 09:01:09 myhostname systemd: Started Daily apt download activities.
Apr  3 17:01:25 myhostname kernel: EXT4-fs (sda1): mounted filesystem with ordered data mode. Opts: (null)
Jun  2 13:43:01 myhostname sshd: pam_unix(sshd:session): session opened for user user by (uid=0)
Jul  7 21:32:21 myhostname systemd-logind: New session 1 of user user.
Feb  9 08:23:59 myhostname CRON: (root) CMD (   cd / && run-parts --report /etc/cron.hourly)
Aug 16 13:16:47 myhostname sshd: Accepted password for user from 192.168.1.100 port 22 ssh2
May 28 17:35:56 myhostname kernel: usb 1-1: Product: Example USB Device
Feb 26 18:02:52 myhostname kernel: usb 1-1: Product: Example USB Device
Apr 23 07:49:06 myhostname systemd-logind: New session 1 of user user.
May 11 13:37:25 myhostname systemd-logind: New session 1 of user user.
Mar  6 14:44:27 myhostname systemd: Started Cleanup of Temporary Directories.
Oct 19 04:26:12 myhostname systemd: Started Cleanup of Temporary Directories.
May 15 19:26:45 myhostname kernel: usb 1-1: new high-speed USB device number 5 using xhci_hcd
Dec 10 01:58:25 myhostname kernel: eth0: Link is Up - 1Gbps/Full - flow control rx/tx
Oct 18 00:00:37 myhostname kernel: eth0: Link is Up - 1Gbps/Full - flow control rx/tx
Dec  7 00:32:42 myhostname kernel: usb 1-1: new high-speed USB device number 5 using xhci_hcd
Nov 28 07:14:16 myhostname kernel: usb 1-1: New USB device strings: Mfr=5, Product=4, SerialNumber=715500
Oct  3 17:47:35 myhostname systemd-logind: New session 1 of user user.
Aug 28 09:51:05 myhostname systemd-logind: New session 1 of user user.
Sep 25 10:35:21 myhostname sshd: Accepted password for user from 192.168.1.100 port 22 ssh2
May  3 12:21:37 myhostname systemd-logind: New session 1 of user user.
Sep 11 23:46:01 myhostname kernel: usb 1-1: New USB device strings: Mfr=1, Product=4, SerialNumber=721159
Jun 13 20:11:53 myhostname sshd: pam_unix(sshd:session): session opened for user user by (uid=0)
Mar 25 19:12:12 myhostname sshd: pam_unix(sshd:session): session opened for user user by (uid=0)
May 24 03:11:07 myhostname systemd-logind: New session 1 of user user.
Mar  5 00:26:30 myhostname kernel: usb 1-1: Manufacturer: Example Manufacturer
Mar 27 14:31:07 myhostname CRON: (root) CMD (   cd / && run-parts --report /etc/cron.hourly)
Apr  6 00:01:52 myhostname systemd-logind: New session 1 of user user.
Jul  4 23:21:34 myhostname systemd-logind: New session 1 of user user.
Jun 10 09:40:56 myhostname CRON: (root) CMD (   cd / && run-parts --report /etc/cron.hourly)
Jan 13 17:24:53 myhostname sshd: pam_unix(sshd:session): session opened for user user by (uid=0)
Aug  5 01:29:05 myhostname kernel: usb 1-1: New USB device found, idVendor=1234, idProduct=5678, bcdDevice=1.00
Jun  1 15:17:35 myhostname systemd-logind: New session 1 of user user.
Dec  8 15:41:00 myhostname systemd-logind: New session 1 of user user.
Jun 14 22:12:33 myhostname CRON: (root) CMD (   cd / && run-parts --report /etc/cron.hourly)
Feb 11 03:43:55 myhostname systemd: Starting Daily apt download activities...
Nov  4 05:24:57 myhostname systemd-logind: New session 1 of user user.
Jan 13 21:43:52 myhostname systemd: Started Daily apt download activities.
Jan 18 07:15:52 myhostname CRON: (root) CMD (   cd / && run-parts --report /etc/cron.hourly)
Apr 21 12:02:47 myhostname systemd-logind: New session 1 of user user.
Aug  6 13:44:03 myhostname sshd: pam_unix(sshd:session): session opened for user user by (uid=0)
Oct 16 02:44:28 myhostname systemd: Starting Daily apt download activities...
Dec 19 05:52:12 myhostname kernel: usb 1-1: New USB device found, idVendor=1234, idProduct=5678, bcdDevice=1.00
Jan 22 21:59:13 myhostname systemd: Starting Daily apt download activities...
Aug  1 21:02:51 myhostname kernel: usb 1-1: New USB device found, idVendor=1234, idProduct=5678, bcdDevice=1.00
Jan 20 05:17:14 myhostname systemd: Started Cleanup of Temporary Directories.
Aug 12 01:25:49 myhostname CRON: (root) CMD (   cd / && run-parts --report /etc/cron.hourly)
Mar 26 16:04:36 myhostname kernel: usb 1-1: new high-speed USB device number 17 using xhci_hcd
Nov 22 22:00:49 myhostname sshd: Accepted password for user from 192.168.1.100 port 22 ssh2
Aug 26 16:06:50 myhostname systemd: Started Cleanup of Temporary Directories.
Apr 27 20:51:07 myhostname CRON: (root) CMD (   cd / && run-parts --report /etc/cron.hourly)
Feb  9 05:08:04 myhostname CRON: (root) CMD (   cd / && run-parts --report /etc/cron.hourly)
Jul 13 10:29:41 myhostname kernel: eth0: Link is Up - 1Gbps/Full - flow control rx/tx
Jan 20 17:32:54 myhostname systemd: Starting Cleanup of Temporary Directories...
Nov 10 00:45:40 myhostname systemd: Started Cleanup of Temporary Directories.
Dec 19 21:02:24 myhostname systemd: Started Cleanup of Temporary Directories.
Aug 22 05:52:56 myhostname CRON: (root) CMD (   cd / && run-parts --report /etc/cron.hourly)
Jun  5 19:47:36 myhostname sshd: pam_unix(sshd:session): session opened for user user by (uid=0)
Aug 25 11:09:56 myhostname kernel: eth0: Link is Up - 1Gbps/Full - flow control rx/tx
May 15 21:45:46 myhostname systemd: Starting Cleanup of Temporary Directories...
Sep  2 13:23:50 myhostname sshd: Accepted password for user from 192.168.1.100 port 22 ssh2
Jun  3 10:40:06 myhostname kernel: eth0: Link is Up - 1Gbps/Full - flow control rx/tx
Nov 15 21:15:58 myhostname sshd: pam_unix(sshd:session): session opened for user user by (uid=0)
Mar 19 20:43:28 myhostname systemd-logind: New session 1 of user user.
Dec 27 00:22:36 myhostname kernel: usb 1-1: new high-speed USB device number 15 using xhci_hcd
May 12 02:50:33 myhostname systemd-logind: New session 1 of user user.
Jun 16 17:28:57 myhostname CRON: (root) CMD (   cd / && run-parts --report /etc/cron.hourly)
Jul 24 01:07:08 myhostname kernel: usb 1-1: Product: Example USB Device
May 13 13:01:57 myhostname sshd: Accepted password for user from 192.168.1.100 port 22 ssh2
Oct 27 00:32:05 myhostname systemd-logind: New session 1 of user user.
Aug 16 18:19:58 myhostname kernel: eth0: Link is Up - 1Gbps/Full - flow control rx/tx
Jul  2 11:03:18 myhostname systemd: Started Cleanup of Temporary Directories.
Oct 13 23:56:16 myhostname sshd: Accepted password for user from 192.168.1.100 port 22 ssh2
Mar 12 22:15:21 myhostname systemd: Started Cleanup of Temporary Directories.
Aug 13 15:23:28 myhostname CRON: (root) CMD (   cd / && run-parts --report /etc/cron.hourly)
Aug  9 20:01:39 myhostname systemd: Started Cleanup of Temporary Directories.
May  5 12:04:36 myhostname systemd: Started Daily apt download activities.
May 13 06:07:37 myhostname systemd: Starting Daily apt download activities...
Jun 28 07:28:46 myhostname CRON: (root) CMD (   cd / && run-parts --report /etc/cron.hourly)
Aug  9 23:45:38 myhostname CRON: (root) CMD (   cd / && run-parts --report /etc/cron.hourly)
Jun 14 18:31:45 myhostname kernel: usb 1-1: new high-speed USB device number 15 using xhci_hcd
Jan 28 16:41:27 myhostname sshd: pam_unix(sshd:session): session opened for user user by (uid=0)
Dec  9 07:12:29 myhostname systemd-logind: New session 1 of user user.
Oct 11 01:54:56 myhostname kernel: EXT4-fs (sda1): mounted filesystem with ordered data mode. Opts: (null)
Dec 20 21:02:57 myhostname kernel: eth0: Link is Up - 1Gbps/Full - flow control rx/tx
Sep 13 21:28:12 myhostname kernel: EXT4-fs (sda1): mounted filesystem with ordered data mode. Opts: (null)
Jan 14 17:36:06 myhostname sshd: pam_unix(sshd:session): session opened for user user by (uid=0)
Nov 19 19:41:27 myhostname systemd: Started Daily apt download activities.
Jun  4 00:52:06 myhostname CRON: (root) CMD (   cd / && run-parts --report /etc/cron.hourly)
Jan 24 02:52:02 myhostname systemd-logind: New session 1 of user user.
Dec 21 10:32:23 myhostname sshd: pam_unix(sshd:session): session opened for user user by (uid=0)
Feb 11 09:17:14 myhostname sshd: pam_unix(sshd:session): session opened for user user by (uid=0)
Dec  7 06:28:23 myhostname systemd-logind: New session 1 of user user.
Oct 26 06:18:15 myhostname CRON: (root) CMD (   cd / && run-parts --report /etc/cron.hourly)
Jul  7 21:22:45 myhostname kernel: usb 1-1: new high-speed USB device number 9 using xhci_hcd
Jun  9 18:12:32 myhostname systemd: Started Cleanup of Temporary Directories.
Oct 25 06:24:18 myhostname systemd-logind: New session 1 of user user.
Sep 17 08:31:15 myhostname systemd: Started Daily apt download activities.
Jan 18 14:53:16 myhostname kernel: usb 1-1: new high-speed USB device number 4 using xhci_hcd
Nov 18 23:18:51 myhostname sshd: Accepted password for user from 192.168.1.100 port 22 ssh2
Dec 12 21:12:21 myhostname systemd-logind: New session 1 of user user.
Sep 22 13:47:08 myhostname sshd: pam_unix(sshd:session): session opened for user user by (uid=0)
Sep 19 17:44:03 myhostname sshd: Accepted password for user from 192.168.1.100 port 22 ssh2
Apr  2 06:29:13 myhostname systemd-logind: New session 1 of user user.
Dec 13 04:45:33 myhostname systemd: Started Daily apt download activities.
Oct 17 08:18:23 myhostname sshd: pam_unix(sshd:session): session opened for user user by (uid=0)
May  1 22:27:38 myhostname kernel: usb 1-1: new high-speed USB device number 11 using xhci_hcd
Apr 27 13:15:42 myhostname systemd: Starting Cleanup of Temporary Directories...
Apr 14 09:13:47 myhostname systemd: Starting Daily apt download activities...
Jun 21 06:02:18 myhostname kernel: usb 1-1: new high-speed USB device number 2 using xhci_hcd
Jan 14 20:32:24 myhostname CRON: (root) CMD (   cd / && run-parts --report /etc/cron.hourly)
May 13 14:46:16 myhostname systemd: Starting Daily apt download activities...
May 17 14:16:51 myhostname kernel: usb 1-1: Manufacturer: Example Manufacturer
Nov 19 03:25:54 myhostname CRON: (root) CMD (   cd / && run-parts --report /etc/cron.hourly)
Feb  8 08:52:19 myhostname sshd: Accepted password for user from 192.168.1.100 port 22 ssh2
Apr  4 15:47:21 myhostname systemd: Started Daily apt download activities.
Oct 11 18:26:05 myhostname systemd: Started Cleanup of Temporary Directories.
Dec  3 13:25:08 myhostname sshd: Accepted password for user from 192.168.1.100 port 22 ssh2
Apr 27 22:49:25 myhostname systemd: Started Cleanup of Temporary Directories.
Apr 11 12:29:31 myhostname systemd: Started Daily apt download activities.
Mar  6 15:57:08 myhostname systemd-logind: New session 1 of user user.
Mar  7 21:47:03 myhostname systemd: Starting Cleanup of Temporary Directories...
Jul 11 17:25:58 myhostname systemd: Started Cleanup of Temporary Directories.
Nov 20 23:30:51 myhostname systemd-logind: New session 1 of user user.
Aug  2 00:12:54 myhostname systemd-logind: New session 1 of user user.
Jan 22 09:40:40 myhostname CRON: (root) CMD (   cd / && run-parts --report /etc/cron.hourly)
Jan  6 00:59:50 myhostname sshd: pam_unix(sshd:session): session opened for user user by (uid=0)
Dec  6 05:32:26 myhostname kernel: usb 1-1: new high-speed USB device number 12 using xhci_hcd
Oct 28 04:30:57 myhostname systemd-logind: New session 1 of user user.
Nov 13 00:59:37 myhostname systemd-logind: New session 1 of user user.
Dec 17 11:22:35 myhostname kernel: EXT4-fs (sda1): mounted filesystem with ordered data mode. Opts: (null)
Jul  9 20:02:56 myhostname systemd: Started Cleanup of Temporary Directories.
Sep 19 00:07:07 myhostname systemd: Starting Daily apt download activities...
Aug  6 09:18:57 myhostname CRON: (root) CMD (   cd / && run-parts --report /etc/cron.hourly)
Dec 19 09:44:15 myhostname CRON: (root) CMD (   cd / && run-parts --report /etc/cron.hourly)
Jul  3 18:53:58 myhostname sshd: Accepted password for user from 192.168.1.100 port 22 ssh2
Jun 23 23:13:54 myhostname sshd: pam_unix(sshd:session): session opened for user user by (uid=0)
Oct  3 15:41:35 myhostname systemd-logind: New session 1 of user user.
Dec  6 20:34:20 myhostname kernel: usb 1-1: New USB device found, idVendor=1234, idProduct=5678, bcdDevice=1.00
Oct 16 22:56:28 myhostname systemd-logind: New session 1 of user user.
Feb  7 23:45:36 myhostname sshd: Accepted password for user from 192.168.1.100 port 22 ssh2
Jul 21 16:19:35 myhostname sshd: Accepted password for user from 192.168.1.100 port 22 ssh2
Aug  4 23:56:13 myhostname CRON: (root) CMD (   cd / && run-parts --report /etc/cron.hourly)
Mar 18 09:45:46 myhostname CRON: (root) CMD (   cd / && run-parts --report /etc/cron.hourly)
Feb 13 09:54:03 myhostname sshd: Accepted password for user from 192.168.1.100 port 22 ssh2
Dec 25 09:31:48 myhostname sshd: Accepted password for user from 192.168.1.100 port 22 ssh2
Aug 19 11:02:42 myhostname systemd: Starting Daily apt download activities...
Jan 16 01:45:44 myhostname systemd-logind: New session 1 of user user.
Jun 20 01:50:32 myhostname systemd-logind: New session 1 of user user.
May 19 03:05:13 myhostname sshd: Accepted password for user from 192.168.1.100 port 22 ssh2
Aug  9 18:42:54 myhostname sshd: Accepted password for user from 192.168.1.100 port 22 ssh2
Jul 25 10:03:49 myhostname kernel: usb 1-1: New USB device strings: Mfr=3, Product=1, SerialNumber=612308
Nov  9 13:31:10 myhostname systemd: Started Daily apt download activities.
Oct 12 06:04:21 myhostname systemd: Starting Daily apt download activities...
Nov 15 18:03:42 myhostname sshd: Accepted password for user from 192.168.1.100 port 22 ssh2
Dec  7 18:56:13 myhostname kernel: EXT4-fs (sda1): mounted filesystem with ordered data mode. Opts: (null)
May  1 03:05:59 myhostname sshd: pam_unix(sshd:session): session opened for user user by (uid=0)
May 28 09:05:12 myhostname CRON: (root) CMD (   cd / && run-parts --report /etc/cron.hourly)
Mar  2 16:06:07 myhostname kernel: usb 1-1: New USB device found, idVendor=1234, idProduct=5678, bcdDevice=1.00
Apr  4 03:14:05 myhostname systemd-logind: New session 1 of user user.
Apr 11 01:02:14 myhostname kernel: eth0: Link is Up - 1Gbps/Full - flow control rx/tx
Jun 13 21:07:00 myhostname kernel: usb 1-1: Product: Example USB Device
Jun 27 02:44:54 myhostname kernel: EXT4-fs (sda1): mounted filesystem with ordered data mode. Opts: (null)
Oct 11 02:41:35 myhostname sshd: pam_unix(sshd:session): session opened for user user by (uid=0)
Oct 16 06:22:47 myhostname kernel: usb 1-1: New USB device strings: Mfr=3, Product=1, SerialNumber=293280
Aug 16 20:46:30 myhostname sshd: Accepted password for user from 192.168.1.100 port 22 ssh2
May 16 23:48:32 myhostname systemd: Started Daily apt download activities.
May 12 08:21:54 myhostname CRON: (root) CMD (   cd / && run-parts --report /etc/cron.hourly)
Aug 13 05:57:33 myhostname kernel: EXT4-fs (sda1): mounted filesystem with ordered data mode. Opts: (null)
Sep 22 15:31:50 myhostname systemd-logind: New session 1 of user user.
Sep  6 13:27:00 myhostname sshd: pam_unix(sshd:session): session opened for user user by (uid=0)
Dec 28 20:48:51 myhostname CRON: (root) CMD (   cd / && run-parts --report /etc/cron.hourly)
Feb 21 00:11:23 myhostname CRON: (root) CMD (   cd / && run-parts --report /etc/cron.hourly)
Jul 17 16:08:48 myhostname systemd: Starting Daily apt download activities...
Feb  2 11:40:49 myhostname kernel: usb 1-1: New USB device strings: Mfr=2, Product=2, SerialNumber=263741
Dec  2 06:50:56 myhostname kernel: usb 1-1: Product: Example USB Device
Nov  9 23:00:12 myhostname sshd: pam_unix(sshd:session): session opened for user user by (uid=0)
Jun 24 02:45:05 myhostname CRON: (root) CMD (   cd / && run-parts --report /etc/cron.hourly)
Feb 16 08:37:55 myhostname systemd: Starting Daily apt download activities...
Feb 18 00:56:55 myhostname systemd: Starting Daily apt download activities...
Nov 24 05:15:01 myhostname systemd-logind: New session 1 of user user.
Jun 17 13:41:19 myhostname systemd: Started Cleanup of Temporary Directories.
Apr  8 10:39:50 myhostname systemd: Started Cleanup of Temporary Directories.
Jan 28 11:21:11 myhostname CRON: (root) CMD (   cd / && run-parts --report /etc/cron.hourly)
Oct 26 15:00:17 myhostname systemd: Started Cleanup of Temporary Directories.
Sep 27 15:19:13 myhostname sshd: pam_unix(sshd:session): session opened for user user by (uid=0)
Oct 15 17:14:56 myhostname CRON: (root) CMD (   cd / && run-parts --report /etc/cron.hourly)
Jul  6 03:47:57 myhostname CRON: (root) CMD (   cd / && run-parts --report /etc/cron.hourly)
Feb 10 22:57:32 myhostname CRON: (root) CMD (   cd / && run-parts --report /etc/cron.hourly)
Aug 18 18:26:36 myhostname systemd-logind: New session 1 of user user.
Oct  7 20:16:51 myhostname systemd-logind: New session 1 of user user.
Apr 23 15:14:41 myhostname CRON: (root) CMD (   cd / && run-parts --report /etc/cron.hourly)
Jun  4 14:04:08 myhostname CRON: (root) CMD (   cd / && run-parts --report /etc/cron.hourly)
Jul  7 04:57:16 myhostname kernel: usb 1-1: New USB device found, idVendor=1234, idProduct=5678, bcdDevice=1.00
Jul  9 19:24:40 myhostname systemd-logind: New session 1 of user user.
Jul 11 13:13:06 myhostname kernel: usb 1-1: New USB device found, idVendor=1234, idProduct=5678, bcdDevice=1.00
Feb  6 23:36:04 myhostname sshd: pam_unix(sshd:session): session opened for user user by (uid=0)
Mar 27 05:17:43 myhostname sshd: pam_unix(sshd:session): session opened for user user by (uid=0)
Apr 15 08:53:15 myhostname systemd: Starting Daily apt download activities...
Oct 27 12:46:17 myhostname systemd-logind: New session 1 of user user.
Mar 18 17:58:03 myhostname kernel: usb 1-1: Product: Example USB Device
Dec  4 21:28:00 myhostname sshd: pam_unix(sshd:session): session opened for user user by (uid=0)
Feb 14 18:52:54 myhostname kernel: usb 1-1: Product: Example USB Device
Nov 18 16:17:36 myhostname sshd: Accepted password for user from 192.168.1.100 port 22 ssh2
Mar  2 13:37:35 myhostname kernel: usb 1-1: Product: Example USB Device
Dec 15 04:57:45 myhostname sshd: Accepted password for user from 192.168.1.100 port 22 ssh2
Nov  9 14:03:39 myhostname CRON: (root) CMD (   cd / && run-parts --report /etc/cron.hourly)
Sep  3 11:34:58 myhostname kernel: usb 1-1: new high-speed USB device number 1 using xhci_hcd
Jul 13 08:41:16 myhostname CRON: (root) CMD (   cd / && run-parts --report /etc/cron.hourly)
Oct  4 06:06:05 myhostname sshd: Accepted password for user from 192.168.1.100 port 22 ssh2
Nov 19 09:21:51 myhostname CRON: (root) CMD (   cd / && run-parts --report /etc/cron.hourly)
Jun  7 04:26:33 myhostname systemd: Starting Cleanup of Temporary Directories...
Jul 18 15:26:23 myhostname sshd: pam_unix(sshd:session): session opened for user user by (uid=0)
Jul 11 00:18:23 myhostname systemd: Started Cleanup of Temporary Directories.
Jul  7 00:32:02 myhostname kernel: usb 1-1: New USB device found, idVendor=1234, idProduct=5678, bcdDevice=1.00
Apr 11 11:13:23 myhostname systemd: Starting Cleanup of Temporary Directories...
Oct  7 01:46:43 myhostname systemd: Starting Daily apt download activities...
Apr 25 06:11:13 myhostname CRON: (root) CMD (   cd / && run-parts --report /etc/cron.hourly)
Jul 20 02:33:06 myhostname systemd: Started Cleanup of Temporary Directories.
Nov  4 02:33:55 myhostname systemd-logind: New session 1 of user user.
Feb 14 23:42:44 myhostname systemd: Starting Daily apt download activities...
Feb 27 22:56:44 myhostname systemd-logind: New session 1 of user user.
Feb 23 10:01:56 myhostname systemd: Starting Daily apt download activities...
Jun 11 07:18:28 myhostname systemd: Starting Daily apt download activities...
Nov  4 12:57:54 myhostname sshd: Accepted password for user from 192.168.1.100 port 22 ssh2
Oct 25 12:22:54 myhostname sshd: Accepted password for user from 192.168.1.100 port 22 ssh2
Sep 15 08:26:14 myhostname CRON: (root) CMD (   cd / && run-parts --report /etc/cron.hourly)
Dec  7 15:56:35 myhostname systemd-logind: New session 1 of user user.
Jul  3 04:37:55 myhostname CRON: (root) CMD (   cd / && run-parts --report /etc/cron.hourly)
Oct  1 10:02:14 myhostname systemd: Starting Cleanup of Temporary Directories...
Dec 14 16:16:16 myhostname sshd: pam_unix(sshd:session): session opened for user user by (uid=0)
Nov 15 16:57:40 myhostname systemd: Started Cleanup of Temporary Directories.
Dec 24 04:54:11 myhostname systemd: Starting Cleanup of Temporary Directories...
Aug 26 18:36:11 myhostname kernel: usb 1-1: Product: Example USB Device
Nov  7 21:05:46 myhostname systemd: Started Daily apt download activities.
Oct  6 01:29:32 myhostname kernel: usb 1-1: Manufacturer: Example Manufacturer
Feb  5 00:46:17 myhostname kernel: usb 1-1: New USB device found, idVendor=1234, idProduct=5678, bcdDevice=1.00
Mar  4 15:06:02 myhostname CRON: (root) CMD (   cd / && run-parts --report /etc/cron.hourly)
Nov 11 05:08:35 myhostname CRON: (root) CMD (   cd / && run-parts --report /etc/cron.hourly)
Feb 25 15:04:18 myhostname sshd: Accepted password for user from 192.168.1.100 port 22 ssh2
Apr 17 23:13:21 myhostname kernel: usb 1-1: New USB device strings: Mfr=5, Product=3, SerialNumber=883128
Apr 18 14:55:51 myhostname sshd: Accepted password for user from 192.168.1.100 port 22 ssh2
Jan 21 13:25:28 myhostname kernel: usb 1-1: Product: Example USB Device
Jun 16 19:15:18 myhostname systemd: Started Daily apt download activities.
Nov 12 11:56:35 myhostname sshd: Accepted password for user from 192.168.1.100 port 22 ssh2
Aug 12 07:08:31 myhostname CRON: (root) CMD (   cd / && run-parts --report /etc/cron.hourly)
May 11 01:43:38 myhostname kernel: eth0: Link is Up - 1Gbps/Full - flow control rx/tx
Dec  9 11:14:53 myhostname sshd: pam_unix(sshd:session): session opened for user user by (uid=0)
Jun 12 09:41:42 myhostname systemd-logind: New session 1 of user user.
Jul 12 15:35:56 myhostname CRON: (root) CMD (   cd / && run-parts --report /etc/cron.hourly)
May 21 02:20:56 myhostname systemd: Started Cleanup of Temporary Directories.
Dec 25 13:51:55 myhostname systemd-logind: New session 1 of user user.
Nov  3 09:14:19 myhostname sshd: Accepted password for user from 192.168.1.100 port 22 ssh2
Jun 20 15:49:52 myhostname CRON: (root) CMD (   cd / && run-parts --report /etc/cron.hourly)
Apr 18 07:06:03 myhostname sshd: Accepted password for user from 192.168.1.100 port 22 ssh2
May  8 15:24:02 myhostname kernel: eth0: Link is Up - 1Gbps/Full - flow control rx/tx
Dec 19 12:09:41 myhostname systemd: Started Daily apt download activities.
Aug  3 23:03:01 myhostname sshd: pam_unix(sshd:session): session opened for user user by (uid=0)
Apr 24 04:46:52 myhostname systemd-logind: New session 1 of user user.
May  1 03:42:53 myhostname systemd-logind: New session 1 of user user.
Jun 15 14:12:00 myhostname systemd-logind: New session 1 of user user.
Jun 12 23:10:23 myhostname sshd: Accepted password for user from 192.168.1.100 port 22 ssh2
Jul 12 02:47:53 myhostname kernel: usb 1-1: new high-speed USB device number 17 using xhci_hcd
Dec  6 13:57:22 myhostname sshd: Accepted password for user from 192.168.1.100 port 22 ssh2
Apr  4 02:18:58 myhostname sshd: pam_unix(sshd:session): session opened for user user by (uid=0)
Sep  3 09:09:55 myhostname systemd: Starting Daily apt download activities...
Feb 24 20:10:14 myhostname CRON: (root) CMD (   cd / && run-parts --report /etc/cron.hourly)
Sep 10 01:35:11 myhostname sshd: pam_unix(sshd:session): session opened for user user by (uid=0)
Nov  3 00:43:30 myhostname CRON: (root) CMD (   cd / && run-parts --report /etc/cron.hourly)
Jun 21 04:54:41 myhostname systemd: Starting Cleanup of Temporary Directories...
Dec 27 22:20:05 myhostname kernel: usb 1-1: new high-speed USB device number 18 using xhci_hcd
Dec  9 09:05:39 myhostname sshd: pam_unix(sshd:session): session opened for user user by (uid=0)
May 18 21:17:50 myhostname sshd: Accepted password for user from 192.168.1.100 port 22 ssh2
Apr 19 11:03:21 myhostname CRON: (root) CMD (   cd / && run-parts --report /etc/cron.hourly)
Dec 10 03:28:14 myhostname kernel: usb 1-1: Product: Example USB Device
May  5 05:51:18 myhostname CRON: (root) CMD (   cd / && run-parts --report /etc/cron.hourly)
Feb 28 12:25:53 myhostname systemd: Starting Daily apt download activities...
Nov  9 18:22:05 myhostname kernel: eth0: Link is Up - 1Gbps/Full - flow control rx/tx
Jul 21 12:13:48 myhostname sshd: pam_unix(sshd:session): session opened for user user by (uid=0)
May 11 12:08:08 myhostname systemd: Started Cleanup of Temporary Directories.
Feb 14 12:30:37 myhostname systemd: Starting Cleanup of Temporary Directories...
Apr  7 01:16:55 myhostname sshd: pam_unix(sshd:session): session opened for user user by (uid=0)
Jul  5 06:14:17 myhostname sshd: pam_unix(sshd:session): session opened for user user by (uid=0)
May 12 04:33:57 myhostname sshd: Accepted password for user from 192.168.1.100 port 22 ssh2
Sep  2 15:12:11 myhostname systemd-logind: New session 1 of user user.
Jul  3 23:11:00 myhostname CRON: (root) CMD (   cd / && run-parts --report /etc/cron.hourly)
Mar 15 15:34:11 myhostname sshd: Accepted password for user from 192.168.1.100 port 22 ssh2
Aug 10 08:04:47 myhostname systemd-logind: New session 1 of user user.
May 25 01:29:19 myhostname systemd: Starting Daily apt download activities...
Jul 13 23:17:33 myhostname systemd-logind: New session 1 of user user.
Mar 13 03:41:08 myhostname systemd-logind: New session 1 of user user.
Aug 24 11:13:34 myhostname systemd-logind: New session 1 of user user.
Mar 26 09:00:59 myhostname sshd: Accepted password for user from 192.168.1.100 port 22 ssh2
Feb  3 04:10:20 myhostname kernel: EXT4-fs (sda1): mounted filesystem with ordered data mode. Opts: (null)
Oct 27 12:26:19 myhostname systemd: Starting Daily apt download activities...
Sep  6 09:44:54 myhostname sshd: Accepted password for user from 192.168.1.100 port 22 ssh2
Jul 27 06:44:13 myhostname systemd-logind: New session 1 of user user.
Nov 16 08:06:01 myhostname kernel: usb 1-1: New USB device strings: Mfr=4, Product=4, SerialNumber=468057
Mar 21 11:40:51 myhostname sshd: pam_unix(sshd:session): session opened for user user by (uid=0)
Jan  5 11:28:33 myhostname CRON: (root) CMD (   cd / && run-parts --report /etc/cron.hourly)
Nov 23 13:40:56 myhostname systemd: Starting Daily apt download activities...
Aug  8 03:36:30 myhostname sshd: pam_unix(sshd:session): session opened for user user by (uid=0)
Feb  8 10:23:59 myhostname systemd-logind: New session 1 of user user.
Aug  8 00:54:04 myhostname CRON: (root) CMD (   cd / && run-parts --report /etc/cron.hourly)
Nov 17 09:41:54 myhostname systemd: Started Daily apt download activities.
Aug 26 19:19:34 myhostname systemd-logind: New session 1 of user user.
Mar 16 09:45:02 myhostname CRON: (root) CMD (   cd / && run-parts --report /etc/cron.hourly)
Jul  3 15:59:20 myhostname systemd: Started Daily apt download activities.
Jul 23 00:58:59 myhostname sshd: pam_unix(sshd:session): session opened for user user by (uid=0)
Dec 12 21:33:40 myhostname sshd: Accepted password for user from 192.168.1.100 port 22 ssh2
Nov 15 11:03:15 myhostname systemd: Started Cleanup of Temporary Directories.
Dec 25 15:18:36 myhostname kernel: usb 1-1: New USB device found, idVendor=1234, idProduct=5678, bcdDevice=1.00
May 22 09:21:43 myhostname CRON: (root) CMD (   cd / && run-parts --report /etc/cron.hourly)
Jun 14 18:49:52 myhostname CRON: (root) CMD (   cd / && run-parts --report /etc/cron.hourly)
Jan 13 20:14:03 myhostname sshd: pam_unix(sshd:session): session opened for user user by (uid=0)
May 20 17:56:26 myhostname CRON: (root) CMD (   cd / && run-parts --report /etc/cron.hourly)
Nov 27 10:06:46 myhostname CRON: (root) CMD (   cd / && run-parts --report /etc/cron.hourly)
Aug 23 23:54:04 myhostname kernel: usb 1-1: New USB device strings: Mfr=2, Product=5, SerialNumber=117365
Feb 16 11:02:04 myhostname systemd-logind: New session 1 of user user.
Apr 14 23:43:39 myhostname kernel: usb 1-1: New USB device found, idVendor=1234, idProduct=5678, bcdDevice=1.00
Nov 25 02:40:15 myhostname sshd: Accepted password for user from 192.168.1.100 port 22 ssh2
Feb  6 17:46:36 myhostname kernel: usb 1-1: New USB device found, idVendor=1234, idProduct=5678, bcdDevice=1.00
Feb  9 09:45:31 myhostname sshd: Accepted password for user from 192.168.1.100 port 22 ssh2
Jul  5 18:01:53 myhostname sshd: pam_unix(sshd:session): session opened for user user by (uid=0)
Sep 13 19:06:52 myhostname systemd: Starting Cleanup of Temporary Directories...
Mar 17 14:08:58 myhostname systemd-logind: New session 1 of user user.
Jul 10 18:52:16 myhostname CRON: (root) CMD (   cd / && run-parts --report /etc/cron.hourly)
Feb 28 19:17:46 myhostname systemd-logind: New session 1 of user user.
Sep  6 22:10:00 myhostname sshd: Accepted password for user from 192.168.1.100 port 22 ssh2
Dec 13 17:33:22 myhostname kernel: usb 1-1: New USB device found, idVendor=1234, idProduct=5678, bcdDevice=1.00
Oct 18 06:04:27 myhostname CRON: (root) CMD (   cd / && run-parts --report /etc/cron.hourly)
Aug 18 19:38:43 myhostname systemd-logind: New session 1 of user user.
Sep 10 00:57:11 myhostname CRON: (root) CMD (   cd / && run-parts --report /etc/cron.hourly)
Jan 11 16:11:39 myhostname kernel: usb 1-1: Manufacturer: Example Manufacturer
Feb  1 03:02:24 myhostname CRON: (root) CMD (   cd / && run-parts --report /etc/cron.hourly)
Nov 13 17:03:54 myhostname systemd: Started Daily apt download activities.
Nov  4 02:06:19 myhostname sshd: Accepted password for user from 192.168.1.100 port 22 ssh2
Jun  6 02:52:01 myhostname kernel: usb 1-1: new high-speed USB device number 16 using xhci_hcd
Nov 10 06:09:19 myhostname systemd: Starting Cleanup of Temporary Directories...
Jan 13 13:56:03 myhostname sshd: pam_unix(sshd:session): session opened for user user by (uid=0)
Mar  5 11:08:32 myhostname CRON: (root) CMD (   cd / && run-parts --report /etc/cron.hourly)
Oct  1 04:13:04 myhostname sshd: pam_unix(sshd:session): session opened for user user by (uid=0)
Jan 18 22:09:58 myhostname systemd: Starting Daily apt download activities...
Oct 26 05:55:16 myhostname systemd: Started Daily apt download activities.
Mar 17 17:54:58 myhostname CRON: (root) CMD (   cd / && run-parts --report /etc/cron.hourly)
Feb 27 17:35:14 myhostname systemd-logind: New session 1 of user user.
Feb  9 06:14:07 myhostname sshd: pam_unix(sshd:session): session opened for user user by (uid=0)
May 16 18:43:34 myhostname systemd-logind: New session 1 of user user.
Mar 10 11:13:02 myhostname kernel: EXT4-fs (sda1): mounted filesystem with ordered data mode. Opts: (null)
Apr  3 04:14:04 myhostname systemd-logind: New session 1 of user user.
Dec  2 04:29:20 myhostname CRON: (root) CMD (   cd / && run-parts --report /etc/cron.hourly)
Apr 18 23:02:23 myhostname CRON: (root) CMD (   cd / && run-parts --report /etc/cron.hourly)
Apr  9 03:00:50 myhostname sshd: pam_unix(sshd:session): session opened for user user by (uid=0)
Nov 19 22:53:09 myhostname systemd-logind: New session 1 of user user.
Jul 10 16:22:03 myhostname systemd-logind: New session 1 of user user.
Oct  7 00:14:53 myhostname systemd: Starting Cleanup of Temporary Directories...
Mar 26 04:15:39 myhostname systemd-logind: New session 1 of user user.
Mar 14 19:30:56 myhostname CRON: (root) CMD (   cd / && run-parts --report /etc/cron.hourly)
Jun 15 17:29:16 myhostname CRON: (root) CMD (   cd / && run-parts --report /etc/cron.hourly)
Aug 22 03:24:59 myhostname CRON: (root) CMD (   cd / && run-parts --report /etc/cron.hourly)
Feb 17 07:20:11 myhostname CRON: (root) CMD (   cd / && run-parts --report /etc/cron.hourly)
Jun 16 14:54:56 myhostname CRON: (root) CMD (   cd / && run-parts --report /etc/cron.hourly)
Jul 14 00:38:51 myhostname systemd-logind: New session 1 of user user.
Aug 20 18:48:51 myhostname kernel: eth0: Link is Up - 1Gbps/Full - flow control rx/tx
Apr 13 21:02:01 myhostname CRON: (root) CMD (   cd / && run-parts --report /etc/cron.hourly)
Feb 14 15:08:45 myhostname systemd: Starting Cleanup of Temporary Directories...
May 24 09:10:31 myhostname sshd: pam_unix(sshd:session): session opened for user user by (uid=0)
Feb  8 07:29:14 myhostname systemd-logind: New session 1 of user user.
Jan 15 05:03:10 myhostname CRON: (root) CMD (   cd / && run-parts --report /etc/cron.hourly)
Nov 17 21:26:51 myhostname kernel: usb 1-1: New USB device found, idVendor=1234, idProduct=5678, bcdDevice=1.00
Oct 28 01:44:04 myhostname CRON: (root) CMD (   cd / && run-parts --report /etc/cron.hourly)
Mar 11 22:53:46 myhostname systemd-logind: New session 1 of user user.
Dec  3 23:25:43 myhostname kernel: EXT4-fs (sda1): mounted filesystem with ordered data mode. Opts: (null)
May  8 22:49:48 myhostname CRON: (root) CMD (   cd / && run-parts --report /etc/cron.hourly)
Jul 21 14:46:04 myhostname kernel: usb 1-1: New USB device found, idVendor=1234, idProduct=5678, bcdDevice=1.00
Jan  4 19:35:39 myhostname kernel: usb 1-1: Manufacturer: Example Manufacturer
Jul  5 05:34:20 myhostname sshd: Accepted password for user from 192.168.1.100 port 22 ssh2
Jul 22 12:26:03 myhostname CRON: (root) CMD (   cd / && run-parts --report /etc/cron.hourly)
Jan 12 13:44:35 myhostname systemd-logind: New session 1 of user user.
Sep 18 16:43:46 myhostname CRON: (root) CMD (   cd / && run-parts --report /etc/cron.hourly)
Aug 14 18:59:41 myhostname kernel: usb 1-1: Manufacturer: Example Manufacturer
Apr 12 00:10:51 myhostname systemd-logind: New session 1 of user user.
Aug 25 01:05:13 myhostname CRON: (root) CMD (   cd / && run-parts --report /etc/cron.hourly)
Oct  3 17:53:13 myhostname CRON: (root) CMD (   cd / && run-parts --report /etc/cron.hourly)
Apr 24 01:43:53 myhostname systemd: Starting Cleanup of Temporary Directories...
Jan  7 06:13:02 myhostname systemd-logind: New session 1 of user user.
Aug 13 12:50:53 myhostname systemd: Started Cleanup of Temporary Directories.
Apr  9 10:30:00 myhostname sshd: pam_unix(sshd:session): session opened for user user by (uid=0)
Jan  4 07:40:13 myhostname kernel: usb 1-1: Manufacturer: Example Manufacturer
Aug 18 19:51:46 myhostname kernel: usb 1-1: New USB device strings: Mfr=2, Product=5, SerialNumber=767219
Aug 26 23:28:22 myhostname CRON: (root) CMD (   cd / && run-parts --report /etc/cron.hourly)
Oct 15 13:16:40 myhostname systemd: Started Daily apt download activities.
Aug  3 14:24:36 myhostname CRON: (root) CMD (   cd / && run-parts --report /etc/cron.hourly)
Oct  4 07:17:23 myhostname systemd-logind: New session 1 of user user.
Oct 26 16:26:58 myhostname kernel: usb 1-1: New USB device strings: Mfr=2, Product=3, SerialNumber=514959
Aug 15 15:48:05 myhostname sshd: Accepted password for user from 192.168.1.100 port 22 ssh2
Apr 26 04:40:20 myhostname CRON: (root) CMD (   cd / && run-parts --report /etc/cron.hourly)
Jun  4 01:56:33 myhostname CRON: (root) CMD (   cd / && run-parts --report /etc/cron.hourly)
Feb 27 02:40:19 myhostname sshd: pam_unix(sshd:session): session opened for user user by (uid=0)
Sep  6 09:00:12 myhostname systemd-logind: New session 1 of user user.
Jul 20 01:43:09 myhostname kernel: eth0: Link is Up - 1Gbps/Full - flow control rx/tx
Apr  9 06:27:56 myhostname systemd-logind: New session 1 of user user.
May 12 22:25:00 myhostname CRON: (root) CMD (   cd / && run-parts --report /etc/cron.hourly)
Dec 21 23:48:34 myhostname systemd: Started Cleanup of Temporary Directories.
May 25 07:15:19 myhostname systemd-logind: New session 1 of user user.
Jun 10 00:33:54 myhostname systemd: Started Daily apt download activities.
Feb 23 02:06:52 myhostname systemd-logind: New session 1 of user user.
Jun 15 19:38:01 myhostname kernel: usb 1-1: new high-speed USB device number 14 using xhci_hcd
Nov 27 00:24:24 myhostname sshd: Accepted password for user from 192.168.1.100 port 22 ssh2
Dec  5 16:47:10 myhostname systemd: Started Cleanup of Temporary Directories.
Jan 22 08:43:07 myhostname sshd: Accepted password for user from 192.168.1.100 port 22 ssh2
May 20 04:31:26 myhostname kernel: usb 1-1: Product: Example USB Device
Feb  2 08:29:26 myhostname kernel: EXT4-fs (sda1): mounted filesystem with ordered data mode. Opts: (null)
Oct 18 22:13:13 myhostname systemd-logind: New session 1 of user user.
Oct 11 20:04:21 myhostname systemd-logind: New session 1 of user user.
Oct  6 09:46:07 myhostname kernel: usb 1-1: Product: Example USB Device
Aug  9 13:03:37 myhostname systemd-logind: New session 1 of user user.
Sep  9 02:22:37 myhostname sshd: Accepted password for user from 192.168.1.100 port 22 ssh2
Sep  3 04:39:30 myhostname systemd-logind: New session 1 of user user.
Jul  5 08:45:18 myhostname sshd: pam_unix(sshd:session): session opened for user user by (uid=0)
Sep 20 10:06:21 myhostname CRON: (root) CMD (   cd / && run-parts --report /etc/cron.hourly)
Oct  9 03:10:40 myhostname systemd: Starting Cleanup of Temporary Directories...
Aug  8 18:57:13 myhostname CRON: (root) CMD (   cd / && run-parts --report /etc/cron.hourly)
Jun 11 04:54:57 myhostname systemd: Started Daily apt download activities.
Jun  1 19:06:08 myhostname CRON: (root) CMD (   cd / && run-parts --report /etc/cron.hourly)
Jul 12 09:44:31 myhostname systemd-logind: New session 1 of user user.
Mar 11 16:14:05 myhostname kernel: usb 1-1: Product: Example USB Device
Dec 22 02:45:45 myhostname kernel: usb 1-1: new high-speed USB device number 2 using xhci_hcd
Oct 17 23:27:56 myhostname systemd-logind: New session 1 of user user.
Apr 27 09:14:13 myhostname kernel: usb 1-1: new high-speed USB device number 12 using xhci_hcd
Aug  1 23:32:21 myhostname systemd-logind: New session 1 of user user.
Mar  1 21:32:21 myhostname CRON: (root) CMD (   cd / && run-parts --report /etc/cron.hourly)
Aug  8 16:45:00 myhostname CRON: (root) CMD (   cd / && run-parts --report /etc/cron.hourly)
Apr 25 23:49:17 myhostname kernel: usb 1-1: new high-speed USB device number 17 using xhci_hcd
Oct  4 14:16:46 myhostname CRON: (root) CMD (   cd / && run-parts --report /etc/cron.hourly)
Jun  8 11:54:10 myhostname systemd: Starting Daily apt download activities...
Jul 15 16:38:04 myhostname kernel: usb 1-1: New USB device strings: Mfr=3, Product=1, SerialNumber=317550
Jul 13 08:14:43 myhostname CRON: (root) CMD (   cd / && run-parts --report /etc/cron.hourly)
Jun 11 20:31:55 myhostname CRON: (root) CMD (   cd / && run-parts --report /etc/cron.hourly)
Jun 21 13:30:06 myhostname kernel: usb 1-1: Product: Example USB Device
Oct 12 04:01:58 myhostname sshd: Accepted password for user from 192.168.1.100 port 22 ssh2
Oct 24 08:19:14 myhostname systemd-logind: New session 1 of user user.
Jun 20 16:22:04 myhostname sshd: pam_unix(sshd:session): session opened for user user by (uid=0)
Jul 22 15:29:14 myhostname systemd-logind: New session 1 of user user.
May 18 01:17:37 myhostname CRON: (root) CMD (   cd / && run-parts --report /etc/cron.hourly)
Nov 21 17:19:17 myhostname systemd: Starting Daily apt download activities...
Jun  4 18:35:31 myhostname kernel: usb 1-1: new high-speed USB device number 2 using xhci_hcd
Nov 15 11:23:16 myhostname sshd: Accepted password for user from 192.168.1.100 port 22 ssh2
Dec  8 10:34:35 myhostname kernel: EXT4-fs (sda1): mounted filesystem with ordered data mode. Opts: (null)
Jan  5 02:47:34 myhostname sshd: pam_unix(sshd:session): session opened for user user by (uid=0)
Sep  8 07:49:39 myhostname CRON: (root) CMD (   cd / && run-parts --report /etc/cron.hourly)
Mar  1 00:34:45 myhostname systemd-logind: New session 1 of user user.
Mar  7 17:23:09 myhostname kernel: usb 1-1: New USB device strings: Mfr=5, Product=3, SerialNumber=693246
Sep  8 12:16:38 myhostname systemd-logind: New session 1 of user user.
Nov 15 18:31:18 myhostname sshd: Accepted password for user from 192.168.1.100 port 22 ssh2
Nov 17 08:57:39 myhostname CRON: (root) CMD (   cd / && run-parts --report /etc/cron.hourly)
Nov 14 10:59:33 myhostname CRON: (root) CMD (   cd / && run-parts --report /etc/cron.hourly)
Jan  2 08:53:58 myhostname CRON: (root) CMD (   cd / && run-parts --report /etc/cron.hourly)
Dec 16 13:42:30 myhostname CRON: (root) CMD (   cd / && run-parts --report /etc/cron.hourly)
Jun  6 14:58:58 myhostname sshd: pam_unix(sshd:session): session opened for user user by (uid=0)
Nov 15 14:33:37 myhostname sshd: Accepted password for user from 192.168.1.100 port 22 ssh2
Aug  7 00:45:13 myhostname kernel: EXT4-fs (sda1): mounted filesystem with ordered data mode. Opts: (null)
Jun 14 19:11:33 myhostname systemd-logind: New session 1 of user user.
Feb 23 15:49:07 myhostname sshd: Accepted password for user from 192.168.1.100 port 22 ssh2
Jul 19 20:52:33 myhostname kernel: usb 1-1: Manufacturer: Example Manufacturer
Sep 13 16:42:06 myhostname CRON: (root) CMD (   cd / && run-parts --report /etc/cron.hourly)
Apr 28 14:54:48 myhostname systemd: Starting Daily apt download activities...
Apr 17 10:35:40 myhostname kernel: usb 1-1: new high-speed USB device number 18 using xhci_hcd
Jun 24 10:16:15 myhostname systemd-logind: New session 1 of user user.
Jul  6 12:23:34 myhostname systemd-logind: New session 1 of user user.
Aug  9 16:00:49 myhostname kernel: eth0: Link is Up - 1Gbps/Full - flow control rx/tx
Dec  1 08:17:06 myhostname sshd: pam_unix(sshd:session): session opened for user user by (uid=0)
Oct 16 22:09:34 myhostname CRON: (root) CMD (   cd / && run-parts --report /etc/cron.hourly)
Jun 26 14:01:44 myhostname systemd: Started Daily apt download activities.
Aug 16 09:52:13 myhostname CRON: (root) CMD (   cd / && run-parts --report /etc/cron.hourly)
May  5 11:52:54 myhostname CRON: (root) CMD (   cd / && run-parts --report /etc/cron.hourly)
Dec 25 20:58:09 myhostname systemd-logind: New session 1 of user user.
May 17 08:35:51 myhostname CRON: (root) CMD (   cd / && run-parts --report /etc/cron.hourly)
May 18 00:01:57 myhostname sshd: pam_unix(sshd:session): session opened for user user by (uid=0)
Feb 27 08:26:19 myhostname systemd: Started Daily apt download activities.
Dec 13 13:50:57 myhostname systemd: Starting Daily apt download activities...
May 28 08:32:35 myhostname kernel: usb 1-1: new high-speed USB device number 5 using xhci_hcd
Dec  4 21:54:24 myhostname kernel: EXT4-fs (sda1): mounted filesystem with ordered data mode. Opts: (null)
Feb 25 02:46:54 myhostname systemd: Started Daily apt download activities.
Jun  2 13:27:15 myhostname systemd-logind: New session 1 of user user.
Mar 25 18:55:12 myhostname sshd: pam_unix(sshd:session): session opened for user user by (uid=0)
Jan 14 08:15:43 myhostname kernel: usb 1-1: Manufacturer: Example Manufacturer
Oct  1 06:14:14 myhostname CRON: (root) CMD (   cd / && run-parts --report /etc/cron.hourly)
Apr 27 04:04:44 myhostname systemd: Starting Cleanup of Temporary Directories...
Jul 28 03:45:57 myhostname kernel: usb 1-1: New USB device strings: Mfr=5, Product=3, SerialNumber=331037
Jul  9 09:02:17 myhostname systemd-logind: New session 1 of user user.
Dec  1 03:46:05 myhostname kernel: usb 1-1: new high-speed USB device number 19 using xhci_hcd
Jul  9 17:44:26 myhostname systemd: Started Cleanup of Temporary Directories.
Dec 16 12:32:21 myhostname systemd-logind: New session 1 of user user.
Nov 24 12:29:31 myhostname systemd-logind: New session 1 of user user.
Sep 18 17:49:09 myhostname CRON: (root) CMD (   cd / && run-parts --report /etc/cron.hourly)
Apr 27 10:53:29 myhostname sshd: Accepted password for user from 192.168.1.100 port 22 ssh2
Aug  9 15:13:47 myhostname kernel: usb 1-1: New USB device found, idVendor=1234, idProduct=5678, bcdDevice=1.00
Jan  7 03:02:57 myhostname sshd: Accepted password for user from 192.168.1.100 port 22 ssh2
Feb 21 04:30:37 myhostname kernel: usb 1-1: new high-speed USB device number 6 using xhci_hcd
Dec 26 23:36:59 myhostname systemd-logind: New session 1 of user user.
Sep  2 07:41:26 myhostname CRON: (root) CMD (   cd / && run-parts --report /etc/cron.hourly)
Oct  7 09:52:30 myhostname systemd-logind: New session 1 of user user.
Jul 16 15:32:56 myhostname kernel: usb 1-1: New USB device strings: Mfr=2, Product=1, SerialNumber=619594
May  5 15:43:35 myhostname systemd: Starting Daily apt download activities...
Oct  1 02:06:22 myhostname sshd: pam_unix(sshd:session): session opened for user user by (uid=0)
Dec  4 21:31:01 myhostname kernel: usb 1-1: Product: Example USB Device
Mar  7 17:11:29 myhostname sshd: Accepted password for user from 192.168.1.100 port 22 ssh2
Oct 11 15:39:15 myhostname systemd-logind: New session 1 of user user.
Nov 21 02:54:11 myhostname systemd-logind: New session 1 of user user.
May 13 05:51:36 myhostname systemd-logind: New session 1 of user user.
May 10 06:16:57 myhostname kernel: usb 1-1: New USB device found, idVendor=1234, idProduct=5678, bcdDevice=1.00
Feb  9 07:51:38 myhostname systemd-logind: New session 1 of user user.
Sep 26 07:40:37 myhostname sshd: pam_unix(sshd:session): session opened for user user by (uid=0)
Jun 16 16:37:40 myhostname systemd-logind: New session 1 of user user.
Sep 13 03:13:38 myhostname systemd: Starting Cleanup of Temporary Directories...
Oct  8 15:14:24 myhostname sshd: Accepted password for user from 192.168.1.100 port 22 ssh2
Jun 23 10:54:26 myhostname systemd-logind: New session 1 of user user.
Feb  5 22:41:08 myhostname systemd-logind: New session 1 of user user.
Oct 23 05:29:25 myhostname kernel: usb 1-1: New USB device found, idVendor=1234, idProduct=5678, bcdDevice=1.00
Jul 27 21:42:51 myhostname kernel: usb 1-1: New USB device strings: Mfr=5, Product=5, SerialNumber=312902
Aug 19 01:27:18 myhostname kernel: usb 1-1: New USB device found, idVendor=1234, idProduct=5678, bcdDevice=1.00
Oct  7 17:00:01 myhostname systemd-logind: New session 1 of user user.
Jan  3 15:05:06 myhostname systemd-logind: New session 1 of user user.
Sep 23 23:29:58 myhostname systemd: Starting Daily apt download activities...
Mar 19 13:09:36 myhostname systemd-logind: New session 1 of user user.
Oct 24 17:06:00 myhostname sshd: pam_unix(sshd:session): session opened for user user by (uid=0)
Jun 16 13:14:33 myhostname systemd: Starting Cleanup of Temporary Directories...
Jan 15 12:04:45 myhostname systemd: Starting Cleanup of Temporary Directories...
Feb 15 17:34:22 myhostname systemd: Starting Daily apt download activities...
Feb  1 09:44:24 myhostname systemd: Started Cleanup of Temporary Directories.
Dec 22 07:18:25 myhostname systemd-logind: New session 1 of user user.
Oct 18 11:25:13 myhostname kernel: eth0: Link is Up - 1Gbps/Full - flow control rx/tx
Jun  7 08:35:10 myhostname systemd: Starting Daily apt download activities...
Apr 17 02:34:40 myhostname CRON: (root) CMD (   cd / && run-parts --report /etc/cron.hourly)
May 21 17:56:27 myhostname CRON: (root) CMD (   cd / && run-parts --report /etc/cron.hourly)
Jan 11 05:51:12 myhostname CRON: (root) CMD (   cd / && run-parts --report /etc/cron.hourly)
Jun  3 03:16:56 myhostname systemd-logind: New session 1 of user user.
Sep 26 04:28:53 myhostname CRON: (root) CMD (   cd / && run-parts --report /etc/cron.hourly)
May  4 23:01:28 myhostname CRON: (root) CMD (   cd / && run-parts --report /etc/cron.hourly)
Feb  7 15:57:44 myhostname sshd: pam_unix(sshd:session): session opened for user user by (uid=0)
Nov 17 11:42:50 myhostname kernel: usb 1-1: new high-speed USB device number 4 using xhci_hcd
Aug 21 05:43:47 myhostname kernel: eth0: Link is Up - 1Gbps/Full - flow control rx/tx
Jul 19 15:59:09 myhostname systemd-logind: New session 1 of user user.
Feb 24 13:06:31 myhostname kernel: usb 1-1: Product: Example USB Device
Feb 22 17:44:26 myhostname systemd: Starting Cleanup of Temporary Directories...
May 28 23:01:36 myhostname systemd-logind: New session 1 of user user.
Oct  7 00:24:27 myhostname CRON: (root) CMD (   cd / && run-parts --report /etc/cron.hourly)
Oct 24 00:50:28 myhostname systemd-logind: New session 1 of user user.
Sep 24 11:32:22 myhostname sshd: Accepted password for user from 192.168.1.100 port 22 ssh2
Jun  9 19:06:38 myhostname systemd: Starting Daily apt download activities...
May 17 10:55:56 myhostname systemd-logind: New session 1 of user user.
Mar 16 12:18:16 myhostname sshd: pam_unix(sshd:session): session opened for user user by (uid=0)
May 24 01:45:25 myhostname systemd-logind: New session 1 of user user.
May 18 05:27:19 myhostname sshd: pam_unix(sshd:session): session opened for user user by (uid=0)
Dec 14 11:09:44 myhostname CRON: (root) CMD (   cd / && run-parts --report /etc/cron.hourly)
Aug  3 02:18:39 myhostname CRON: (root) CMD (   cd / && run-parts --report /etc/cron.hourly)
Oct 13 02:06:20 myhostname systemd: Started Daily apt download activities.
Nov  5 22:19:09 myhostname kernel: EXT4-fs (sda1): mounted filesystem with ordered data mode. Opts: (null)
Aug 19 07:35:32 myhostname systemd-logind: New session 1 of user user.
Jun 27 13:50:26 myhostname systemd: Started Daily apt download activities.
Aug  7 23:35:58 myhostname kernel: eth0: Link is Up - 1Gbps/Full - flow control rx/tx
Jun  3 22:36:44 myhostname CRON: (root) CMD (   cd / && run-parts --report /etc/cron.hourly)
Jul 10 02:11:16 myhostname CRON: (root) CMD (   cd / && run-parts --report /etc/cron.hourly)
Feb  8 03:33:37 myhostname systemd: Started Cleanup of Temporary Directories.
Feb 15 05:10:06 myhostname kernel: usb 1-1: New USB device found, idVendor=1234, idProduct=5678, bcdDevice=1.00
Dec 24 18:01:23 myhostname kernel: usb 1-1: New USB device strings: Mfr=5, Product=4, SerialNumber=379868
May 25 17:20:56 myhostname kernel: usb 1-1: Product: Example USB Device
Jul 17 22:02:14 myhostname CRON: (root) CMD (   cd / && run-parts --report /etc/cron.hourly)
Apr 12 17:15:29 myhostname systemd: Started Daily apt download activities.
Apr 16 08:59:59 myhostname systemd-logind: New session 1 of user user.
Dec  4 18:46:28 myhostname systemd: Starting Cleanup of Temporary Directories...
Jun 15 18:20:45 myhostname kernel: usb 1-1: Manufacturer: Example Manufacturer
Feb 27 01:18:29 myhostname sshd: pam_unix(sshd:session): session opened for user user by (uid=0)
Aug 12 06:19:15 myhostname systemd: Starting Daily apt download activities...
Mar 24 02:47:13 myhostname sshd: pam_unix(sshd:session): session opened for user user by (uid=0)
Sep 13 01:49:55 myhostname kernel: usb 1-1: Product: Example USB Device
Oct 22 23:28:35 myhostname systemd: Starting Cleanup of Temporary Directories...
Nov 28 00:03:59 myhostname systemd-logind: New session 1 of user user.
Jun 10 07:44:11 myhostname systemd-logind: New session 1 of user user.
Apr  2 01:37:53 myhostname kernel: usb 1-1: New USB device found, idVendor=1234, idProduct=5678, bcdDevice=1.00
Jan 14 09:57:24 myhostname systemd: Starting Daily apt download activities...
Feb 14 12:07:49 myhostname kernel: usb 1-1: Product: Example USB Device
Jul  9 11:23:05 myhostname CRON: (root) CMD (   cd / && run-parts --report /etc/cron.hourly)
Sep 21 06:40:52 myhostname systemd-logind: New session 1 of user user.
Aug  4 12:20:27 myhostname systemd: Started Daily apt download activities.
Jan 16 21:30:21 myhostname systemd: Starting Daily apt download activities...
Nov 28 19:08:33 myhostname sshd: pam_unix(sshd:session): session opened for user user by (uid=0)
Oct  8 21:35:09 myhostname systemd-logind: New session 1 of user user.
Jul  1 16:29:53 myhostname systemd-logind: New session 1 of user user.
Feb  9 07:15:24 myhostname sshd: pam_unix(sshd:session): session opened for user user by (uid=0)
Nov 22 02:12:47 myhostname systemd-logind: New session 1 of user user.
Apr 26 10:36:25 myhostname systemd: Starting Cleanup of Temporary Directories...
Nov 10 09:20:16 myhostname systemd-logind: New session 1 of user user.
Nov 23 06:48:36 myhostname sshd: Accepted password for user from 192.168.1.100 port 22 ssh2
Jun 12 09:00:44 myhostname sshd: Accepted password for user from 192.168.1.100 port 22 ssh2
Jun 12 02:21:13 myhostname kernel: usb 1-1: Product: Example USB Device
Oct 21 13:56:08 myhostname sshd: pam_unix(sshd:session): session opened for user user by (uid=0)
Jan 26 08:06:25 myhostname systemd: Starting Daily apt download activities...
Mar 20 09:25:50 myhostname systemd-logind: New session 1 of user user.
Aug 25 11:41:41 myhostname systemd: Started Cleanup of Temporary Directories.
Feb 13 01:45:46 myhostname systemd-logind: New session 1 of user user.
Mar 14 00:26:46 myhostname systemd-logind: New session 1 of user user.
May  3 08:00:26 myhostname systemd: Started Daily apt download activities.
Jun 25 16:27:42 myhostname systemd-logind: New session 1 of user user.
Jan  7 21:23:45 myhostname sshd: pam_unix(sshd:session): session opened for user user by (uid=0)
May 24 05:20:56 myhostname sshd: pam_unix(sshd:session): session opened for user user by (uid=0)
Jan 19 19:08:30 myhostname systemd-logind: New session 1 of user user.
Jun 20 18:41:57 myhostname kernel: usb 1-1: Manufacturer: Example Manufacturer
Sep  8 11:24:13 myhostname systemd-logind: New session 1 of user user.
Jul  5 16:51:20 myhostname systemd: Started Cleanup of Temporary Directories.
Jan  9 07:35:40 myhostname systemd-logind: New session 1 of user user.
Dec  3 15:49:09 myhostname CRON: (root) CMD (   cd / && run-parts --report /etc/cron.hourly)
Feb  2 12:51:24 myhostname systemd: Starting Cleanup of Temporary Directories...
Aug 23 06:14:34 myhostname systemd-logind: New session 1 of user user.
Mar 13 11:48:56 myhostname kernel: usb 1-1: Product: Example USB Device
Sep  9 18:58:06 myhostname CRON: (root) CMD (   cd / && run-parts --report /etc/cron.hourly)
Mar 15 11:38:31 myhostname CRON: (root) CMD (   cd / && run-parts --report /etc/cron.hourly)
Feb  5 01:36:48 myhostname sshd: Accepted password for user from 192.168.1.100 port 22 ssh2
Jan 23 03:20:03 myhostname sshd: pam_unix(sshd:session): session opened for user user by (uid=0)
Oct  9 22:45:19 myhostname systemd: Started Cleanup of Temporary Directories.
Dec 20 08:09:59 myhostname CRON: (root) CMD (   cd / && run-parts --report /etc/cron.hourly)
Oct 21 21:34:18 myhostname kernel: eth0: Link is Up - 1Gbps/Full - flow control rx/tx
Jun 21 05:43:12 myhostname CRON: (root) CMD (   cd / && run-parts --report /etc/cron.hourly)
May  6 19:59:58 myhostname systemd-logind: New session 1 of user user.
Sep 12 19:28:01 myhostname CRON: (root) CMD (   cd / && run-parts --report /etc/cron.hourly)
Oct 19 10:46:01 myhostname CRON: (root) CMD (   cd / && run-parts --report /etc/cron.hourly)
Mar  3 04:06:30 myhostname systemd: Started Daily apt download activities.
Mar 26 14:39:47 myhostname CRON: (root) CMD (   cd / && run-parts --report /etc/cron.hourly)
Aug 15 20:30:41 myhostname systemd-logind: New session 1 of user user.
Oct  3 13:54:29 myhostname systemd: Started Cleanup of Temporary Directories.
Jan 26 07:23:20 myhostname CRON: (root) CMD (   cd / && run-parts --report /etc/cron.hourly)
Aug  6 09:19:15 myhostname kernel: usb 1-1: New USB device strings: Mfr=1, Product=3, SerialNumber=546342
Dec 18 03:07:24 myhostname CRON: (root) CMD (   cd / && run-parts --report /etc/cron.hourly)
Jan  4 14:47:25 myhostname sshd: Accepted password for user from 192.168.1.100 port 22 ssh2
Mar 10 18:37:13 myhostname systemd: Started Daily apt download activities.
May 28 02:30:05 myhostname sshd: pam_unix(sshd:session): session opened for user user by (uid=0)
Feb 14 04:30:03 myhostname CRON: (root) CMD (   cd / && run-parts --report /etc/cron.hourly)
Jan 17 12:41:55 myhostname systemd: Starting Daily apt download activities...
Oct 20 00:34:08 myhostname kernel: usb 1-1: New USB device found, idVendor=1234, idProduct=5678, bcdDevice=1.00
Apr  4 22:10:28 myhostname kernel: usb 1-1: New USB device found, idVendor=1234, idProduct=5678, bcdDevice=1.00
Aug  4 00:03:52 myhostname systemd: Starting Cleanup of Temporary Directories...
Oct 13 11:45:10 myhostname systemd-logind: New session 1 of user user.
Nov 11 06:42:41 myhostname sshd: pam_unix(sshd:session): session opened for user user by (uid=0)
Jun 22 08:51:41 myhostname kernel: usb 1-1: New USB device strings: Mfr=3, Product=2, SerialNumber=363211
Dec  9 05:39:22 myhostname kernel: usb 1-1: New USB device strings: Mfr=2, Product=3, SerialNumber=469970
Apr 16 02:57:50 myhostname systemd-logind: New session 1 of user user.
Feb 25 17:26:16 myhostname sshd: pam_unix(sshd:session): session opened for user user by (uid=0)
Sep 21 18:37:08 myhostname systemd-logind: New session 1 of user user.
Sep 12 13:22:20 myhostname CRON: (root) CMD (   cd / && run-parts --report /etc/cron.hourly)
Nov 12 07:33:22 myhostname systemd: Starting Daily apt download activities...
Nov 22 16:50:56 myhostname systemd-logind: New session 1 of user user.
Mar  8 02:22:12 myhostname sshd: Accepted password for user from 192.168.1.100 port 22 ssh2
Dec 24 05:25:10 myhostname sshd: Accepted password for user from 192.168.1.100 port 22 ssh2
Apr 25 10:53:57 myhostname kernel: EXT4-fs (sda1): mounted filesystem with ordered data mode. Opts: (null)
May  3 22:08:18 myhostname sshd: Accepted password for user from 192.168.1.100 port 22 ssh2
May 28 12:33:29 myhostname systemd-logind: New session 1 of user user.
Mar 21 15:00:01 myhostname systemd-logind: New session 1 of user user.
Jun 21 09:19:23 myhostname systemd: Started Cleanup of Temporary Directories.
Apr 12 03:19:33 myhostname systemd: Started Daily apt download activities.
Jun 23 15:27:37 myhostname systemd: Started Cleanup of Temporary Directories.
Apr  4 12:28:40 myhostname sshd: pam_unix(sshd:session): session opened for user user by (uid=0)
Aug 12 21:17:23 myhostname kernel: usb 1-1: Manufacturer: Example Manufacturer
Sep 26 18:45:11 myhostname CRON: (root) CMD (   cd / && run-parts --report /etc/cron.hourly)
Jun 14 19:43:17 myhostname systemd-logind: New session 1 of user user.
Oct 12 08:51:13 myhostname sshd: Accepted password for user from 192.168.1.100 port 22 ssh2
Jan  9 00:56:25 myhostname kernel: usb 1-1: New USB device found, idVendor=1234, idProduct=5678, bcdDevice=1.00
Oct 10 20:33:14 myhostname sshd: Accepted password for user from 192.168.1.100 port 22 ssh2
Apr  1 09:34:04 myhostname CRON: (root) CMD (   cd / && run-parts --report /etc/cron.hourly)
Feb  9 14:17:39 myhostname systemd-logind: New session 1 of user user.
Jan  7 02:47:11 myhostname systemd: Starting Cleanup of Temporary Directories...
Jul 20 10:19:34 myhostname systemd-logind: New session 1 of user user.
Oct  6 10:10:51 myhostname systemd: Starting Cleanup of Temporary Directories...
Nov 18 05:57:43 myhostname CRON: (root) CMD (   cd / && run-parts --report /etc/cron.hourly)
Sep 27 04:52:39 myhostname systemd: Starting Daily apt download activities...
Nov  4 19:46:49 myhostname kernel: usb 1-1: new high-speed USB device number 4 using xhci_hcd
Aug 13 18:41:34 myhostname sshd: pam_unix(sshd:session): session opened for user user by (uid=0)
Jul 26 02:06:52 myhostname kernel: usb 1-1: Product: Example USB Device
May 26 09:15:34 myhostname sshd: Accepted password for user from 192.168.1.100 port 22 ssh2
Jun 22 20:51:24 myhostname kernel: EXT4-fs (sda1): mounted filesystem with ordered data mode. Opts: (null)
Jul 25 15:21:24 myhostname sshd: pam_unix(sshd:session): session opened for user user by (uid=0)
Mar  1 06:39:20 myhostname kernel: usb 1-1: new high-speed USB device number 5 using xhci_hcd
Mar 27 19:34:10 myhostname sshd: pam_unix(sshd:session): session opened for user user by (uid=0)
May 13 06:13:16 myhostname kernel: usb 1-1: Manufacturer: Example Manufacturer
Oct 23 19:22:18 myhostname systemd-logind: New session 1 of user user.
Aug 17 12:13:46 myhostname sshd: pam_unix(sshd:session): session opened for user user by (uid=0)
May 19 18:44:00 myhostname systemd: Starting Daily apt download activities...
Jun 11 14:52:15 myhostname systemd: Started Daily apt download activities.
Jan  7 17:28:55 myhostname sshd: Accepted password for user from 192.168.1.100 port 22 ssh2
Feb  5 06:02:38 myhostname sshd: Accepted password for user from 192.168.1.100 port 22 ssh2
Aug  6 19:18:05 myhostname systemd-logind: New session 1 of user user.
Jun  3 16:35:11 myhostname systemd: Started Cleanup of Temporary Directories.
May 18 22:31:13 myhostname CRON: (root) CMD (   cd / && run-parts --report /etc/cron.hourly)
Apr 19 23:32:18 myhostname systemd-logind: New session 1 of user user.
Nov 25 04:06:02 myhostname systemd-logind: New session 1 of user user.
Oct 19 04:30:25 myhostname systemd-logind: New session 1 of user user.
Mar 14 11:06:27 myhostname systemd-logind: New session 1 of user user.
Apr  4 16:58:18 myhostname sshd: Accepted password for user from 192.168.1.100 port 22 ssh2
Jan  2 07:23:36 myhostname sshd: Accepted password for user from 192.168.1.100 port 22 ssh2
Nov  1 21:35:18 myhostname systemd: Started Cleanup of Temporary Directories.
Mar 11 11:22:57 myhostname kernel: eth0: Link is Up - 1Gbps/Full - flow control rx/tx
Jul 25 14:41:42 myhostname kernel: usb 1-1: New USB device strings: Mfr=2, Product=5, SerialNumber=690887
Feb  1 08:03:35 myhostname systemd: Starting Cleanup of Temporary Directories...
May  4 03:42:55 myhostname sshd: Accepted password for user from 192.168.1.100 port 22 ssh2
Dec 11 17:45:59 myhostname kernel: EXT4-fs (sda1): mounted filesystem with ordered data mode. Opts: (null)
Aug  1 03:32:59 myhostname kernel: usb 1-1: New USB device found, idVendor=1234, idProduct=5678, bcdDevice=1.00
Apr 16 04:52:19 myhostname kernel: usb 1-1: Product: Example USB Device
Aug 12 15:26:31 myhostname kernel: usb 1-1: Product: Example USB Device
Apr 14 04:10:17 myhostname systemd: Started Daily apt download activities.
Aug  9 18:40:31 myhostname systemd-logind: New session 1 of user user.
Jun 28 04:39:21 myhostname kernel: usb 1-1: new high-speed USB device number 12 using xhci_hcd
Jun  3 19:32:27 myhostname CRON: (root) CMD (   cd / && run-parts --report /etc/cron.hourly)
Feb  8 11:35:44 myhostname CRON: (root) CMD (   cd / && run-parts --report /etc/cron.hourly)
May  8 17:32:00 myhostname systemd: Started Daily apt download activities.
Sep  5 02:24:47 myhostname kernel: usb 1-1: Product: Example USB Device
Feb 16 18:45:40 myhostname sshd: Accepted password for user from 192.168.1.100 port 22 ssh2
Feb  6 07:07:40 myhostname sshd: pam_unix(sshd:session): session opened for user user by (uid=0)
Jul 21 07:01:10 myhostname systemd-logind: New session 1 of user user.
Apr 10 03:33:59 myhostname systemd-logind: New session 1 of user user.
Jun 27 14:02:36 myhostname systemd: Starting Cleanup of Temporary Directories...
Sep  3 05:33:47 myhostname sshd: Accepted password for user from 192.168.1.100 port 22 ssh2
Aug  8 13:26:21 myhostname sshd: Accepted password for user from 192.168.1.100 port 22 ssh2
Nov 11 01:38:29 myhostname kernel: usb 1-1: new high-speed USB device number 14 using xhci_hcd
Sep 17 07:55:57 myhostname systemd-logind: New session 1 of user user.
Oct 19 05:49:34 myhostname systemd-logind: New session 1 of user user.
Feb 14 16:32:14 myhostname CRON: (root) CMD (   cd / && run-parts --report /etc/cron.hourly)
Aug 15 16:42:59 myhostname CRON: (root) CMD (   cd / && run-parts --report /etc/cron.hourly)
Jan 12 19:03:08 myhostname systemd: Started Cleanup of Temporary Directories.
May 14 18:34:32 myhostname kernel: EXT4-fs (sda1): mounted filesystem with ordered data mode. Opts: (null)
Jun 26 20:50:18 myhostname systemd-logind: New session 1 of user user.
Dec 13 22:58:50 myhostname systemd-logind: New session 1 of user user.
Nov 11 12:44:14 myhostname sshd: pam_unix(sshd:session): session opened for user user by (uid=0)
Jul 14 11:04:02 myhostname systemd: Starting Cleanup of Temporary Directories...
Mar 26 08:17:29 myhostname CRON: (root) CMD (   cd / && run-parts --report /etc/cron.hourly)
Nov 23 03:05:48 myhostname systemd: Started Daily apt download activities.
Nov 12 12:06:38 myhostname systemd-logind: New session 1 of user user.
May 28 22:41:28 myhostname systemd-logind: New session 1 of user user.
Dec 20 14:02:23 myhostname kernel: usb 1-1: New USB device strings: Mfr=1, Product=1, SerialNumber=974001
Nov 20 19:03:06 myhostname kernel: usb 1-1: New USB device strings: Mfr=1, Product=5, SerialNumber=121532
Apr  8 11:12:31 myhostname sshd: pam_unix(sshd:session): session opened for user user by (uid=0)
Apr  6 15:02:06 myhostname kernel: usb 1-1: New USB device strings: Mfr=2, Product=2, SerialNumber=903413
Feb 12 21:01:50 myhostname kernel: usb 1-1: Product: Example USB Device
Jul 14 05:52:16 myhostname CRON: (root) CMD (   cd / && run-parts --report /etc/cron.hourly)
Feb  7 08:00:43 myhostname kernel: EXT4-fs (sda1): mounted filesystem with ordered data mode. Opts: (null)
Sep 21 15:40:29 myhostname systemd: Started Daily apt download activities.
Jun 12 17:34:42 myhostname systemd-logind: New session 1 of user user.
Jun 19 22:30:10 myhostname CRON: (root) CMD (   cd / && run-parts --report /etc/cron.hourly)
Dec  9 17:16:17 myhostname systemd: Started Daily apt download activities.
Nov  3 18:56:02 myhostname CRON: (root) CMD (   cd / && run-parts --report /etc/cron.hourly)
Apr  2 09:59:08 myhostname sshd: pam_unix(sshd:session): session opened for user user by (uid=0)
Mar 21 16:47:03 myhostname kernel: usb 1-1: Product: Example USB Device
Dec  1 13:00:37 myhostname kernel: usb 1-1: new high-speed USB device number 10 using xhci_hcd
Aug  2 13:37:12 myhostname systemd-logind: New session 1 of user user.
May 20 17:38:18 myhostname kernel: usb 1-1: New USB device strings: Mfr=1, Product=5, SerialNumber=147683
Jan 14 18:58:00 myhostname systemd: Started Cleanup of Temporary Directories.
Nov 22 22:54:50 myhostname systemd-logind: New session 1 of user user.
May 22 01:20:06 myhostname systemd: Started Cleanup of Temporary Directories.
Feb 23 01:31:13 myhostname sshd: pam_unix(sshd:session): session opened for user user by (uid=0)
Jul 18 10:43:04 myhostname CRON: (root) CMD (   cd / && run-parts --report /etc/cron.hourly)
Apr 12 17:32:39 myhostname systemd-logind: New session 1 of user user.
Jul 11 16:21:33 myhostname kernel: usb 1-1: Product: Example USB Device
Feb  9 03:56:08 myhostname systemd-logind: New session 1 of user user.
Aug 24 09:20:12 myhostname systemd: Starting Cleanup of Temporary Directories...
Apr 27 23:05:59 myhostname systemd-logind: New session 1 of user user.
Nov 24 07:27:02 myhostname CRON: (root) CMD (   cd / && run-parts --report /etc/cron.hourly)
Jan  3 09:44:45 myhostname CRON: (root) CMD (   cd / && run-parts --report /etc/cron.hourly)
Nov  4 22:15:15 myhostname CRON: (root) CMD (   cd / && run-parts --report /etc/cron.hourly)
Mar  1 14:13:41 myhostname systemd: Started Daily apt download activities.
Feb 28 14:55:58 myhostname sshd: pam_unix(sshd:session): session opened for user user by (uid=0)
May 10 21:11:35 myhostname CRON: (root) CMD (   cd / && run-parts --report /etc/cron.hourly)
Sep  1 06:54:36 myhostname CRON: (root) CMD (   cd / && run-parts --report /etc/cron.hourly)
Nov  8 15:22:08 myhostname systemd: Starting Cleanup of Temporary Directories...
Feb 13 11:18:22 myhostname CRON: (root) CMD (   cd / && run-parts --report /etc/cron.hourly)
Sep  2 00:55:51 myhostname kernel: usb 1-1: New USB device strings: Mfr=2, Product=2, SerialNumber=744537
Jul 10 23:15:29 myhostname sshd: Accepted password for user from 192.168.1.100 port 22 ssh2
Nov 16 11:51:11 myhostname systemd: Starting Daily apt download activities...
Jan  5 20:01:14 myhostname kernel: usb 1-1: new high-speed USB device number 1 using xhci_hcd
Jun 26 11:34:58 myhostname kernel: usb 1-1: Product: Example USB Device
Jan 24 22:40:02 myhostname CRON: (root) CMD (   cd / && run-parts --report /etc/cron.hourly)
Aug 28 06:07:05 myhostname CRON: (root) CMD (   cd / && run-parts --report /etc/cron.hourly)
Sep  9 00:25:43 myhostname kernel: usb 1-1: Product: Example USB Device
May 23 15:11:27 myhostname systemd: Starting Cleanup of Temporary Directories...
Nov 25 20:17:14 myhostname systemd: Starting Cleanup of Temporary Directories...
Nov 17 13:35:59 myhostname CRON: (root) CMD (   cd / && run-parts --report /etc/cron.hourly)
Feb 26 01:01:41 myhostname CRON: (root) CMD (   cd / && run-parts --report /etc/cron.hourly)
Apr 28 04:22:24 myhostname systemd-logind: New session 1 of user user.
May 23 08:14:26 myhostname sshd: pam_unix(sshd:session): session opened for user user by (uid=0)
Apr 12 13:06:09 myhostname systemd-logind: New session 1 of user user.
Nov  2 08:34:19 myhostname systemd: Started Daily apt download activities.
Oct 17 23:38:34 myhostname CRON: (root) CMD (   cd / && run-parts --report /etc/cron.hourly)
Oct 26 12:19:15 myhostname systemd: Started Cleanup of Temporary Directories.
Nov 19 02:40:28 myhostname systemd: Started Daily apt download activities.
Dec 28 03:40:07 myhostname sshd: Accepted password for user from 192.168.1.100 port 22 ssh2
May  7 20:54:04 myhostname systemd: Started Cleanup of Temporary Directories.
Jan 25 19:19:27 myhostname systemd: Starting Cleanup of Temporary Directories...
Aug 22 15:14:52 myhostname kernel: usb 1-1: new high-speed USB device number 3 using xhci_hcd
Jan 20 23:32:54 myhostname systemd-logind: New session 1 of user user.
Jan 14 09:43:39 myhostname CRON: (root) CMD (   cd / && run-parts --report /etc/cron.hourly)
Dec  4 19:33:13 myhostname sshd: Accepted password for user from 192.168.1.100 port 22 ssh2
Sep 15 15:10:24 myhostname kernel: usb 1-1: new high-speed USB device number 20 using xhci_hcd
Mar 25 09:56:28 myhostname sshd: pam_unix(sshd:session): session opened for user user by (uid=0)
Oct 26 19:44:02 myhostname systemd: Starting Daily apt download activities...
Jun  8 08:43:25 myhostname systemd-logind: New session 1 of user user.
Jun 26 23:01:44 myhostname systemd-logind: New session 1 of user user.
Aug  2 10:52:52 myhostname systemd: Starting Cleanup of Temporary Directories...
Aug  8 18:42:36 myhostname systemd: Starting Daily apt download activities...
Jan 20 20:06:52 myhostname systemd-logind: New session 1 of user user.
May 15 07:20:36 myhostname CRON: (root) CMD (   cd / && run-parts --report /etc/cron.hourly)
Feb 19 21:23:29 myhostname sshd: Accepted password for user from 192.168.1.100 port 22 ssh2
Jan 15 04:33:29 myhostname CRON: (root) CMD (   cd / && run-parts --report /etc/cron.hourly)
Oct  6 19:25:37 myhostname CRON: (root) CMD (   cd / && run-parts --report /etc/cron.hourly)
Apr 26 01:07:06 myhostname kernel: usb 1-1: New USB device found, idVendor=1234, idProduct=5678, bcdDevice=1.00
May 14 19:58:37 myhostname kernel: usb 1-1: New USB device found, idVendor=1234, idProduct=5678, bcdDevice=1.00
Mar 26 15:19:44 myhostname systemd: Started Cleanup of Temporary Directories.
Nov 28 13:45:22 myhostname systemd-logind: New session 1 of user user.
Sep 27 21:30:06 myhostname systemd: Starting Daily apt download activities...
Sep 14 21:24:06 myhostname sshd: pam_unix(sshd:session): session opened for user user by (uid=0)
Mar 15 06:51:18 myhostname CRON: (root) CMD (   cd / && run-parts --report /etc/cron.hourly)
Jan  3 17:46:39 myhostname CRON: (root) CMD (   cd / && run-parts --report /etc/cron.hourly)
Jul  5 09:56:16 myhostname systemd-logind: New session 1 of user user.
Apr 11 11:17:15 myhostname CRON: (root) CMD (   cd / && run-parts --report /etc/cron.hourly)
Sep  6 15:18:19 myhostname sshd: Accepted password for user from 192.168.1.100 port 22 ssh2
Sep  4 14:07:42 myhostname systemd-logind: New session 1 of user user.
Oct  3 00:49:38 myhostname kernel: eth0: Link is Up - 1Gbps/Full - flow control rx/tx
Sep 16 01:24:14 myhostname sshd: pam_unix(sshd:session): session opened for user user by (uid=0)
Dec 19 09:38:09 myhostname CRON: (root) CMD (   cd / && run-parts --report /etc/cron.hourly)
Aug  7 20:50:43 myhostname kernel: usb 1-1: new high-speed USB device number 11 using xhci_hcd
Feb  8 01:01:12 myhostname sshd: Accepted password for user from 192.168.1.100 port 22 ssh2
Apr  3 18:16:29 myhostname kernel: usb 1-1: Product: Example USB Device
Jul 26 05:30:33 myhostname sshd: pam_unix(sshd:session): session opened for user user by (uid=0)
Nov  2 05:34:09 myhostname sshd: pam_unix(sshd:session): session opened for user user by (uid=0)
Nov  5 21:52:50 myhostname sshd: Accepted password for user from 192.168.1.100 port 22 ssh2
Dec 28 22:19:33 myhostname CRON: (root) CMD (   cd / && run-parts --report /etc/cron.hourly)
Jun 25 09:35:14 myhostname kernel: usb 1-1: New USB device strings: Mfr=3, Product=4, SerialNumber=282866
Jun 24 19:40:33 myhostname CRON: (root) CMD (   cd / && run-parts --report /etc/cron.hourly)
Jan 15 14:04:05 myhostname kernel: EXT4-fs (sda1): mounted filesystem with ordered data mode. Opts: (null)
Apr 24 05:34:06 myhostname CRON: (root) CMD (   cd / && run-parts --report /etc/cron.hourly)
Sep 23 20:54:33 myhostname systemd-logind: New session 1 of user user.
Aug 25 07:22:46 myhostname kernel: usb 1-1: Product: Example USB Device
Feb 13 09:57:22 myhostname kernel: EXT4-fs (sda1): mounted filesystem with ordered data mode. Opts: (null)
Jun  2 05:49:13 myhostname systemd-logind: New session 1 of user user.
Aug  5 20:22:24 myhostname CRON: (root) CMD (   cd / && run-parts --report /etc/cron.hourly)
Oct 19 02:17:33 myhostname systemd-logind: New session 1 of user user.
Jul 11 22:54:46 myhostname systemd-logind: New session 1 of user user.
Jul 26 18:41:51 myhostname sshd: pam_unix(sshd:session): session opened for user user by (uid=0)
Jul 14 00:49:56 myhostname systemd-logind: New session 1 of user user.
Oct 27 01:40:07 myhostname sshd: pam_unix(sshd:session): session opened for user user by (uid=0)
Jun 12 18:30:54 myhostname CRON: (root) CMD (   cd / && run-parts --report /etc/cron.hourly)
Jul  1 09:57:09 myhostname systemd: Starting Cleanup of Temporary Directories...
Dec  2 08:15:44 myhostname kernel: usb 1-1: Manufacturer: Example Manufacturer
Jul 24 21:26:21 myhostname kernel: usb 1-1: new high-speed USB device number 8 using xhci_hcd
Jun  9 06:41:59 myhostname kernel: eth0: Link is Up - 1Gbps/Full - flow control rx/tx
Nov  1 13:01:37 myhostname CRON: (root) CMD (   cd / && run-parts --report /etc/cron.hourly)
Nov 28 20:33:23 myhostname CRON: (root) CMD (   cd / && run-parts --report /etc/cron.hourly)
Oct 22 12:22:17 myhostname sshd: pam_unix(sshd:session): session opened for user user by (uid=0)
May 22 22:05:02 myhostname systemd-logind: New session 1 of user user.
Nov  1 15:02:22 myhostname sshd: pam_unix(sshd:session): session opened for user user by (uid=0)
Aug  5 08:17:05 myhostname sshd: pam_unix(sshd:session): session opened for user user by (uid=0)
Dec 14 03:42:27 myhostname systemd: Started Daily apt download activities.
Mar  9 10:06:33 myhostname systemd: Started Cleanup of Temporary Directories.
May 18 02:37:43 myhostname kernel: usb 1-1: new high-speed USB device number 13 using xhci_hcd
Mar  3 05:35:55 myhostname kernel: eth0: Link is Up - 1Gbps/Full - flow control rx/tx
Aug 15 01:14:50 myhostname CRON: (root) CMD (   cd / && run-parts --report /etc/cron.hourly)
Feb 26 08:50:50 myhostname systemd: Started Cleanup of Temporary Directories.
Apr  8 16:31:00 myhostname kernel: usb 1-1: New USB device found, idVendor=1234, idProduct=5678, bcdDevice=1.00
Feb 23 18:48:39 myhostname systemd-logind: New session 1 of user user.
Jun 14 18:52:56 myhostname systemd-logind: New session 1 of user user.
Jun  8 11:51:55 myhostname sshd: pam_unix(sshd:session): session opened for user user by (uid=0)
Feb  2 02:23:36 myhostname systemd: Started Cleanup of Temporary Directories.
May 28 00:17:27 myhostname systemd-logind: New session 1 of user user.
Feb 23 15:13:49 myhostname kernel: eth0: Link is Up - 1Gbps/Full - flow control rx/tx
Aug 17 12:53:35 myhostname kernel: EXT4-fs (sda1): mounted filesystem with ordered data mode. Opts: (null)
Sep  4 20:07:13 myhostname CRON: (root) CMD (   cd / && run-parts --report /etc/cron.hourly)
