2025-02-05T00:06:58Z INFO [c3438] CPU usage within limits
2025-02-05T00:06:58Z INFO [c3602] Connected to database
2025-02-05T00:06:58Z INFO [c8443] Container started
2025-02-05T00:06:58Z INFO [c9087] Configuration updated
2025-02-05T00:06:58Z INFO [c9270] Backup completed successfully
2025-02-05T00:06:58Z INFO [c3785] Database query executed
2025-02-05T00:06:58Z INFO [c9783] Memory usage within limits
2025-02-05T00:06:58Z INFO [c6556] Service restarted
2025-02-05T00:06:58Z INFO [c4171] Memory usage within limits
2025-02-05T00:06:58Z INFO [c3032] Connected to database
2025-02-05T00:06:58Z INFO [c5134] Service restarted
2025-02-05T00:06:58Z INFO [c8234] Service restarted
2025-02-05T00:06:58Z INFO [c4576] Request processed successfully
2025-02-05T00:06:58Z INFO [c9059] Database query executed
2025-02-05T00:06:58Z INFO [c1531] Backup completed successfully
2025-02-05T00:06:58Z INFO [c7990] CPU usage within limits
2025-02-05T00:06:58Z INFO [c9621] Container stopped
2025-02-05T00:06:58Z INFO [c5084] CPU usage within limits
2025-02-05T00:06:58Z INFO [c3471] Database query executed
2025-02-05T00:06:58Z INFO [c9093] Database query executed
2025-02-05T00:06:58Z INFO [c5528] Configuration updated
2025-02-05T00:06:58Z INFO [c1758] Listening on port 80
2025-02-05T00:06:58Z INFO [c3444] User logged in
2025-02-05T00:06:58Z INFO [c1212] Image pulled successfully
2025-02-05T00:06:58Z INFO [c7306] Service restarted
2025-02-05T00:06:58Z INFO [c2632] Health check passed
2025-02-05T00:06:58Z INFO [c3492] Container stopped
2025-02-05T00:06:58Z INFO [c4613] Disk space checked
2025-02-05T00:06:58Z INFO [c8847] Scheduled task executed
2025-02-05T00:06:58Z INFO [c2000] Database query executed
2025-02-05T00:06:58Z INFO [c5985] Scheduled task executed
2025-02-05T00:06:58Z INFO [c5488] Network latency within acceptable range
2025-02-05T00:06:58Z INFO [c8340] Service restarted
2025-02-05T00:06:58Z INFO [c2363] Configuration updated
2025-02-05T00:06:58Z INFO [c7341] Backup completed successfully
2025-02-05T00:06:58Z INFO [c4974] SSL certificate renewed
2025-02-05T00:06:58Z INFO [c7383] Cache cleared
2025-02-05T00:06:58Z INFO [c8527] User logged in
2025-02-05T00:06:58Z INFO [c4586] Memory usage within limits
2025-02-05T00:06:58Z INFO [c2317] Log rotation completed
2025-02-05T00:06:58Z INFO [c9307] Container stopped
2025-02-05T00:06:58Z INFO [c2369] Request processed successfully
2025-02-05T00:06:58Z INFO [c2777] Container stopped
2025-02-05T00:06:58Z INFO [c5873] SSL certificate renewed
2025-02-05T00:06:58Z INFO [c7437] Disk space checked
2025-02-05T00:06:58Z INFO [c5565] Database query executed
2025-02-05T00:06:58Z INFO [c2759] SSL certificate renewed
2025-02-05T00:06:58Z INFO [c7782] Cache cleared
2025-02-05T00:06:58Z INFO [c8450] CPU usage within limits
2025-02-05T00:06:58Z INFO [c8695] Memory usage within limits
2025-02-05T00:06:58Z INFO [c3021] CPU usage within limits
2025-02-05T00:06:58Z INFO [c9872] SSL certificate renewed
2025-02-05T00:06:58Z INFO [c1341] Service restarted
2025-02-05T00:06:58Z INFO [c9548] SSL certificate renewed
2025-02-05T00:06:58Z INFO [c6769] Request processed successfully
2025-02-05T00:06:58Z INFO [c9132] Service restarted
2025-02-05T00:06:58Z INFO [c6263] CPU usage within limits
2025-02-05T00:06:58Z INFO [c5830] Service restarted
2025-02-05T00:06:58Z INFO [c9866] Service restarted
2025-02-05T00:06:58Z INFO [c3633] Network latency within acceptable range
2025-02-05T00:06:58Z INFO [c9855] Container started
2025-02-05T00:06:58Z INFO [c2473] Scheduled task executed
2025-02-05T00:06:58Z INFO [c6162] Container started
2025-02-05T00:06:58Z INFO [c7029] Log rotation completed
2025-02-05T00:06:58Z INFO [c8650] Connected to database
2025-02-05T00:06:58Z INFO [c3208] Request processed successfully
2025-02-05T00:06:58Z INFO [c7859] Log rotation completed
2025-02-05T00:06:58Z INFO [c9613] Listening on port 80
2025-02-05T00:06:58Z INFO [c2567] CPU usage within limits
2025-02-05T00:06:58Z INFO [c4286] Configuration updated
2025-02-05T00:06:58Z INFO [c7185] Database query executed
2025-02-05T00:06:58Z INFO [c3751] Database query executed
2025-02-05T00:06:58Z INFO [c2155] Scheduled task executed
2025-02-05T00:06:58Z INFO [c7733] Scheduled task executed
2025-02-05T00:06:58Z INFO [c1037] Health check passed
2025-02-05T00:06:58Z INFO [c8265] Container started
2025-02-05T00:06:58Z INFO [c6848] Network latency within acceptable range
2025-02-05T00:06:58Z INFO [c1683] SSL certificate renewed
2025-02-05T00:06:58Z INFO [c6686] Configuration updated
2025-02-05T00:06:58Z INFO [c3011] Connected to database
2025-02-05T00:06:58Z INFO [c9158] Disk space checked
2025-02-05T00:06:58Z INFO [c3693] Image pulled successfully
2025-02-05T00:06:58Z INFO [c5145] Health check passed
2025-02-05T00:06:58Z INFO [c6174] CPU usage within limits
2025-02-05T00:06:58Z INFO [c8378] CPU usage within limits
2025-02-05T00:06:58Z INFO [c9596] Health check passed
2025-02-05T00:06:58Z INFO [c7793] Cache cleared
2025-02-05T00:06:58Z INFO [c2925] Container started
2025-02-05T00:06:58Z INFO [c1153] Container started
2025-02-05T00:06:58Z INFO [c7635] Configuration updated
2025-02-05T00:06:58Z INFO [c8849] CPU usage within limits
2025-02-05T00:06:58Z INFO [c9132] Network latency within acceptable range
2025-02-05T00:06:58Z INFO [c8290] Network latency within acceptable range
2025-02-05T00:06:58Z INFO [c9113] User logged in
2025-02-05T00:06:58Z INFO [c4432] Scheduled task executed
2025-02-05T00:06:58Z INFO [c7860] CPU usage within limits
2025-02-05T00:06:58Z INFO [c8803] User logged in
2025-02-05T00:06:58Z INFO [c6138] SSL certificate renewed
2025-02-05T00:06:58Z INFO [c3574] Log rotation completed
2025-02-05T00:06:58Z INFO [c7849] Listening on port 80
