02/04/2025 09:31:26 PM  System  EventID:6125  Information  An unexpected error occurred during startup.
02/04/2025 09:14:49 PM  Security  EventID:8859  Error  User logon was successful.
02/02/2025 10:46:37 PM  System  EventID:4627  Warning  An unexpected error occurred during startup.
02/05/2025 05:56:04 AM  Application  EventID:6408  Information  The configuration file was updated.
02/08/2025 08:45:46 PM  Security  EventID:2627  Information  User logon was successful.
02/04/2025 05:42:54 AM  Security  EventID:7710  Information  User logon was successful.
02/08/2025 06:54:42 AM  System  EventID:7123  Information  The operation completed successfully.
02/08/2025 08:23:10 PM  Application  EventID:5781  Error  The configuration file was updated.
02/08/2025 08:42:01 PM  System  EventID:5478  Information  Service failed to start due to a timeout.
02/06/2025 07:41:39 AM  Security  EventID:3451  Information  The configuration file was updated.
02/09/2025 12:30:23 PM  Security  EventID:1577  Information  Service failed to start due to a timeout.
02/07/2025 05:50:56 PM  System  EventID:3134  Information  The operation completed successfully.
02/08/2025 10:06:32 PM  Security  EventID:6980  Error  User logon was successful.
02/09/2025 02:43:42 AM  Security  EventID:9435  Warning  Service failed to start due to a timeout.
02/03/2025 06:55:58 PM  Application  EventID:3913  Information  User logon was successful.
02/03/2025 10:35:30 PM  Application  EventID:7725  Information  An unexpected error occurred during startup.
02/04/2025 08:40:36 PM  Application  EventID:3243  Warning  The operation completed successfully.
02/09/2025 04:38:14 PM  Application  EventID:3653  Error  The configuration file was updated.
02/06/2025 10:36:07 PM  Security  EventID:6090  Warning  An unexpected error occurred during startup.
02/03/2025 03:53:24 AM  Security  EventID:8472  Error  User logon was successful.
02/03/2025 11:25:12 PM  Application  EventID:1576  Information  The configuration file was updated.
02/07/2025 05:55:39 PM  System  EventID:7509  Error  Service failed to start due to a timeout.
02/06/2025 05:21:28 PM  Application  EventID:5480  Error  The configuration file was updated.
02/09/2025 01:07:34 AM  System  EventID:6902  Error  The operation completed successfully.
02/09/2025 05:03:13 PM  Application  EventID:2217  Information  User logon was successful.
02/07/2025 10:23:35 PM  System  EventID:8500  Information  Service failed to start due to a timeout.
02/06/2025 06:00:06 AM  System  EventID:5315  Error  An unexpected error occurred during startup.
02/04/2025 12:18:37 AM  Application  EventID:5671  Warning  The configuration file was updated.
02/06/2025 12:24:52 PM  Application  EventID:2569  Information  User logon was successful.
02/07/2025 05:46:01 PM  System  EventID:1288  Information  User logon was successful.
02/04/2025 03:17:00 PM  System  EventID:9871  Information  The operation completed successfully.
02/03/2025 06:12:11 PM  Application  EventID:1205  Information  An unexpected error occurred during startup.
02/03/2025 11:35:24 PM  Application  EventID:8307  Error  An unexpected error occurred during startup.
02/06/2025 11:26:11 AM  System  EventID:1931  Error  An unexpected error occurred during startup.
02/03/2025 02:06:05 AM  Security  EventID:9781  Warning  Service failed to start due to a timeout.
02/04/2025 11:30:26 PM  Security  EventID:6798  Information  The configuration file was updated.
02/06/2025 07:30:01 AM  Application  EventID:1291  Information  An unexpected error occurred during startup.
02/07/2025 12:31:52 AM  System  EventID:1882  Warning  An unexpected error occurred during startup.
02/08/2025 09:24:18 AM  Security  EventID:1401  Error  The configuration file was updated.
02/06/2025 03:33:13 PM  Security  EventID:2674  Information  The operation completed successfully.
02/07/2025 09:14:00 AM  Security  EventID:3125  Error  The configuration file was updated.
02/08/2025 09:32:47 PM  Application  EventID:7833  Information  User logon was successful.
02/03/2025 05:56:14 AM  Security  EventID:1543  Information  An unexpected error occurred during startup.
02/08/2025 03:23:17 AM  Application  EventID:3691  Warning  The operation completed successfully.
02/02/2025 09:22:46 PM  Application  EventID:9080  Information  The operation completed successfully.
02/08/2025 12:25:44 AM  Security  EventID:5305  Information  Service failed to start due to a timeout.
02/03/2025 12:51:39 PM  Application  EventID:8032  Information  The operation completed successfully.
02/07/2025 12:22:06 PM  System  EventID:9203  Error  The operation completed successfully.
02/02/2025 08:35:08 PM  Application  EventID:2613  Warning  Service failed to start due to a timeout.
02/09/2025 08:12:56 AM  Application  EventID:7663  Warning  The configuration file was updated.
02/06/2025 03:40:46 AM  Application  EventID:3271  Error  Service failed to start due to a timeout.
02/07/2025 06:15:03 AM  Security  EventID:6313  Warning  Service failed to start due to a timeout.
02/03/2025 11:28:39 PM  Application  EventID:9236  Information  User logon was successful.
02/04/2025 04:15:21 AM  System  EventID:5972  Error  An unexpected error occurred during startup.
02/05/2025 01:44:38 PM  Application  EventID:2240  Error  The operation completed successfully.
02/05/2025 01:27:25 AM  Application  EventID:4268  Warning  Service failed to start due to a timeout.
02/05/2025 04:54:42 AM  Security  EventID:8633  Error  The configuration file was updated.
02/05/2025 03:36:42 PM  System  EventID:9683  Warning  An unexpected error occurred during startup.
02/04/2025 08:29:42 AM  Security  EventID:5801  Warning  User logon was successful.
02/07/2025 10:01:12 PM  System  EventID:2314  Warning  User logon was successful.
02/05/2025 12:05:06 AM  System  EventID:6953  Information  An unexpected error occurred during startup.
02/03/2025 08:44:16 PM  Security  EventID:2955  Information  An unexpected error occurred during startup.
02/06/2025 08:57:44 AM  Application  EventID:7562  Error  The configuration file was updated.
02/04/2025 08:49:38 PM  Security  EventID:3729  Information  The configuration file was updated.
02/05/2025 12:52:12 PM  System  EventID:5107  Error  The operation completed successfully.
02/02/2025 11:35:03 PM  Application  EventID:3837  Warning  The configuration file was updated.
02/02/2025 08:14:17 PM  System  EventID:1996  Error  Service failed to start due to a timeout.
02/09/2025 03:23:01 AM  Security  EventID:4100  Error  Service failed to start due to a timeout.
02/06/2025 12:28:44 AM  System  EventID:6455  Error  Service failed to start due to a timeout.
02/08/2025 04:50:28 AM  Security  EventID:7297  Information  An unexpected error occurred during startup.
02/03/2025 02:17:43 AM  System  EventID:9769  Warning  The configuration file was updated.
02/04/2025 07:13:12 AM  System  EventID:5172  Error  Service failed to start due to a timeout.
02/05/2025 03:09:30 PM  Security  EventID:2700  Warning  The configuration file was updated.
02/09/2025 01:02:06 PM  Security  EventID:4388  Warning  An unexpected error occurred during startup.
02/07/2025 11:04:54 PM  Security  EventID:3582  Information  An unexpected error occurred during startup.
02/03/2025 03:57:22 PM  System  EventID:7374  Warning  The operation completed successfully.
02/07/2025 06:00:16 AM  Security  EventID:9037  Warning  The configuration file was updated.
02/03/2025 03:10:05 PM  Application  EventID:5582  Warning  An unexpected error occurred during startup.
02/07/2025 05:57:43 PM  Security  EventID:6837  Information  The configuration file was updated.
02/09/2025 04:17:03 PM  Application  EventID:6658  Warning  An unexpected error occurred during startup.
02/09/2025 04:34:18 PM  System  EventID:2598  Warning  The operation completed successfully.
02/03/2025 11:05:07 AM  Application  EventID:3964  Warning  Service failed to start due to a timeout.
02/04/2025 03:23:57 AM  Application  EventID:9024  Information  The configuration file was updated.
02/06/2025 09:43:04 PM  System  EventID:3564  Information  Service failed to start due to a timeout.
02/08/2025 02:56:04 AM  Application  EventID:5713  Error  Service failed to start due to a timeout.
02/08/2025 10:03:52 AM  System  EventID:8152  Error  User logon was successful.
02/03/2025 01:49:14 AM  Security  EventID:3205  Information  The operation completed successfully.
02/09/2025 04:06:13 PM  System  EventID:5483  Warning  Service failed to start due to a timeout.
02/07/2025 01:52:03 AM  Application  EventID:1816  Information  The operation completed successfully.
02/04/2025 01:19:03 PM  Security  EventID:5620  Information  The operation completed successfully.
02/07/2025 09:22:52 AM  System  EventID:2996  Error  The operation completed successfully.
02/04/2025 12:10:07 PM  Application  EventID:7497  Warning  The configuration file was updated.
02/04/2025 12:55:24 PM  Application  EventID:4701  Warning  Service failed to start due to a timeout.
02/03/2025 06:36:21 PM  Security  EventID:4950  Information  The configuration file was updated.
02/07/2025 01:02:59 AM  Application  EventID:9115  Information  The configuration file was updated.
02/07/2025 06:51:16 AM  Security  EventID:9445  Warning  An unexpected error occurred during startup.
02/07/2025 07:57:07 PM  Security  EventID:9977  Warning  User logon was successful.
02/03/2025 05:57:35 PM  Application  EventID:6860  Information  An unexpected error occurred during startup.
02/05/2025 07:10:54 AM  System  EventID:3626  Error  An unexpected error occurred during startup.
02/04/2025 10:20:42 AM  System  EventID:1653  Error  The configuration file was updated.
02/04/2025 04:39:54 AM  Application  EventID:3467  Error  User logon was successful.
02/09/2025 06:46:33 AM  Security  EventID:3117  Warning  Service failed to start due to a timeout.
02/07/2025 03:38:48 AM  Application  EventID:5912  Information  The configuration file was updated.
02/07/2025 09:02:05 PM  Security  EventID:4552  Information  User logon was successful.
02/06/2025 05:49:37 AM  System  EventID:5219  Information  An unexpected error occurred during startup.
02/08/2025 01:23:04 AM  System  EventID:8226  Information  The configuration file was updated.
02/02/2025 10:54:06 PM  Security  EventID:2449  Warning  Service failed to start due to a timeout.
02/09/2025 03:20:16 PM  Security  EventID:1282  Information  User logon was successful.
02/09/2025 04:10:52 PM  System  EventID:9546  Error  An unexpected error occurred during startup.
02/04/2025 06:25:14 AM  System  EventID:7741  Warning  User logon was successful.
02/05/2025 01:33:18 AM  Application  EventID:5318  Warning  The operation completed successfully.
02/08/2025 08:00:17 PM  System  EventID:5212  Error  Service failed to start due to a timeout.
02/08/2025 07:27:50 PM  System  EventID:3989  Information  An unexpected error occurred during startup.
02/05/2025 05:31:31 AM  Application  EventID:8940  Information  The operation completed successfully.
02/04/2025 08:42:10 AM  Application  EventID:2298  Error  An unexpected error occurred during startup.
02/09/2025 02:00:12 PM  System  EventID:1337  Warning  Service failed to start due to a timeout.
02/04/2025 04:27:26 PM  System  EventID:8661  Information  An unexpected error occurred during startup.
02/08/2025 08:09:10 AM  Security  EventID:2520  Error  The operation completed successfully.
02/05/2025 06:54:51 PM  Application  EventID:8524  Warning  User logon was successful.
02/07/2025 04:09:23 AM  Security  EventID:7534  Error  Service failed to start due to a timeout.
02/05/2025 01:15:51 AM  Application  EventID:7594  Warning  The configuration file was updated.
02/06/2025 07:06:58 PM  System  EventID:3942  Information  Service failed to start due to a timeout.
02/06/2025 10:51:29 PM  Security  EventID:2731  Information  The configuration file was updated.
02/09/2025 04:02:28 PM  System  EventID:5285  Error  User logon was successful.
02/06/2025 01:21:23 AM  Application  EventID:8712  Information  The operation completed successfully.
02/03/2025 12:39:40 AM  Application  EventID:8170  Error  User logon was successful.
02/07/2025 09:28:33 AM  Security  EventID:1624  Information  An unexpected error occurred during startup.
02/05/2025 09:54:55 AM  System  EventID:3912  Information  User logon was successful.
02/08/2025 06:04:03 PM  System  EventID:1648  Error  The operation completed successfully.
02/05/2025 01:08:04 AM  Application  EventID:5254  Error  User logon was successful.
02/08/2025 02:13:29 AM  System  EventID:9480  Error  User logon was successful.
02/03/2025 03:38:06 PM  System  EventID:8583  Information  User logon was successful.
02/06/2025 12:25:33 AM  System  EventID:3636  Error  An unexpected error occurred during startup.
02/07/2025 08:16:25 AM  Security  EventID:3276  Error  Service failed to start due to a timeout.
02/08/2025 01:56:50 AM  System  EventID:6326  Information  The operation completed successfully.
02/05/2025 05:59:22 PM  Application  EventID:5743  Warning  Service failed to start due to a timeout.
02/04/2025 11:26:35 AM  Security  EventID:4348  Information  The configuration file was updated.
02/08/2025 07:05:23 AM  Security  EventID:8454  Error  An unexpected error occurred during startup.
02/06/2025 04:16:38 PM  Application  EventID:7759  Error  The operation completed successfully.
02/08/2025 01:33:04 PM  System  EventID:8642  Error  Service failed to start due to a timeout.
02/04/2025 08:36:38 AM  Security  EventID:8558  Warning  An unexpected error occurred during startup.
02/03/2025 04:19:17 AM  Security  EventID:3590  Error  The configuration file was updated.
02/04/2025 12:30:42 AM  Application  EventID:2275  Error  The operation completed successfully.
02/03/2025 10:05:10 AM  System  EventID:4300  Warning  The configuration file was updated.
02/03/2025 08:30:23 PM  Application  EventID:8880  Information  The configuration file was updated.
02/09/2025 08:40:22 AM  Security  EventID:1861  Warning  Service failed to start due to a timeout.
02/03/2025 10:40:00 PM  Security  EventID:9848  Warning  User logon was successful.
02/08/2025 08:06:44 PM  Security  EventID:5763  Information  An unexpected error occurred during startup.
02/07/2025 04:07:39 PM  Application  EventID:7455  Error  The operation completed successfully.
02/08/2025 05:43:04 AM  System  EventID:7807  Information  The operation completed successfully.
02/07/2025 09:36:35 AM  System  EventID:3621  Warning  User logon was successful.
02/07/2025 07:52:27 AM  Application  EventID:2018  Error  User logon was successful.
02/07/2025 02:44:17 AM  Application  EventID:2637  Error  The operation completed successfully.
02/09/2025 11:46:39 AM  System  EventID:2570  Information  The operation completed successfully.
02/02/2025 08:54:16 PM  Security  EventID:7675  Error  An unexpected error occurred during startup.
02/03/2025 03:11:38 PM  Application  EventID:8219  Warning  The configuration file was updated.
02/03/2025 05:50:21 PM  Security  EventID:6576  Warning  User logon was successful.
02/08/2025 12:26:01 AM  Application  EventID:9159  Error  Service failed to start due to a timeout.
02/04/2025 01:27:04 AM  Application  EventID:1983  Warning  User logon was successful.
02/07/2025 03:54:27 AM  Application  EventID:1524  Warning  The configuration file was updated.
02/03/2025 07:27:43 AM  Application  EventID:9363  Information  An unexpected error occurred during startup.
02/05/2025 07:44:02 AM  Security  EventID:1792  Warning  User logon was successful.
02/08/2025 01:01:19 PM  System  EventID:1241  Error  An unexpected error occurred during startup.
02/09/2025 09:26:58 AM  Application  EventID:3390  Warning  User logon was successful.
02/03/2025 01:58:50 AM  Security  EventID:8768  Error  The operation completed successfully.
02/04/2025 02:01:51 AM  System  EventID:4928  Information  The configuration file was updated.
02/06/2025 06:37:49 AM  Application  EventID:5223  Warning  An unexpected error occurred during startup.
02/04/2025 06:37:20 PM  Application  EventID:3727  Warning  The operation completed successfully.
02/09/2025 12:54:42 AM  Application  EventID:8562  Information  The configuration file was updated.
02/08/2025 06:43:42 PM  System  EventID:5397  Information  Service failed to start due to a timeout.
02/06/2025 04:02:09 AM  System  EventID:5743  Error  User logon was successful.
02/04/2025 09:43:39 PM  Application  EventID:1632  Information  An unexpected error occurred during startup.
02/05/2025 10:55:47 PM  Security  EventID:4754  Error  Service failed to start due to a timeout.
02/04/2025 05:05:28 AM  Security  EventID:1895  Error  Service failed to start due to a timeout.
02/05/2025 06:48:35 AM  System  EventID:1411  Error  The configuration file was updated.
02/03/2025 03:39:07 AM  Security  EventID:5840  Information  The configuration file was updated.
02/07/2025 04:00:35 PM  System  EventID:3522  Information  User logon was successful.
02/08/2025 02:38:08 PM  System  EventID:1426  Warning  The operation completed successfully.
02/04/2025 06:55:20 PM  Security  EventID:2238  Warning  An unexpected error occurred during startup.
02/04/2025 04:25:30 AM  Application  EventID:9288  Warning  Service failed to start due to a timeout.
02/05/2025 06:57:12 AM  System  EventID:2095  Information  User logon was successful.
02/08/2025 10:37:51 AM  Application  EventID:3673  Error  An unexpected error occurred during startup.
02/09/2025 02:18:01 PM  System  EventID:5253  Error  Service failed to start due to a timeout.
02/09/2025 02:19:04 AM  System  EventID:2385  Information  Service failed to start due to a timeout.
02/05/2025 10:46:23 PM  System  EventID:3990  Information  An unexpected error occurred during startup.
02/05/2025 11:29:27 PM  Security  EventID:9391  Information  Service failed to start due to a timeout.
02/03/2025 01:19:13 PM  Security  EventID:9377  Error  The configuration file was updated.
02/04/2025 05:26:20 PM  System  EventID:9611  Information  An unexpected error occurred during startup.
02/06/2025 08:14:37 PM  Security  EventID:2436  Information  An unexpected error occurred during startup.
02/08/2025 06:45:18 PM  Security  EventID:4777  Information  An unexpected error occurred during startup.
02/06/2025 09:05:58 PM  Application  EventID:8909  Warning  Service failed to start due to a timeout.
02/05/2025 08:00:56 AM  Application  EventID:9990  Information  The operation completed successfully.
02/05/2025 01:04:07 PM  System  EventID:1532  Warning  An unexpected error occurred during startup.
02/07/2025 04:02:37 AM  Application  EventID:4332  Information  The operation completed successfully.
02/09/2025 04:03:30 PM  System  EventID:4525  Error  The configuration file was updated.
02/03/2025 10:52:54 AM  System  EventID:1720  Information  The operation completed successfully.
02/08/2025 10:45:48 AM  System  EventID:4302  Information  The operation completed successfully.
02/07/2025 12:50:47 AM  Security  EventID:9009  Error  Service failed to start due to a timeout.
02/08/2025 05:30:23 PM  Application  EventID:3044  Error  The configuration file was updated.
02/04/2025 05:30:12 PM  Application  EventID:5768  Error  The configuration file was updated.
02/06/2025 07:14:28 PM  Security  EventID:1317  Warning  User logon was successful.
02/08/2025 09:34:28 PM  Security  EventID:8603  Error  User logon was successful.
02/04/2025 10:33:41 AM  Security  EventID:8384  Error  User logon was successful.
02/07/2025 09:09:39 AM  System  EventID:4396  Information  An unexpected error occurred during startup.
02/07/2025 11:32:59 AM  Application  EventID:9025  Warning  The operation completed successfully.
02/04/2025 10:53:50 PM  System  EventID:1926  Information  Service failed to start due to a timeout.
02/04/2025 01:50:19 PM  Security  EventID:5055  Error  An unexpected error occurred during startup.
02/08/2025 01:04:59 PM  System  EventID:6594  Error  Service failed to start due to a timeout.
02/03/2025 02:18:23 AM  Security  EventID:5903  Information  User logon was successful.
02/05/2025 01:58:08 AM  Application  EventID:1819  Error  User logon was successful.
02/03/2025 08:34:36 AM  Security  EventID:6597  Warning  Service failed to start due to a timeout.
02/06/2025 05:09:32 PM  Application  EventID:7945  Error  The configuration file was updated.
02/08/2025 03:23:14 PM  System  EventID:8447  Error  An unexpected error occurred during startup.
02/04/2025 06:19:50 PM  Security  EventID:5176  Information  The operation completed successfully.
02/03/2025 09:03:50 AM  System  EventID:8972  Error  An unexpected error occurred during startup.
02/05/2025 09:25:29 PM  System  EventID:2520  Information  The operation completed successfully.
02/04/2025 11:17:21 PM  Application  EventID:5838  Error  Service failed to start due to a timeout.
02/05/2025 10:42:51 AM  Application  EventID:1362  Warning  User logon was successful.
02/03/2025 12:45:11 AM  System  EventID:1926  Error  An unexpected error occurred during startup.
02/07/2025 04:44:15 PM  System  EventID:2299  Error  Service failed to start due to a timeout.
02/08/2025 01:20:40 AM  Security  EventID:1174  Warning  Service failed to start due to a timeout.
02/08/2025 09:33:38 AM  Application  EventID:6771  Error  An unexpected error occurred during startup.
02/09/2025 03:08:02 PM  Application  EventID:1557  Warning  An unexpected error occurred during startup.
02/02/2025 09:46:40 PM  System  EventID:1112  Error  The configuration file was updated.
02/05/2025 02:03:25 AM  Application  EventID:1082  Error  Service failed to start due to a timeout.
02/08/2025 02:48:03 PM  Application  EventID:2558  Error  Service failed to start due to a timeout.
02/03/2025 11:33:55 AM  Application  EventID:9512  Warning  An unexpected error occurred during startup.
02/04/2025 04:27:04 AM  Application  EventID:5239  Warning  An unexpected error occurred during startup.
02/05/2025 11:57:48 PM  Application  EventID:3990  Information  Service failed to start due to a timeout.
02/03/2025 11:08:24 AM  Application  EventID:7540  Information  User logon was successful.
02/07/2025 01:50:06 PM  System  EventID:5419  Error  User logon was successful.
02/02/2025 11:40:10 PM  System  EventID:4741  Warning  The operation completed successfully.
02/05/2025 04:22:16 PM  Application  EventID:2205  Information  An unexpected error occurred during startup.
02/09/2025 12:00:37 AM  Security  EventID:1220  Error  The operation completed successfully.
02/05/2025 03:18:39 PM  System  EventID:5774  Information  User logon was successful.
02/09/2025 01:20:03 AM  Security  EventID:5624  Information  The configuration file was updated.
02/04/2025 09:36:33 AM  Security  EventID:2656  Warning  An unexpected error occurred during startup.
02/05/2025 02:04:58 PM  Security  EventID:4278  Error  Service failed to start due to a timeout.
02/03/2025 06:37:02 AM  Application  EventID:6980  Information  The configuration file was updated.
02/02/2025 07:55:35 PM  Application  EventID:2726  Error  The configuration file was updated.
02/08/2025 01:27:07 PM  Application  EventID:1165  Warning  Service failed to start due to a timeout.
02/09/2025 02:12:14 AM  System  EventID:9916  Warning  The operation completed successfully.
02/07/2025 03:47:51 AM  System  EventID:9567  Warning  User logon was successful.
02/04/2025 01:49:38 PM  Application  EventID:3005  Information  User logon was successful.
02/06/2025 02:04:50 PM  System  EventID:5796  Error  An unexpected error occurred during startup.
02/05/2025 06:10:22 PM  Application  EventID:3883  Information  The configuration file was updated.
02/08/2025 11:38:24 AM  Security  EventID:6865  Warning  User logon was successful.
02/06/2025 06:18:21 AM  System  EventID:7880  Information  Service failed to start due to a timeout.
02/08/2025 01:53:26 AM  System  EventID:9922  Error  An unexpected error occurred during startup.
02/07/2025 04:12:49 AM  Application  EventID:6190  Warning  Service failed to start due to a timeout.
02/07/2025 06:19:01 AM  Application  EventID:6609  Information  The operation completed successfully.
02/08/2025 11:56:32 AM  Application  EventID:5453  Warning  The configuration file was updated.
02/06/2025 09:48:12 AM  Application  EventID:7324  Information  Service failed to start due to a timeout.
02/08/2025 07:19:33 PM  Security  EventID:3858  Information  Service failed to start due to a timeout.
02/07/2025 09:25:56 PM  Security  EventID:2096  Error  User logon was successful.
02/06/2025 03:05:53 AM  System  EventID:8007  Warning  The configuration file was updated.
02/03/2025 03:26:51 AM  Application  EventID:1008  Error  The configuration file was updated.
02/03/2025 10:14:56 PM  System  EventID:5479  Information  The operation completed successfully.
02/08/2025 12:30:14 AM  Security  EventID:8610  Error  User logon was successful.
02/05/2025 12:08:38 PM  Application  EventID:6812  Error  An unexpected error occurred during startup.
02/04/2025 10:08:59 AM  System  EventID:1202  Information  User logon was successful.
02/04/2025 09:59:14 PM  Security  EventID:6988  Information  The operation completed successfully.
02/05/2025 04:18:49 PM  Security  EventID:4510  Warning  The configuration file was updated.
02/07/2025 06:35:00 PM  Application  EventID:3138  Information  User logon was successful.
02/08/2025 08:23:47 PM  Security  EventID:8002  Warning  The configuration file was updated.
02/05/2025 07:56:12 AM  Application  EventID:7971  Warning  Service failed to start due to a timeout.
02/06/2025 02:21:56 AM  Security  EventID:9493  Error  User logon was successful.
02/08/2025 10:26:12 PM  System  EventID:5486  Information  Service failed to start due to a timeout.
02/06/2025 07:11:48 PM  System  EventID:2280  Error  Service failed to start due to a timeout.
02/04/2025 07:45:52 PM  Security  EventID:7854  Information  The configuration file was updated.
02/03/2025 05:23:17 PM  Application  EventID:6263  Warning  User logon was successful.
02/09/2025 09:26:56 AM  Security  EventID:4981  Information  User logon was successful.
02/08/2025 04:53:35 PM  Security  EventID:7558  Information  Service failed to start due to a timeout.
02/06/2025 05:25:48 PM  System  EventID:7946  Warning  User logon was successful.
02/06/2025 09:07:38 AM  Application  EventID:5680  Error  An unexpected error occurred during startup.
02/05/2025 10:00:50 PM  Security  EventID:3580  Error  The configuration file was updated.
02/03/2025 12:05:05 AM  Security  EventID:2049  Information  User logon was successful.
02/07/2025 05:06:29 PM  Security  EventID:8671  Information  The configuration file was updated.
02/03/2025 04:00:19 AM  Security  EventID:5335  Information  The configuration file was updated.
02/09/2025 05:54:09 PM  Application  EventID:8798  Warning  User logon was successful.
02/04/2025 03:56:17 AM  Security  EventID:6381  Error  The configuration file was updated.
02/07/2025 07:44:22 AM  Security  EventID:1283  Warning  User logon was successful.
02/08/2025 11:34:29 PM  System  EventID:1566  Warning  The configuration file was updated.
02/06/2025 07:33:15 PM  Security  EventID:2787  Error  Service failed to start due to a timeout.
02/04/2025 05:05:44 PM  Application  EventID:1199  Error  User logon was successful.
02/06/2025 11:32:06 AM  Security  EventID:7258  Warning  User logon was successful.
02/08/2025 04:03:58 PM  Application  EventID:2693  Warning  An unexpected error occurred during startup.
02/03/2025 06:12:26 AM  Application  EventID:4592  Information  Service failed to start due to a timeout.
02/07/2025 07:36:33 PM  Security  EventID:1041  Warning  The operation completed successfully.
02/08/2025 10:44:42 PM  Application  EventID:8761  Information  Service failed to start due to a timeout.
02/05/2025 08:44:39 AM  Application  EventID:3526  Warning  The configuration file was updated.
02/07/2025 01:32:15 AM  System  EventID:4874  Warning  The operation completed successfully.
02/09/2025 06:20:58 PM  Application  EventID:8740  Warning  User logon was successful.
02/04/2025 02:10:05 PM  Security  EventID:6322  Error  The configuration file was updated.
02/04/2025 08:37:35 AM  System  EventID:6361  Error  An unexpected error occurred during startup.
02/05/2025 08:16:30 AM  Application  EventID:4221  Warning  Service failed to start due to a timeout.
02/07/2025 03:51:54 PM  System  EventID:2721  Error  The operation completed successfully.
02/06/2025 09:24:11 AM  Application  EventID:5066  Warning  An unexpected error occurred during startup.
02/03/2025 10:08:05 AM  Application  EventID:1918  Error  The operation completed successfully.
02/06/2025 01:04:56 PM  Application  EventID:9118  Warning  Service failed to start due to a timeout.
02/03/2025 02:08:26 PM  System  EventID:3940  Error  User logon was successful.
02/07/2025 02:06:50 AM  Security  EventID:9799  Error  User logon was successful.
02/08/2025 07:52:12 PM  System  EventID:3186  Information  Service failed to start due to a timeout.
02/05/2025 09:16:37 AM  System  EventID:4422  Information  User logon was successful.
02/02/2025 09:56:04 PM  System  EventID:7234  Warning  The operation completed successfully.
02/09/2025 10:46:55 AM  Security  EventID:2926  Warning  The configuration file was updated.
02/04/2025 12:21:36 AM  Security  EventID:3395  Information  An unexpected error occurred during startup.
02/03/2025 10:00:34 PM  Application  EventID:5504  Error  The configuration file was updated.
02/04/2025 12:09:22 AM  Application  EventID:4026  Information  The operation completed successfully.
02/08/2025 07:49:59 PM  Security  EventID:6039  Warning  The operation completed successfully.
02/08/2025 09:21:25 PM  Security  EventID:3604  Warning  An unexpected error occurred during startup.
02/04/2025 10:30:50 AM  Application  EventID:3354  Error  Service failed to start due to a timeout.
02/08/2025 02:44:39 AM  Security  EventID:4176  Information  Service failed to start due to a timeout.
02/04/2025 04:14:43 AM  Security  EventID:6780  Information  Service failed to start due to a timeout.
02/05/2025 06:45:14 PM  System  EventID:4179  Information  An unexpected error occurred during startup.
02/09/2025 12:04:09 AM  Application  EventID:7814  Warning  User logon was successful.
02/05/2025 02:45:00 PM  Security  EventID:8765  Error  User logon was successful.
02/05/2025 03:54:14 PM  Application  EventID:1958  Warning  Service failed to start due to a timeout.
02/04/2025 12:26:57 PM  Security  EventID:2781  Warning  Service failed to start due to a timeout.
02/06/2025 10:04:15 PM  Application  EventID:6818  Warning  Service failed to start due to a timeout.
02/06/2025 01:32:24 AM  System  EventID:7047  Warning  The configuration file was updated.
02/03/2025 12:45:07 PM  System  EventID:3635  Information  The operation completed successfully.
02/04/2025 08:23:05 PM  Security  EventID:2113  Information  The configuration file was updated.
02/07/2025 09:18:45 PM  Application  EventID:1173  Warning  An unexpected error occurred during startup.
02/05/2025 02:40:53 AM  System  EventID:4951  Warning  An unexpected error occurred during startup.
02/05/2025 02:22:13 AM  Security  EventID:6151  Warning  User logon was successful.
02/02/2025 09:46:55 PM  Application  EventID:4434  Warning  The configuration file was updated.
02/03/2025 10:51:27 PM  Application  EventID:8772  Warning  Service failed to start due to a timeout.
02/07/2025 08:55:26 PM  Application  EventID:2492  Error  An unexpected error occurred during startup.
02/04/2025 01:47:43 AM  Application  EventID:7498  Warning  An unexpected error occurred during startup.
02/04/2025 09:42:21 AM  Security  EventID:9258  Error  The operation completed successfully.
02/05/2025 12:55:44 AM  Application  EventID:6761  Information  User logon was successful.
02/04/2025 04:58:16 PM  Security  EventID:7726  Information  An unexpected error occurred during startup.
02/03/2025 06:12:14 PM  Application  EventID:5529  Warning  Service failed to start due to a timeout.
02/08/2025 10:24:08 AM  Security  EventID:7885  Warning  The configuration file was updated.
02/09/2025 05:05:19 PM  System  EventID:6742  Warning  User logon was successful.
02/04/2025 08:13:14 PM  System  EventID:7588  Warning  User logon was successful.
02/08/2025 03:37:59 PM  System  EventID:6155  Information  Service failed to start due to a timeout.
02/07/2025 02:35:48 AM  Security  EventID:4410  Error  The operation completed successfully.
02/05/2025 03:28:41 PM  Application  EventID:2010  Information  User logon was successful.
02/03/2025 07:58:00 PM  Security  EventID:5576  Error  The operation completed successfully.
02/03/2025 01:17:34 AM  Security  EventID:3161  Information  The operation completed successfully.
02/06/2025 10:46:17 AM  System  EventID:1844  Warning  User logon was successful.
02/06/2025 05:18:17 PM  Application  EventID:3266  Error  The configuration file was updated.
02/05/2025 08:38:56 PM  Application  EventID:9663  Information  An unexpected error occurred during startup.
02/04/2025 02:29:28 AM  Security  EventID:6295  Information  The configuration file was updated.
02/05/2025 05:45:02 AM  Application  EventID:5830  Warning  An unexpected error occurred during startup.
02/05/2025 09:01:37 AM  Application  EventID:2479  Error  An unexpected error occurred during startup.
02/05/2025 01:39:00 AM  Security  EventID:2592  Error  Service failed to start due to a timeout.
02/04/2025 03:43:22 AM  Application  EventID:5493  Error  User logon was successful.
02/04/2025 02:15:50 AM  System  EventID:7329  Error  Service failed to start due to a timeout.
02/03/2025 11:50:16 PM  System  EventID:6583  Warning  User logon was successful.
02/09/2025 01:55:59 PM  Application  EventID:8415  Error  Service failed to start due to a timeout.
02/08/2025 08:04:56 PM  Application  EventID:2945  Information  The operation completed successfully.
02/07/2025 04:50:34 PM  Security  EventID:5640  Error  User logon was successful.
02/03/2025 07:53:53 AM  Security  EventID:4618  Error  The configuration file was updated.
02/09/2025 12:42:38 AM  Security  EventID:2257  Information  The operation completed successfully.
02/05/2025 11:54:29 AM  System  EventID:2669  Information  Service failed to start due to a timeout.
02/06/2025 06:53:42 PM  System  EventID:7462  Information  Service failed to start due to a timeout.
02/04/2025 08:13:13 PM  System  EventID:4911  Warning  User logon was successful.
02/02/2025 09:38:06 PM  Security  EventID:1688  Error  The operation completed successfully.
02/06/2025 08:05:40 PM  Security  EventID:4672  Error  An unexpected error occurred during startup.
02/08/2025 05:01:34 PM  Security  EventID:3534  Error  An unexpected error occurred during startup.
02/06/2025 10:37:35 PM  Application  EventID:1921  Warning  Service failed to start due to a timeout.
02/09/2025 08:26:07 AM  Application  EventID:3717  Warning  User logon was successful.
02/06/2025 09:20:01 AM  Application  EventID:4838  Information  An unexpected error occurred during startup.
02/05/2025 02:32:14 AM  System  EventID:1385  Information  The operation completed successfully.
02/09/2025 05:36:05 PM  Application  EventID:5875  Warning  Service failed to start due to a timeout.
02/03/2025 08:31:39 AM  Application  EventID:3491  Information  The operation completed successfully.
02/05/2025 08:55:07 AM  Security  EventID:5785  Warning  Service failed to start due to a timeout.
02/03/2025 04:18:57 PM  Security  EventID:7603  Warning  User logon was successful.
02/08/2025 02:36:41 PM  Security  EventID:8823  Information  The operation completed successfully.
02/03/2025 12:39:12 AM  Application  EventID:2575  Warning  The configuration file was updated.
02/04/2025 05:51:20 AM  System  EventID:4795  Information  Service failed to start due to a timeout.
02/03/2025 09:40:14 AM  Security  EventID:9855  Warning  The operation completed successfully.
02/04/2025 09:57:29 PM  Application  EventID:7751  Information  The configuration file was updated.
02/04/2025 10:48:30 PM  System  EventID:5302  Information  An unexpected error occurred during startup.
02/06/2025 06:45:54 PM  Security  EventID:5160  Warning  An unexpected error occurred during startup.
02/03/2025 04:23:29 AM  Security  EventID:6387  Warning  User logon was successful.
02/09/2025 05:14:03 AM  Security  EventID:3764  Information  Service failed to start due to a timeout.
02/03/2025 09:17:30 AM  Application  EventID:2752  Warning  User logon was successful.
02/04/2025 01:44:18 AM  Application  EventID:1120  Error  The configuration file was updated.
02/04/2025 08:14:52 PM  System  EventID:9439  Warning  The configuration file was updated.
02/09/2025 09:19:13 AM  Security  EventID:5679  Error  An unexpected error occurred during startup.
02/03/2025 09:59:59 AM  System  EventID:8317  Information  Service failed to start due to a timeout.
02/04/2025 11:12:29 AM  System  EventID:5495  Error  Service failed to start due to a timeout.
02/07/2025 10:21:35 AM  System  EventID:7998  Information  The configuration file was updated.
02/04/2025 08:06:44 AM  System  EventID:4357  Warning  The configuration file was updated.
02/09/2025 04:30:20 AM  Application  EventID:4773  Information  The configuration file was updated.
02/03/2025 11:04:00 AM  Application  EventID:3489  Error  Service failed to start due to a timeout.
02/05/2025 04:26:44 PM  Application  EventID:7879  Information  The operation completed successfully.
02/08/2025 02:15:14 PM  Application  EventID:1347  Information  The operation completed successfully.
02/04/2025 05:20:06 PM  Application  EventID:8215  Error  The configuration file was updated.
02/03/2025 07:20:38 PM  Application  EventID:9656  Warning  The operation completed successfully.
02/09/2025 08:08:43 AM  Security  EventID:8668  Warning  Service failed to start due to a timeout.
02/05/2025 11:01:52 PM  System  EventID:1125  Information  The configuration file was updated.
02/07/2025 09:07:49 PM  Security  EventID:6619  Information  The configuration file was updated.
02/09/2025 03:59:10 AM  Application  EventID:8698  Warning  Service failed to start due to a timeout.
02/09/2025 09:14:28 AM  Application  EventID:1561  Warning  User logon was successful.
02/03/2025 08:09:45 PM  Application  EventID:4071  Error  An unexpected error occurred during startup.
02/08/2025 02:08:23 PM  Security  EventID:5262  Information  An unexpected error occurred during startup.
02/05/2025 03:48:25 PM  Application  EventID:9898  Information  The operation completed successfully.
02/05/2025 05:43:34 AM  System  EventID:5248  Error  The configuration file was updated.
02/09/2025 09:00:36 AM  Application  EventID:6325  Information  Service failed to start due to a timeout.
02/04/2025 05:03:17 PM  Application  EventID:8031  Information  The operation completed successfully.
02/07/2025 11:10:58 AM  System  EventID:9100  Information  User logon was successful.
02/07/2025 03:45:00 PM  Security  EventID:4737  Information  Service failed to start due to a timeout.
02/09/2025 10:02:08 AM  Application  EventID:4684  Error  The operation completed successfully.
02/05/2025 12:29:37 AM  Security  EventID:7021  Error  The configuration file was updated.
02/03/2025 01:41:07 PM  Application  EventID:6009  Error  User logon was successful.
02/02/2025 10:14:14 PM  Application  EventID:5807  Information  User logon was successful.
02/03/2025 01:38:52 PM  Application  EventID:9048  Error  User logon was successful.
02/04/2025 09:03:39 PM  Security  EventID:7496  Error  User logon was successful.
02/03/2025 07:23:19 PM  Security  EventID:4120  Error  User logon was successful.
02/03/2025 10:46:49 PM  Application  EventID:4416  Warning  User logon was successful.
02/07/2025 08:25:42 AM  Application  EventID:9362  Information  The operation completed successfully.
02/05/2025 01:31:50 AM  Application  EventID:2778  Warning  The configuration file was updated.
02/03/2025 02:03:40 PM  Security  EventID:4875  Information  The configuration file was updated.
02/05/2025 12:48:50 AM  Security  EventID:6810  Error  Service failed to start due to a timeout.
02/08/2025 02:46:36 PM  System  EventID:8773  Information  The configuration file was updated.
02/06/2025 10:35:32 AM  Application  EventID:9202  Warning  User logon was successful.
02/05/2025 01:18:30 AM  Application  EventID:8105  Error  User logon was successful.
02/08/2025 12:22:52 PM  Application  EventID:6194  Information  User logon was successful.
02/05/2025 04:30:52 PM  Security  EventID:9952  Warning  User logon was successful.
02/03/2025 09:50:19 PM  System  EventID:4631  Warning  Service failed to start due to a timeout.
02/06/2025 05:47:42 AM  Security  EventID:4192  Warning  Service failed to start due to a timeout.
02/06/2025 12:09:22 AM  System  EventID:7937  Information  The configuration file was updated.
02/06/2025 04:28:01 AM  System  EventID:4419  Error  The operation completed successfully.
02/07/2025 01:02:16 PM  Security  EventID:3450  Warning  Service failed to start due to a timeout.
02/07/2025 06:49:11 PM  Application  EventID:4702  Information  Service failed to start due to a timeout.
02/06/2025 10:03:03 PM  System  EventID:9912  Warning  An unexpected error occurred during startup.
02/02/2025 09:04:20 PM  Application  EventID:9753  Warning  An unexpected error occurred during startup.
02/08/2025 09:28:36 PM  Application  EventID:6914  Error  An unexpected error occurred during startup.
02/09/2025 04:08:01 AM  Security  EventID:9822  Warning  An unexpected error occurred during startup.
02/08/2025 12:23:12 AM  Security  EventID:2771  Information  The operation completed successfully.
02/05/2025 08:47:21 AM  Security  EventID:4998  Warning  An unexpected error occurred during startup.
02/05/2025 01:02:23 PM  Application  EventID:4163  Information  Service failed to start due to a timeout.
02/08/2025 09:41:24 PM  System  EventID:2026  Information  User logon was successful.
02/06/2025 10:25:46 PM  Security  EventID:6157  Error  Service failed to start due to a timeout.
02/06/2025 04:56:26 AM  System  EventID:3597  Error  User logon was successful.
02/09/2025 09:09:03 AM  Security  EventID:1413  Warning  Service failed to start due to a timeout.
02/08/2025 07:46:11 AM  System  EventID:9166  Warning  The configuration file was updated.
02/04/2025 07:48:02 AM  System  EventID:3107  Warning  Service failed to start due to a timeout.
02/05/2025 08:56:19 AM  Security  EventID:1134  Warning  An unexpected error occurred during startup.
02/09/2025 02:43:09 AM  System  EventID:4031  Warning  The operation completed successfully.
02/09/2025 06:03:10 PM  Application  EventID:5639  Information  The operation completed successfully.
02/06/2025 04:27:12 AM  Security  EventID:2382  Information  An unexpected error occurred during startup.
02/07/2025 08:58:32 AM  Security  EventID:1416  Error  User logon was successful.
02/07/2025 01:33:33 AM  Application  EventID:6008  Information  The operation completed successfully.
02/08/2025 02:17:30 PM  Security  EventID:8014  Warning  User logon was successful.
02/08/2025 07:17:55 PM  Application  EventID:5534  Warning  The configuration file was updated.
02/06/2025 08:30:19 PM  Application  EventID:9841  Error  An unexpected error occurred during startup.
02/04/2025 08:25:03 AM  System  EventID:4872  Warning  The operation completed successfully.
02/04/2025 02:30:48 AM  Application  EventID:2549  Error  An unexpected error occurred during startup.
02/05/2025 08:32:09 PM  Application  EventID:6264  Error  User logon was successful.
02/09/2025 04:50:35 AM  Application  EventID:5149  Warning  The operation completed successfully.
02/04/2025 10:05:44 PM  System  EventID:2424  Warning  Service failed to start due to a timeout.
02/07/2025 04:13:05 PM  Application  EventID:7435  Warning  The operation completed successfully.
02/09/2025 10:29:39 AM  Application  EventID:8959  Error  Service failed to start due to a timeout.
02/09/2025 12:43:35 AM  Security  EventID:6897  Information  The configuration file was updated.
02/02/2025 07:46:41 PM  Application  EventID:6677  Error  User logon was successful.
02/03/2025 02:01:21 AM  Application  EventID:9219  Error  The operation completed successfully.
02/08/2025 05:57:50 PM  Application  EventID:7119  Warning  The operation completed successfully.
02/03/2025 09:45:42 AM  Application  EventID:2962  Error  The operation completed successfully.
02/06/2025 03:55:10 AM  Application  EventID:8884  Warning  The operation completed successfully.
02/09/2025 03:22:57 PM  System  EventID:3390  Information  An unexpected error occurred during startup.
02/04/2025 01:12:56 AM  Application  EventID:7726  Error  The operation completed successfully.
02/07/2025 04:42:10 PM  Application  EventID:1514  Warning  User logon was successful.
02/03/2025 05:12:54 AM  System  EventID:9118  Warning  The operation completed successfully.
02/06/2025 04:57:34 AM  System  EventID:6973  Information  The operation completed successfully.
02/05/2025 08:37:53 AM  System  EventID:3202  Information  An unexpected error occurred during startup.
02/08/2025 08:07:04 AM  System  EventID:5277  Information  Service failed to start due to a timeout.
02/08/2025 09:10:08 AM  System  EventID:8939  Error  Service failed to start due to a timeout.
02/02/2025 07:59:12 PM  System  EventID:8064  Information  User logon was successful.
02/07/2025 04:38:20 PM  Application  EventID:9755  Warning  An unexpected error occurred during startup.
02/03/2025 11:15:28 PM  Application  EventID:1176  Information  The operation completed successfully.
02/06/2025 09:57:49 AM  Application  EventID:7157  Information  The operation completed successfully.
02/05/2025 10:07:19 AM  Security  EventID:4861  Information  The configuration file was updated.
02/04/2025 02:45:59 PM  System  EventID:3335  Information  Service failed to start due to a timeout.
02/04/2025 12:42:14 AM  Security  EventID:2501  Warning  User logon was successful.
02/03/2025 10:32:55 PM  System  EventID:3654  Warning  An unexpected error occurred during startup.
02/02/2025 09:59:05 PM  Security  EventID:7049  Warning  The configuration file was updated.
02/04/2025 03:43:46 AM  Application  EventID:5833  Information  The configuration file was updated.
02/06/2025 11:49:26 PM  Security  EventID:4100  Error  User logon was successful.
02/03/2025 07:26:36 PM  Application  EventID:7503  Warning  Service failed to start due to a timeout.
02/03/2025 03:48:41 PM  System  EventID:1790  Error  The operation completed successfully.
02/07/2025 08:40:28 AM  Security  EventID:4910  Error  Service failed to start due to a timeout.
02/09/2025 07:26:00 AM  System  EventID:2469  Warning  The operation completed successfully.
02/04/2025 04:00:28 PM  Application  EventID:5007  Warning  An unexpected error occurred during startup.
02/06/2025 09:31:58 PM  Application  EventID:6411  Error  The configuration file was updated.
02/03/2025 03:17:38 PM  Security  EventID:3423  Warning  Service failed to start due to a timeout.
02/09/2025 10:58:56 AM  System  EventID:1866  Error  The configuration file was updated.
02/06/2025 12:44:39 PM  Security  EventID:1883  Warning  An unexpected error occurred during startup.
02/04/2025 05:44:34 AM  Application  EventID:8393  Information  The operation completed successfully.
02/06/2025 09:59:35 PM  System  EventID:5528  Error  The operation completed successfully.
02/03/2025 02:55:40 PM  Application  EventID:7657  Information  The configuration file was updated.
02/07/2025 05:07:47 AM  System  EventID:2856  Warning  User logon was successful.
02/07/2025 07:40:14 PM  Security  EventID:2399  Warning  An unexpected error occurred during startup.
02/04/2025 09:34:37 PM  Security  EventID:3462  Information  Service failed to start due to a timeout.
02/03/2025 09:36:28 PM  Security  EventID:5030  Information  An unexpected error occurred during startup.
02/07/2025 06:31:38 PM  Application  EventID:2298  Information  Service failed to start due to a timeout.
02/06/2025 03:44:39 PM  Security  EventID:9063  Warning  Service failed to start due to a timeout.
02/05/2025 08:53:02 AM  Application  EventID:7096  Information  The operation completed successfully.
02/04/2025 02:51:14 PM  Security  EventID:2390  Information  The operation completed successfully.
02/04/2025 10:09:23 AM  Security  EventID:4182  Warning  User logon was successful.
02/05/2025 01:11:18 PM  Security  EventID:8297  Error  Service failed to start due to a timeout.
02/03/2025 07:01:06 AM  System  EventID:5002  Information  The operation completed successfully.
02/05/2025 11:43:10 AM  Application  EventID:3639  Warning  Service failed to start due to a timeout.
02/08/2025 12:06:20 AM  System  EventID:5957  Information  User logon was successful.
02/09/2025 11:04:42 AM  Security  EventID:5900  Information  The configuration file was updated.
02/06/2025 11:47:42 PM  System  EventID:3495  Warning  Service failed to start due to a timeout.
02/06/2025 06:04:16 AM  Application  EventID:6041  Error  Service failed to start due to a timeout.
02/05/2025 12:38:13 PM  System  EventID:4907  Error  An unexpected error occurred during startup.
02/07/2025 11:55:27 PM  System  EventID:2122  Warning  Service failed to start due to a timeout.
02/03/2025 03:56:00 AM  Application  EventID:5363  Error  The operation completed successfully.
02/04/2025 11:11:24 PM  Security  EventID:7334  Warning  Service failed to start due to a timeout.
02/08/2025 05:49:40 AM  Application  EventID:2066  Error  An unexpected error occurred during startup.
02/07/2025 06:33:52 AM  Security  EventID:9403  Error  The configuration file was updated.
02/07/2025 06:04:33 AM  Security  EventID:6050  Warning  The operation completed successfully.
02/06/2025 01:48:51 PM  Security  EventID:3831  Warning  The operation completed successfully.
02/09/2025 10:02:03 AM  System  EventID:9918  Error  The operation completed successfully.
02/07/2025 01:51:32 PM  Security  EventID:9937  Warning  User logon was successful.
02/06/2025 10:53:27 PM  Security  EventID:3669  Warning  The configuration file was updated.
02/07/2025 02:25:32 PM  System  EventID:2564  Error  Service failed to start due to a timeout.
02/07/2025 02:39:18 PM  Security  EventID:6896  Information  The operation completed successfully.
02/06/2025 03:53:49 AM  Security  EventID:5408  Error  An unexpected error occurred during startup.
02/06/2025 06:21:07 PM  System  EventID:4743  Error  The operation completed successfully.
02/07/2025 12:52:07 PM  Security  EventID:5153  Error  The operation completed successfully.
02/09/2025 09:32:27 AM  System  EventID:7982  Information  The operation completed successfully.
02/08/2025 06:17:03 AM  Security  EventID:5459  Information  An unexpected error occurred during startup.
02/03/2025 12:19:36 PM  Application  EventID:5982  Error  Service failed to start due to a timeout.
02/05/2025 04:48:19 PM  Security  EventID:8971  Error  Service failed to start due to a timeout.
02/06/2025 09:21:42 AM  System  EventID:3679  Information  Service failed to start due to a timeout.
02/04/2025 07:38:22 PM  System  EventID:5939  Information  Service failed to start due to a timeout.
02/04/2025 05:40:22 AM  Application  EventID:6263  Warning  User logon was successful.
02/06/2025 07:15:50 AM  Application  EventID:7429  Warning  The configuration file was updated.
02/05/2025 09:41:43 AM  System  EventID:8666  Warning  Service failed to start due to a timeout.
02/03/2025 08:27:24 PM  System  EventID:3564  Warning  An unexpected error occurred during startup.
02/06/2025 01:49:46 AM  System  EventID:4445  Information  The operation completed successfully.
02/08/2025 07:32:50 AM  Security  EventID:4107  Error  The operation completed successfully.
02/05/2025 04:51:25 AM  Application  EventID:1768  Error  Service failed to start due to a timeout.
02/07/2025 02:30:33 PM  Security  EventID:2284  Warning  Service failed to start due to a timeout.
02/08/2025 02:21:13 PM  System  EventID:2172  Information  User logon was successful.
02/04/2025 09:57:13 PM  Security  EventID:1535  Warning  User logon was successful.
02/03/2025 05:18:19 PM  Security  EventID:3396  Warning  The operation completed successfully.
02/06/2025 07:31:01 AM  Application  EventID:6946  Warning  Service failed to start due to a timeout.
02/05/2025 01:55:05 PM  Application  EventID:6082  Error  Service failed to start due to a timeout.
02/06/2025 11:49:01 AM  Security  EventID:6899  Error  The configuration file was updated.
02/07/2025 09:04:01 AM  System  EventID:3656  Information  User logon was successful.
02/06/2025 01:08:51 PM  System  EventID:8786  Error  Service failed to start due to a timeout.
02/06/2025 08:39:13 PM  Security  EventID:3307  Warning  The operation completed successfully.
02/05/2025 06:15:16 AM  System  EventID:8615  Error  The operation completed successfully.
02/05/2025 04:01:24 AM  Application  EventID:6570  Information  The operation completed successfully.
02/07/2025 02:54:57 PM  System  EventID:1351  Information  The configuration file was updated.
02/03/2025 06:58:57 AM  System  EventID:5630  Information  Service failed to start due to a timeout.
02/06/2025 10:08:20 AM  Security  EventID:9915  Information  User logon was successful.
02/03/2025 12:05:11 PM  Application  EventID:3177  Information  An unexpected error occurred during startup.
02/03/2025 08:03:42 AM  Security  EventID:9425  Information  The configuration file was updated.
02/07/2025 07:33:16 PM  Security  EventID:2178  Error  An unexpected error occurred during startup.
02/09/2025 01:51:31 PM  Security  EventID:4655  Error  Service failed to start due to a timeout.
02/03/2025 03:10:01 AM  Application  EventID:9866  Warning  An unexpected error occurred during startup.
02/09/2025 07:32:47 AM  Application  EventID:1251  Error  The operation completed successfully.
02/04/2025 04:21:49 PM  Security  EventID:4187  Information  An unexpected error occurred during startup.
02/03/2025 12:20:29 AM  Security  EventID:5354  Warning  An unexpected error occurred during startup.
02/09/2025 12:17:02 AM  Security  EventID:6366  Error  The operation completed successfully.
02/03/2025 05:19:05 AM  Security  EventID:9249  Information  The configuration file was updated.
02/08/2025 09:10:06 PM  Security  EventID:3801  Warning  An unexpected error occurred during startup.
02/03/2025 05:22:09 AM  Application  EventID:4672  Warning  The operation completed successfully.
02/03/2025 02:17:03 PM  Application  EventID:1722  Error  The operation completed successfully.
02/05/2025 02:41:04 PM  Application  EventID:1258  Error  The operation completed successfully.
02/05/2025 02:12:52 PM  Security  EventID:1782  Error  Service failed to start due to a timeout.
02/07/2025 12:02:59 AM  Application  EventID:5704  Information  The configuration file was updated.
02/06/2025 11:41:20 PM  System  EventID:5054  Warning  The operation completed successfully.
02/08/2025 11:53:29 PM  Security  EventID:5607  Error  Service failed to start due to a timeout.
02/02/2025 11:23:41 PM  Application  EventID:3775  Warning  The configuration file was updated.
02/02/2025 08:52:17 PM  Security  EventID:4028  Information  User logon was successful.
02/02/2025 08:38:27 PM  Application  EventID:6769  Warning  Service failed to start due to a timeout.
02/08/2025 09:41:33 AM  Application  EventID:1989  Information  The configuration file was updated.
02/06/2025 07:58:32 PM  Security  EventID:6471  Warning  An unexpected error occurred during startup.
02/05/2025 04:35:59 PM  Security  EventID:6349  Information  The operation completed successfully.
02/07/2025 07:10:53 PM  Application  EventID:5080  Warning  The configuration file was updated.
02/07/2025 10:14:41 PM  System  EventID:6727  Information  The configuration file was updated.
02/04/2025 09:18:53 PM  System  EventID:3682  Information  Service failed to start due to a timeout.
02/07/2025 06:01:38 PM  System  EventID:1961  Information  The configuration file was updated.
02/04/2025 06:01:51 PM  Application  EventID:2474  Information  The configuration file was updated.
02/03/2025 04:34:45 AM  Application  EventID:7579  Error  The operation completed successfully.
02/07/2025 10:10:45 PM  Application  EventID:2576  Error  Service failed to start due to a timeout.
02/06/2025 09:50:41 PM  System  EventID:4205  Information  The operation completed successfully.
02/09/2025 04:07:00 AM  System  EventID:3249  Warning  The configuration file was updated.
02/05/2025 08:49:10 PM  Security  EventID:4886  Information  The operation completed successfully.
02/04/2025 04:37:08 PM  System  EventID:1545  Warning  User logon was successful.
02/08/2025 10:10:30 AM  Security  EventID:6565  Warning  An unexpected error occurred during startup.
02/08/2025 10:44:02 AM  System  EventID:4498  Error  The operation completed successfully.
02/06/2025 11:48:58 AM  Security  EventID:3428  Information  The configuration file was updated.
02/03/2025 11:13:44 AM  Security  EventID:1763  Information  Service failed to start due to a timeout.
02/09/2025 12:33:08 PM  System  EventID:8004  Error  The operation completed successfully.
02/06/2025 12:39:37 AM  System  EventID:4140  Information  The operation completed successfully.
02/06/2025 04:03:38 AM  Security  EventID:8204  Information  The configuration file was updated.
02/06/2025 11:07:57 PM  Application  EventID:6068  Information  User logon was successful.
02/05/2025 05:32:53 PM  Security  EventID:4547  Error  An unexpected error occurred during startup.
02/07/2025 04:09:19 PM  Security  EventID:5383  Information  The operation completed successfully.
02/08/2025 07:25:07 AM  Security  EventID:3983  Error  The operation completed successfully.
02/09/2025 02:44:16 PM  System  EventID:8756  Information  Service failed to start due to a timeout.
02/08/2025 11:20:40 AM  Application  EventID:8791  Information  The configuration file was updated.
02/08/2025 01:24:52 PM  Security  EventID:2136  Warning  The configuration file was updated.
02/04/2025 05:14:52 AM  Security  EventID:4331  Information  User logon was successful.
02/07/2025 12:23:58 AM  System  EventID:7127  Warning  The configuration file was updated.
02/06/2025 07:51:06 PM  Security  EventID:1092  Error  User logon was successful.
02/07/2025 01:06:22 AM  System  EventID:5935  Information  User logon was successful.
02/05/2025 03:35:16 PM  Security  EventID:3985  Error  Service failed to start due to a timeout.
02/09/2025 05:56:23 AM  Security  EventID:4558  Warning  An unexpected error occurred during startup.
02/05/2025 08:05:17 PM  Security  EventID:2806  Error  User logon was successful.
02/05/2025 03:17:30 PM  Application  EventID:4204  Information  User logon was successful.
02/05/2025 03:34:33 PM  Application  EventID:4177  Warning  The operation completed successfully.
02/06/2025 02:28:54 PM  System  EventID:8686  Information  The operation completed successfully.
02/06/2025 03:10:31 AM  System  EventID:8320  Error  The operation completed successfully.
02/09/2025 11:28:56 AM  System  EventID:8681  Information  An unexpected error occurred during startup.
02/05/2025 04:52:11 PM  System  EventID:2167  Warning  User logon was successful.
02/08/2025 03:11:02 PM  Security  EventID:3534  Information  The configuration file was updated.
02/07/2025 02:17:43 AM  Security  EventID:6239  Information  Service failed to start due to a timeout.
02/08/2025 06:52:02 AM  Security  EventID:7650  Error  The operation completed successfully.
02/03/2025 01:09:37 PM  Security  EventID:9466  Warning  The operation completed successfully.
02/06/2025 12:41:19 AM  Application  EventID:2112  Information  User logon was successful.
02/06/2025 04:41:36 PM  System  EventID:5332  Warning  The configuration file was updated.
02/03/2025 01:56:51 PM  System  EventID:6879  Warning  The configuration file was updated.
02/08/2025 12:49:46 AM  Application  EventID:2566  Error  The configuration file was updated.
02/03/2025 03:38:43 PM  Application  EventID:3652  Information  The configuration file was updated.
02/04/2025 09:46:52 PM  System  EventID:2259  Warning  An unexpected error occurred during startup.
02/07/2025 08:37:11 AM  System  EventID:6077  Warning  An unexpected error occurred during startup.
02/02/2025 09:51:17 PM  Application  EventID:9263  Information  An unexpected error occurred during startup.
02/09/2025 11:41:30 AM  Security  EventID:3885  Error  An unexpected error occurred during startup.
02/04/2025 11:25:55 AM  System  EventID:1486  Information  The configuration file was updated.
02/07/2025 01:00:57 AM  Application  EventID:8149  Information  An unexpected error occurred during startup.
02/03/2025 04:35:01 AM  Security  EventID:9551  Information  An unexpected error occurred during startup.
02/08/2025 09:54:21 PM  Application  EventID:4490  Warning  The configuration file was updated.
02/06/2025 04:38:06 AM  Application  EventID:3772  Error  An unexpected error occurred during startup.
02/05/2025 11:37:02 PM  Security  EventID:6106  Information  Service failed to start due to a timeout.
02/03/2025 05:14:42 AM  System  EventID:1092  Error  User logon was successful.
02/06/2025 04:43:23 AM  Security  EventID:6260  Warning  The operation completed successfully.
02/09/2025 06:28:44 AM  Application  EventID:1954  Warning  User logon was successful.
02/07/2025 01:55:11 AM  Security  EventID:5219  Warning  The operation completed successfully.
02/03/2025 03:43:58 AM  Application  EventID:7759  Information  Service failed to start due to a timeout.
02/03/2025 05:17:26 PM  Security  EventID:3738  Error  User logon was successful.
02/08/2025 10:33:33 PM  Application  EventID:4401  Information  The operation completed successfully.
02/02/2025 10:59:18 PM  System  EventID:4778  Error  The configuration file was updated.
02/02/2025 08:47:00 PM  System  EventID:7032  Information  Service failed to start due to a timeout.
02/03/2025 04:22:14 AM  Security  EventID:6327  Information  User logon was successful.
02/03/2025 07:58:38 AM  Security  EventID:7098  Error  An unexpected error occurred during startup.
02/08/2025 07:33:34 AM  System  EventID:2668  Information  Service failed to start due to a timeout.
02/04/2025 12:50:29 PM  Application  EventID:9910  Warning  Service failed to start due to a timeout.
02/02/2025 08:10:11 PM  System  EventID:3884  Warning  User logon was successful.
02/02/2025 10:22:38 PM  Security  EventID:5837  Warning  Service failed to start due to a timeout.
02/03/2025 09:19:05 AM  Application  EventID:3136  Information  Service failed to start due to a timeout.
02/07/2025 05:02:43 PM  Application  EventID:3862  Information  An unexpected error occurred during startup.
02/03/2025 05:04:55 AM  Application  EventID:8882  Information  Service failed to start due to a timeout.
02/06/2025 01:42:03 AM  Application  EventID:6355  Error  Service failed to start due to a timeout.
02/08/2025 11:13:02 PM  System  EventID:7883  Error  The operation completed successfully.
02/05/2025 04:33:49 PM  Security  EventID:7371  Warning  Service failed to start due to a timeout.
02/02/2025 07:23:57 PM  Application  EventID:3410  Warning  Service failed to start due to a timeout.
02/06/2025 12:52:29 PM  Application  EventID:7658  Warning  An unexpected error occurred during startup.
02/08/2025 11:02:22 AM  System  EventID:1067  Warning  The operation completed successfully.
02/07/2025 01:35:42 PM  Security  EventID:2734  Warning  An unexpected error occurred during startup.
02/04/2025 08:09:21 PM  Application  EventID:7542  Warning  User logon was successful.
02/05/2025 09:15:42 AM  Security  EventID:4716  Warning  The configuration file was updated.
02/08/2025 09:34:38 PM  Application  EventID:2205  Information  Service failed to start due to a timeout.
02/08/2025 08:54:41 AM  Security  EventID:3212  Error  The operation completed successfully.
02/04/2025 09:13:38 AM  Security  EventID:7347  Error  The configuration file was updated.
02/05/2025 12:10:06 PM  Application  EventID:2558  Error  Service failed to start due to a timeout.
02/07/2025 03:45:10 PM  Security  EventID:6987  Error  Service failed to start due to a timeout.
02/03/2025 04:16:50 PM  System  EventID:8780  Error  The operation completed successfully.
02/02/2025 10:25:03 PM  System  EventID:4387  Warning  An unexpected error occurred during startup.
02/04/2025 03:53:59 PM  Application  EventID:2529  Warning  User logon was successful.
02/09/2025 01:47:47 PM  System  EventID:2277  Warning  An unexpected error occurred during startup.
02/05/2025 11:57:45 PM  Security  EventID:6149  Error  The operation completed successfully.
02/09/2025 01:28:27 AM  Security  EventID:6332  Error  The operation completed successfully.
02/08/2025 03:43:31 PM  Security  EventID:9663  Warning  User logon was successful.
02/03/2025 01:48:08 AM  System  EventID:2681  Warning  An unexpected error occurred during startup.
02/05/2025 08:18:31 AM  System  EventID:8063  Error  An unexpected error occurred during startup.
02/04/2025 02:46:27 AM  System  EventID:5769  Information  Service failed to start due to a timeout.
02/06/2025 12:07:40 PM  System  EventID:7777  Warning  The configuration file was updated.
02/04/2025 05:10:28 AM  Security  EventID:8950  Warning  An unexpected error occurred during startup.
02/09/2025 07:49:50 AM  System  EventID:1197  Error  User logon was successful.
02/07/2025 01:57:54 AM  Application  EventID:4694  Warning  User logon was successful.
02/06/2025 12:53:41 AM  System  EventID:1839  Warning  User logon was successful.
02/06/2025 07:38:56 AM  Security  EventID:6186  Error  User logon was successful.
02/03/2025 03:35:55 PM  Application  EventID:7877  Information  User logon was successful.
02/07/2025 07:58:56 PM  System  EventID:1402  Error  User logon was successful.
02/06/2025 02:41:16 PM  System  EventID:5285  Error  An unexpected error occurred during startup.
02/09/2025 12:59:43 AM  Security  EventID:2924  Information  User logon was successful.
02/08/2025 10:30:32 PM  Security  EventID:8506  Error  The operation completed successfully.
02/03/2025 10:35:52 AM  System  EventID:1108  Warning  User logon was successful.
02/04/2025 09:37:53 AM  System  EventID:1444  Error  User logon was successful.
02/08/2025 07:33:44 AM  System  EventID:2605  Information  User logon was successful.
02/03/2025 08:22:46 AM  Security  EventID:9162  Error  The operation completed successfully.
02/08/2025 12:30:40 PM  Security  EventID:8457  Warning  The configuration file was updated.
02/07/2025 09:03:20 PM  System  EventID:1760  Information  An unexpected error occurred during startup.
02/06/2025 06:14:35 AM  System  EventID:6704  Warning  The configuration file was updated.
02/04/2025 03:45:25 PM  System  EventID:6014  Error  An unexpected error occurred during startup.
02/05/2025 07:54:24 PM  System  EventID:9210  Error  The operation completed successfully.
02/06/2025 12:06:03 PM  Security  EventID:3375  Warning  An unexpected error occurred during startup.
02/09/2025 01:55:03 AM  Application  EventID:2100  Error  The configuration file was updated.
02/05/2025 12:15:52 AM  Security  EventID:5229  Warning  An unexpected error occurred during startup.
02/09/2025 06:02:27 PM  Application  EventID:4203  Information  Service failed to start due to a timeout.
02/09/2025 02:14:40 PM  System  EventID:9025  Error  The operation completed successfully.
02/03/2025 01:48:05 AM  System  EventID:9927  Error  The operation completed successfully.
02/07/2025 11:53:54 AM  System  EventID:5927  Warning  Service failed to start due to a timeout.
02/07/2025 12:16:30 PM  Security  EventID:6862  Warning  The operation completed successfully.
02/04/2025 11:26:40 PM  Security  EventID:9119  Information  User logon was successful.
02/08/2025 10:35:25 PM  System  EventID:3152  Error  The configuration file was updated.
02/06/2025 05:37:13 AM  Application  EventID:8634  Error  The operation completed successfully.
02/05/2025 02:34:45 AM  System  EventID:2205  Information  Service failed to start due to a timeout.
02/07/2025 10:04:03 PM  System  EventID:4576  Warning  The operation completed successfully.
02/03/2025 12:23:49 PM  Application  EventID:1557  Error  User logon was successful.
02/04/2025 05:38:06 PM  Security  EventID:4576  Error  Service failed to start due to a timeout.
02/04/2025 04:04:36 AM  Application  EventID:9497  Warning  The operation completed successfully.
02/03/2025 08:39:41 PM  Security  EventID:4850  Information  The configuration file was updated.
02/05/2025 03:34:57 PM  Security  EventID:2175  Error  User logon was successful.
02/08/2025 04:28:45 AM  Application  EventID:8763  Warning  The configuration file was updated.
02/05/2025 08:45:03 AM  System  EventID:1726  Information  The operation completed successfully.
02/04/2025 01:26:16 AM  Security  EventID:3799  Information  User logon was successful.
02/08/2025 05:11:17 PM  Security  EventID:2869  Warning  User logon was successful.
02/06/2025 01:09:11 PM  Application  EventID:4632  Warning  The configuration file was updated.
02/02/2025 11:00:44 PM  Security  EventID:9266  Error  Service failed to start due to a timeout.
02/06/2025 04:29:26 AM  Application  EventID:9305  Warning  The configuration file was updated.
02/03/2025 03:21:03 PM  Application  EventID:5972  Warning  User logon was successful.
02/08/2025 03:54:15 AM  System  EventID:5271  Information  The operation completed successfully.
02/05/2025 11:08:26 PM  Application  EventID:2931  Warning  The configuration file was updated.
02/06/2025 03:51:10 AM  System  EventID:7452  Error  The operation completed successfully.
02/04/2025 08:32:36 AM  Security  EventID:6973  Error  The operation completed successfully.
02/03/2025 04:07:26 PM  Application  EventID:6911  Information  An unexpected error occurred during startup.
02/04/2025 10:14:52 PM  Security  EventID:8682  Error  An unexpected error occurred during startup.
02/05/2025 09:18:33 PM  System  EventID:3728  Error  Service failed to start due to a timeout.
02/03/2025 11:18:12 AM  Security  EventID:6610  Information  Service failed to start due to a timeout.
02/04/2025 12:57:00 PM  System  EventID:8677  Warning  Service failed to start due to a timeout.
02/06/2025 07:10:28 PM  Security  EventID:7503  Information  The configuration file was updated.
02/04/2025 01:48:36 AM  Application  EventID:6675  Error  The configuration file was updated.
02/07/2025 10:03:45 AM  Application  EventID:9662  Error  User logon was successful.
02/09/2025 09:24:14 AM  System  EventID:4653  Warning  The configuration file was updated.
02/04/2025 09:44:35 AM  System  EventID:7139  Warning  The operation completed successfully.
02/06/2025 04:32:56 AM  Security  EventID:4115  Error  The configuration file was updated.
02/07/2025 10:17:48 PM  System  EventID:9498  Information  User logon was successful.
02/09/2025 04:53:36 AM  Security  EventID:2842  Information  User logon was successful.
02/07/2025 03:11:59 AM  Security  EventID:7993  Warning  The configuration file was updated.
02/09/2025 11:48:47 AM  Application  EventID:1416  Information  An unexpected error occurred during startup.
02/09/2025 06:14:02 AM  Application  EventID:8811  Information  An unexpected error occurred during startup.
02/03/2025 12:07:06 AM  Application  EventID:3958  Warning  Service failed to start due to a timeout.
02/08/2025 10:27:56 AM  Security  EventID:1779  Warning  User logon was successful.
02/03/2025 11:42:31 PM  Security  EventID:5707  Error  The configuration file was updated.
02/05/2025 05:15:52 AM  Application  EventID:9114  Information  An unexpected error occurred during startup.
02/03/2025 05:13:06 AM  Security  EventID:5988  Warning  An unexpected error occurred during startup.
02/07/2025 02:36:31 PM  Security  EventID:9792  Warning  An unexpected error occurred during startup.
02/08/2025 05:12:21 PM  Application  EventID:9266  Error  The configuration file was updated.
02/03/2025 05:03:30 AM  Security  EventID:2243  Warning  The configuration file was updated.
02/07/2025 07:17:23 PM  System  EventID:1503  Warning  Service failed to start due to a timeout.
02/03/2025 09:49:36 AM  System  EventID:3012  Warning  An unexpected error occurred during startup.
02/03/2025 04:31:24 AM  System  EventID:5455  Warning  User logon was successful.
02/07/2025 11:54:19 AM  Security  EventID:5078  Warning  An unexpected error occurred during startup.
02/07/2025 11:55:26 PM  System  EventID:6541  Warning  The configuration file was updated.
02/04/2025 11:44:12 PM  Security  EventID:6994  Information  The configuration file was updated.
02/03/2025 06:39:35 AM  Application  EventID:7518  Information  User logon was successful.
02/02/2025 09:25:21 PM  System  EventID:1073  Information  An unexpected error occurred during startup.
02/08/2025 11:40:46 AM  System  EventID:8542  Error  User logon was successful.
02/06/2025 12:06:51 AM  System  EventID:1619  Error  An unexpected error occurred during startup.
02/05/2025 03:01:32 PM  Security  EventID:9693  Information  User logon was successful.
02/07/2025 07:08:11 PM  Application  EventID:5720  Information  Service failed to start due to a timeout.
02/07/2025 05:34:56 PM  Application  EventID:7828  Error  Service failed to start due to a timeout.
02/02/2025 09:33:22 PM  Security  EventID:4172  Information  User logon was successful.
02/09/2025 01:13:45 PM  Application  EventID:3350  Error  The operation completed successfully.
02/05/2025 06:20:59 PM  Security  EventID:4457  Warning  An unexpected error occurred during startup.
02/06/2025 07:44:39 PM  Application  EventID:8033  Information  Service failed to start due to a timeout.
02/05/2025 04:01:32 PM  Application  EventID:2279  Warning  The configuration file was updated.
02/03/2025 05:54:04 AM  System  EventID:2170  Warning  The operation completed successfully.
02/07/2025 02:40:55 PM  Security  EventID:3789  Information  Service failed to start due to a timeout.
02/03/2025 08:42:35 PM  Application  EventID:2644  Information  Service failed to start due to a timeout.
02/05/2025 02:11:16 PM  Application  EventID:3028  Information  User logon was successful.
02/08/2025 07:29:22 AM  System  EventID:5015  Information  The operation completed successfully.
02/09/2025 03:09:38 PM  System  EventID:6223  Warning  Service failed to start due to a timeout.
02/05/2025 03:37:02 PM  System  EventID:8463  Warning  An unexpected error occurred during startup.
02/09/2025 11:11:50 AM  System  EventID:5522  Information  The configuration file was updated.
02/03/2025 11:50:49 PM  Application  EventID:2215  Information  An unexpected error occurred during startup.
02/08/2025 12:37:19 AM  Security  EventID:2035  Warning  The operation completed successfully.
02/06/2025 05:09:53 AM  System  EventID:8511  Information  The operation completed successfully.
02/06/2025 11:09:10 AM  Application  EventID:7651  Error  User logon was successful.
02/04/2025 06:35:57 AM  Application  EventID:3728  Information  An unexpected error occurred during startup.
02/09/2025 01:29:11 AM  Security  EventID:2115  Information  User logon was successful.
02/07/2025 06:02:43 AM  Application  EventID:9961  Warning  User logon was successful.
02/06/2025 07:35:04 AM  Application  EventID:5032  Warning  Service failed to start due to a timeout.
02/03/2025 03:23:57 AM  Security  EventID:1265  Warning  User logon was successful.
02/07/2025 08:31:39 PM  Security  EventID:8028  Warning  An unexpected error occurred during startup.
02/04/2025 11:40:21 PM  System  EventID:9353  Information  An unexpected error occurred during startup.
02/05/2025 09:00:52 AM  System  EventID:4656  Information  User logon was successful.
02/04/2025 06:15:01 PM  System  EventID:8800  Warning  The operation completed successfully.
02/09/2025 08:27:52 AM  Application  EventID:5617  Information  Service failed to start due to a timeout.
02/05/2025 11:40:14 AM  Application  EventID:7720  Warning  The operation completed successfully.
02/09/2025 09:34:13 AM  Security  EventID:4780  Information  User logon was successful.
02/06/2025 06:06:39 PM  System  EventID:6111  Warning  Service failed to start due to a timeout.
02/08/2025 03:40:20 PM  Security  EventID:1669  Information  Service failed to start due to a timeout.
02/07/2025 08:51:55 AM  System  EventID:9326  Warning  User logon was successful.
02/06/2025 10:04:37 AM  System  EventID:5257  Information  The configuration file was updated.
02/03/2025 12:33:42 PM  Security  EventID:5920  Warning  The operation completed successfully.
02/05/2025 07:53:54 AM  System  EventID:7879  Information  The configuration file was updated.
02/07/2025 08:07:19 PM  Security  EventID:4087  Warning  The operation completed successfully.
02/04/2025 02:21:36 AM  Security  EventID:5834  Warning  User logon was successful.
02/08/2025 05:37:45 AM  Application  EventID:1903  Information  The operation completed successfully.
02/06/2025 10:36:56 AM  Security  EventID:4139  Error  The configuration file was updated.
02/02/2025 09:55:08 PM  Application  EventID:6089  Error  The configuration file was updated.
02/08/2025 08:56:12 AM  System  EventID:1133  Warning  The configuration file was updated.
02/04/2025 08:10:44 PM  Application  EventID:4536  Warning  Service failed to start due to a timeout.
02/03/2025 12:11:00 AM  Application  EventID:7237  Information  The configuration file was updated.
02/08/2025 07:42:56 AM  System  EventID:8925  Error  User logon was successful.
02/05/2025 07:04:59 AM  System  EventID:8197  Information  The configuration file was updated.
02/06/2025 03:44:38 AM  Application  EventID:8037  Information  User logon was successful.
02/04/2025 03:17:16 AM  Security  EventID:7793  Information  Service failed to start due to a timeout.
02/07/2025 05:26:10 AM  Security  EventID:4828  Information  The configuration file was updated.
02/03/2025 07:43:05 AM  Security  EventID:9111  Information  An unexpected error occurred during startup.
02/07/2025 07:41:27 PM  Security  EventID:9504  Error  Service failed to start due to a timeout.
02/05/2025 09:19:51 AM  Application  EventID:2715  Information  The operation completed successfully.
02/03/2025 01:19:14 AM  System  EventID:8336  Error  Service failed to start due to a timeout.
02/08/2025 06:41:32 PM  Security  EventID:5818  Error  The operation completed successfully.
02/06/2025 07:06:17 PM  System  EventID:3797  Warning  The configuration file was updated.
02/09/2025 06:50:38 AM  System  EventID:6092  Error  The operation completed successfully.
02/07/2025 02:39:13 AM  System  EventID:2368  Information  An unexpected error occurred during startup.
02/09/2025 12:21:21 AM  Security  EventID:1342  Information  The operation completed successfully.
02/03/2025 05:18:42 AM  Application  EventID:2328  Information  The operation completed successfully.
02/03/2025 04:02:58 PM  Security  EventID:2263  Information  Service failed to start due to a timeout.
02/08/2025 03:45:08 PM  System  EventID:5064  Warning  The operation completed successfully.
02/07/2025 04:27:16 PM  Application  EventID:1946  Information  Service failed to start due to a timeout.
02/08/2025 06:56:27 PM  System  EventID:5206  Warning  User logon was successful.
02/08/2025 09:26:30 PM  Application  EventID:1503  Error  The operation completed successfully.
02/06/2025 03:01:19 AM  Security  EventID:7273  Information  User logon was successful.
02/09/2025 01:25:54 PM  Security  EventID:1216  Information  The configuration file was updated.
02/05/2025 03:10:58 PM  Security  EventID:5439  Information  Service failed to start due to a timeout.
02/07/2025 12:22:57 PM  Security  EventID:9522  Warning  The operation completed successfully.
02/04/2025 09:00:49 PM  System  EventID:9438  Error  An unexpected error occurred during startup.
02/05/2025 01:42:18 PM  System  EventID:4637  Information  An unexpected error occurred during startup.
02/08/2025 10:06:36 AM  Application  EventID:2289  Error  User logon was successful.
02/04/2025 04:04:11 PM  System  EventID:4837  Error  User logon was successful.
02/05/2025 03:21:45 AM  System  EventID:6524  Warning  The configuration file was updated.
02/06/2025 07:12:48 AM  Application  EventID:1528  Information  The operation completed successfully.
02/07/2025 11:53:09 PM  Application  EventID:5951  Information  Service failed to start due to a timeout.
02/06/2025 08:52:12 AM  Application  EventID:6633  Information  Service failed to start due to a timeout.
02/08/2025 11:39:40 PM  Security  EventID:4270  Error  Service failed to start due to a timeout.
02/09/2025 02:10:13 PM  Application  EventID:5657  Information  User logon was successful.
02/03/2025 01:14:27 AM  System  EventID:6390  Warning  The operation completed successfully.
02/03/2025 04:03:12 PM  Security  EventID:6475  Error  Service failed to start due to a timeout.
02/04/2025 03:20:22 PM  System  EventID:8659  Warning  An unexpected error occurred during startup.
02/04/2025 04:12:45 PM  Security  EventID:6620  Error  Service failed to start due to a timeout.
02/08/2025 03:51:30 PM  System  EventID:4312  Error  An unexpected error occurred during startup.
02/06/2025 09:49:54 PM  System  EventID:6342  Error  The configuration file was updated.
02/03/2025 07:39:55 PM  System  EventID:6772  Information  The configuration file was updated.
02/09/2025 05:45:24 PM  Application  EventID:7669  Information  User logon was successful.
02/04/2025 03:42:23 PM  Application  EventID:6061  Warning  User logon was successful.
02/07/2025 12:53:21 AM  Application  EventID:1118  Warning  User logon was successful.
02/03/2025 03:18:10 PM  System  EventID:8401  Error  Service failed to start due to a timeout.
02/04/2025 10:25:24 PM  System  EventID:5963  Warning  Service failed to start due to a timeout.
02/05/2025 11:55:37 AM  System  EventID:4152  Information  User logon was successful.
02/07/2025 12:34:17 AM  Security  EventID:2366  Error  The operation completed successfully.
02/06/2025 08:34:51 AM  Security  EventID:3979  Error  The operation completed successfully.
02/03/2025 10:43:52 AM  Security  EventID:6190  Information  The operation completed successfully.
02/07/2025 05:13:34 PM  System  EventID:6914  Warning  An unexpected error occurred during startup.
02/05/2025 12:45:13 AM  System  EventID:6346  Information  User logon was successful.
02/07/2025 11:03:48 AM  Security  EventID:2858  Error  The configuration file was updated.
02/08/2025 07:07:36 AM  System  EventID:9283  Error  Service failed to start due to a timeout.
02/08/2025 01:46:38 PM  System  EventID:8736  Error  The configuration file was updated.
02/04/2025 08:49:48 AM  Security  EventID:2577  Information  Service failed to start due to a timeout.
02/06/2025 08:21:14 AM  System  EventID:8824  Error  Service failed to start due to a timeout.
02/09/2025 11:06:38 AM  System  EventID:9659  Error  The configuration file was updated.
02/04/2025 11:13:20 PM  System  EventID:5245  Information  User logon was successful.
02/08/2025 04:35:19 AM  Application  EventID:1551  Information  Service failed to start due to a timeout.
02/08/2025 07:38:58 AM  System  EventID:8975  Warning  An unexpected error occurred during startup.
02/04/2025 09:05:48 AM  System  EventID:5440  Warning  The operation completed successfully.
02/05/2025 01:03:59 PM  System  EventID:6119  Error  User logon was successful.
02/04/2025 12:14:44 AM  Security  EventID:4441  Warning  The configuration file was updated.
02/05/2025 12:49:18 AM  Application  EventID:2463  Information  Service failed to start due to a timeout.
02/04/2025 07:27:57 AM  System  EventID:2194  Error  User logon was successful.
02/07/2025 09:39:51 AM  System  EventID:1995  Information  The configuration file was updated.
02/03/2025 12:12:14 PM  Application  EventID:4653  Warning  Service failed to start due to a timeout.
02/09/2025 02:52:34 PM  System  EventID:7873  Warning  The operation completed successfully.
02/08/2025 05:22:13 AM  Security  EventID:6275  Warning  User logon was successful.
02/04/2025 06:14:55 PM  Application  EventID:9321  Error  Service failed to start due to a timeout.
02/07/2025 02:05:26 AM  Application  EventID:2458  Information  Service failed to start due to a timeout.
02/04/2025 06:53:41 PM  System  EventID:7462  Information  An unexpected error occurred during startup.
02/06/2025 09:59:55 AM  System  EventID:5900  Error  User logon was successful.
02/03/2025 07:06:23 AM  Application  EventID:3619  Error  The operation completed successfully.
02/08/2025 01:14:54 AM  Security  EventID:7131  Warning  Service failed to start due to a timeout.
02/04/2025 09:26:09 AM  System  EventID:8740  Warning  An unexpected error occurred during startup.
02/02/2025 10:15:23 PM  Security  EventID:6662  Warning  An unexpected error occurred during startup.
02/04/2025 04:36:09 AM  Application  EventID:2970  Warning  The operation completed successfully.
02/09/2025 07:42:59 AM  Security  EventID:3402  Information  The operation completed successfully.
02/04/2025 04:58:25 AM  Security  EventID:6857  Error  The configuration file was updated.
02/06/2025 02:04:12 PM  Application  EventID:8425  Error  Service failed to start due to a timeout.
02/08/2025 06:31:04 AM  Security  EventID:9991  Error  The operation completed successfully.
02/06/2025 01:22:12 PM  Security  EventID:5656  Information  An unexpected error occurred during startup.
02/04/2025 01:12:26 PM  Application  EventID:7969  Information  An unexpected error occurred during startup.
02/07/2025 05:20:52 PM  Application  EventID:2652  Warning  An unexpected error occurred during startup.
02/06/2025 02:32:37 AM  System  EventID:9251  Error  User logon was successful.
02/03/2025 05:25:07 PM  Security  EventID:8683  Warning  User logon was successful.
02/06/2025 06:40:03 AM  Security  EventID:8372  Error  An unexpected error occurred during startup.
02/07/2025 04:19:40 AM  System  EventID:8339  Error  User logon was successful.
02/03/2025 10:55:50 AM  System  EventID:3147  Warning  User logon was successful.
02/05/2025 08:16:06 PM  System  EventID:9070  Warning  An unexpected error occurred during startup.
02/06/2025 11:05:59 AM  Application  EventID:3017  Warning  The configuration file was updated.
02/08/2025 10:50:29 PM  Application  EventID:4684  Information  User logon was successful.
02/03/2025 05:03:42 PM  System  EventID:8623  Warning  The operation completed successfully.
02/07/2025 09:51:20 AM  System  EventID:5301  Warning  Service failed to start due to a timeout.
02/08/2025 04:53:42 PM  System  EventID:5536  Information  An unexpected error occurred during startup.
02/05/2025 11:22:39 AM  System  EventID:4730  Error  The configuration file was updated.
02/04/2025 05:20:28 PM  System  EventID:5412  Warning  The configuration file was updated.
02/07/2025 04:38:57 AM  Security  EventID:2449  Information  An unexpected error occurred during startup.
02/05/2025 10:28:06 AM  Application  EventID:7831  Error  Service failed to start due to a timeout.
02/06/2025 10:06:11 AM  Application  EventID:6299  Error  The operation completed successfully.
02/07/2025 05:19:52 AM  System  EventID:1195  Error  An unexpected error occurred during startup.
02/06/2025 10:55:41 PM  Application  EventID:4609  Information  The operation completed successfully.
02/06/2025 07:38:41 PM  System  EventID:6130  Warning  The configuration file was updated.
02/05/2025 05:28:02 PM  Security  EventID:8750  Error  An unexpected error occurred during startup.
02/05/2025 06:47:40 PM  Security  EventID:6309  Warning  An unexpected error occurred during startup.
02/07/2025 07:38:06 AM  Security  EventID:1751  Warning  The configuration file was updated.
02/03/2025 09:22:16 AM  Security  EventID:3418  Information  The configuration file was updated.
02/09/2025 08:50:30 AM  System  EventID:5014  Warning  User logon was successful.
02/08/2025 01:25:42 AM  Application  EventID:6635  Information  The configuration file was updated.
02/08/2025 07:11:12 AM  System  EventID:4541  Warning  The operation completed successfully.
02/03/2025 06:35:12 AM  Application  EventID:2787  Information  The operation completed successfully.
02/05/2025 06:54:47 AM  System  EventID:2995  Information  The operation completed successfully.
02/05/2025 11:38:07 AM  System  EventID:8939  Information  Service failed to start due to a timeout.
02/09/2025 01:14:48 PM  Application  EventID:8069  Information  Service failed to start due to a timeout.
02/07/2025 05:25:25 PM  Application  EventID:6041  Error  User logon was successful.
02/06/2025 02:46:42 PM  Application  EventID:7925  Information  The configuration file was updated.
02/07/2025 03:23:48 AM  Security  EventID:6373  Information  An unexpected error occurred during startup.
02/06/2025 01:21:32 AM  Application  EventID:3653  Information  The configuration file was updated.
02/07/2025 07:11:03 AM  Security  EventID:4397  Warning  User logon was successful.
02/05/2025 02:58:51 PM  System  EventID:7232  Warning  An unexpected error occurred during startup.
02/03/2025 04:25:52 AM  System  EventID:3030  Error  The configuration file was updated.
02/06/2025 09:19:42 PM  Security  EventID:9691  Information  An unexpected error occurred during startup.
02/05/2025 01:50:50 AM  Application  EventID:8719  Error  Service failed to start due to a timeout.
02/05/2025 08:49:49 PM  Application  EventID:1484  Information  Service failed to start due to a timeout.
02/09/2025 03:02:29 AM  Security  EventID:2629  Warning  The configuration file was updated.
02/09/2025 02:50:34 AM  Application  EventID:7568  Warning  User logon was successful.
02/08/2025 03:44:02 AM  Security  EventID:7764  Warning  The operation completed successfully.
02/03/2025 12:02:30 AM  Application  EventID:6701  Information  An unexpected error occurred during startup.
02/04/2025 09:54:07 PM  Security  EventID:7848  Warning  An unexpected error occurred during startup.
02/07/2025 12:05:05 PM  Application  EventID:3649  Information  An unexpected error occurred during startup.
02/07/2025 10:45:19 AM  Application  EventID:6677  Information  Service failed to start due to a timeout.
02/05/2025 02:26:37 AM  Security  EventID:1721  Information  Service failed to start due to a timeout.
02/05/2025 12:25:13 AM  System  EventID:4777  Error  An unexpected error occurred during startup.
02/07/2025 12:17:27 PM  Application  EventID:4965  Warning  User logon was successful.
02/06/2025 05:14:58 AM  Security  EventID:4342  Error  User logon was successful.
02/05/2025 11:23:45 AM  System  EventID:5142  Information  User logon was successful.
02/07/2025 05:40:17 PM  System  EventID:1412  Information  An unexpected error occurred during startup.
02/08/2025 02:47:04 PM  Application  EventID:3287  Error  The operation completed successfully.
02/07/2025 01:32:11 PM  System  EventID:1959  Warning  An unexpected error occurred during startup.
02/03/2025 01:21:20 PM  Security  EventID:2334  Warning  The configuration file was updated.
02/07/2025 04:44:29 AM  System  EventID:2717  Information  An unexpected error occurred during startup.
02/06/2025 03:52:35 PM  Security  EventID:3606  Information  An unexpected error occurred during startup.
02/03/2025 05:29:10 PM  System  EventID:1688  Warning  User logon was successful.
02/05/2025 04:37:29 AM  System  EventID:8169  Error  An unexpected error occurred during startup.
02/04/2025 09:18:40 PM  Security  EventID:5383  Warning  An unexpected error occurred during startup.
02/04/2025 01:17:13 PM  Application  EventID:5531  Information  User logon was successful.
02/03/2025 02:06:30 AM  Application  EventID:3440  Warning  The configuration file was updated.
02/04/2025 02:28:13 PM  System  EventID:8437  Warning  An unexpected error occurred during startup.
02/06/2025 05:19:16 PM  System  EventID:8215  Error  The operation completed successfully.
02/08/2025 06:07:44 AM  Security  EventID:2447  Information  An unexpected error occurred during startup.
02/07/2025 03:00:04 AM  Application  EventID:2466  Warning  The operation completed successfully.
02/03/2025 08:33:25 AM  Application  EventID:5725  Error  The operation completed successfully.
02/08/2025 11:35:04 AM  System  EventID:2122  Error  Service failed to start due to a timeout.
02/08/2025 09:44:03 AM  Application  EventID:3501  Error  User logon was successful.
02/09/2025 02:07:01 AM  System  EventID:6761  Information  User logon was successful.
02/08/2025 02:59:20 AM  Security  EventID:3082  Information  An unexpected error occurred during startup.
02/07/2025 04:43:27 PM  System  EventID:6783  Information  The configuration file was updated.
02/03/2025 08:00:07 PM  Security  EventID:5276  Error  User logon was successful.
02/07/2025 12:42:04 PM  Application  EventID:2537  Error  An unexpected error occurred during startup.
02/04/2025 11:32:39 PM  System  EventID:1808  Error  The operation completed successfully.
02/03/2025 10:01:17 PM  Application  EventID:7035  Information  An unexpected error occurred during startup.
02/04/2025 06:28:15 AM  Security  EventID:5859  Information  Service failed to start due to a timeout.
02/04/2025 12:35:02 PM  Application  EventID:5953  Warning  Service failed to start due to a timeout.
02/08/2025 03:39:22 AM  System  EventID:4925  Warning  Service failed to start due to a timeout.
02/08/2025 09:09:38 AM  Application  EventID:3247  Warning  User logon was successful.
02/08/2025 01:41:50 PM  Application  EventID:7819  Error  The configuration file was updated.
02/04/2025 11:43:41 AM  Application  EventID:7530  Error  Service failed to start due to a timeout.
02/06/2025 09:55:30 PM  System  EventID:2043  Information  An unexpected error occurred during startup.
02/08/2025 02:17:08 AM  Security  EventID:1245  Information  The configuration file was updated.
02/05/2025 10:39:36 PM  System  EventID:4331  Information  The configuration file was updated.
02/04/2025 09:25:40 PM  Application  EventID:4184  Information  An unexpected error occurred during startup.
02/07/2025 03:56:13 AM  Application  EventID:4694  Information  User logon was successful.
02/02/2025 11:35:39 PM  Security  EventID:4354  Warning  An unexpected error occurred during startup.
02/09/2025 04:01:15 PM  Security  EventID:9842  Error  The configuration file was updated.
02/08/2025 11:35:31 PM  Security  EventID:8389  Information  An unexpected error occurred during startup.
02/03/2025 09:02:17 AM  System  EventID:7929  Error  User logon was successful.
02/04/2025 09:42:47 AM  Security  EventID:9633  Warning  The operation completed successfully.
02/09/2025 08:06:10 AM  System  EventID:6747  Error  Service failed to start due to a timeout.
02/05/2025 12:22:59 AM  Security  EventID:8472  Error  Service failed to start due to a timeout.
02/05/2025 12:00:12 PM  System  EventID:6086  Error  An unexpected error occurred during startup.
02/06/2025 01:56:15 AM  Application  EventID:9538  Warning  User logon was successful.
02/09/2025 04:41:26 AM  System  EventID:4048  Warning  User logon was successful.
02/02/2025 09:22:14 PM  System  EventID:8846  Warning  An unexpected error occurred during startup.
02/09/2025 04:45:41 AM  Application  EventID:8049  Warning  Service failed to start due to a timeout.
02/04/2025 11:06:22 AM  System  EventID:9617  Warning  An unexpected error occurred during startup.
02/09/2025 10:02:10 AM  Security  EventID:3186  Information  Service failed to start due to a timeout.
02/07/2025 09:58:36 AM  System  EventID:9287  Information  The operation completed successfully.
02/06/2025 12:09:23 AM  Security  EventID:1390  Information  User logon was successful.
02/03/2025 12:15:08 AM  Application  EventID:4286  Information  The operation completed successfully.
